<?xml version="1.0" encoding="UTF-8"?>
<?xml-stylesheet type="text/xsl" href="ivy-report.xsl"?>
<ivy-report version="1.0">
	<info
		organisation="test"
		module="als-server_2.12"
		revision="0.5.5-SNAPSHOT"
		conf="runtime"
		confs="compile, runtime, test, provided, optional, compile-internal, runtime-internal, test-internal, plugin, sources, docs, pom, scala-tool, scoveragePlugin"
		date="20181214115715"/>
	<dependencies>
		<module organisation="test" name="als-outline_2.12">
			<revision name="0.5.5-SNAPSHOT" status="integration" pubdate="20181214115640" resolver="inter-project" artresolver="inter-project" downloaded="false" searched="false" default="false" conf="compile, default(compile)" position="54">
				<metadata-artifact status="failed" details="" size="0" time="0" searched="false"/>
				<caller organisation="test" name="als-server_2.12" conf="compile, runtime" rev="0.5.5-SNAPSHOT" rev-constraint-default="0.5.5-SNAPSHOT" rev-constraint-dynamic="0.5.5-SNAPSHOT" callerrev="0.5.5-SNAPSHOT"/>
				<artifacts>
				</artifacts>
			</revision>
		</module>
		<module organisation="test" name="als-suggestions_2.12">
			<revision name="0.5.5-SNAPSHOT" status="integration" pubdate="20181214115253" resolver="inter-project" artresolver="inter-project" downloaded="false" searched="false" default="false" conf="compile, default(compile)" position="1">
				<metadata-artifact status="failed" details="" size="0" time="0" searched="false"/>
				<caller organisation="test" name="als-server_2.12" conf="compile, runtime" rev="0.5.5-SNAPSHOT" rev-constraint-default="0.5.5-SNAPSHOT" rev-constraint-dynamic="0.5.5-SNAPSHOT" callerrev="0.5.5-SNAPSHOT"/>
				<artifacts>
				</artifacts>
			</revision>
		</module>
		<module organisation="test" name="als-hl_2.12">
			<revision name="0.5.5-SNAPSHOT" status="integration" pubdate="20181214114942" resolver="inter-project" artresolver="inter-project" downloaded="false" searched="false" default="false" conf="compile, default(compile)" position="2">
				<metadata-artifact status="failed" details="" size="0" time="0" searched="false"/>
				<caller organisation="test" name="als-outline_2.12" conf="compile" rev="0.5.5-SNAPSHOT" rev-constraint-default="0.5.5-SNAPSHOT" rev-constraint-dynamic="0.5.5-SNAPSHOT" callerrev="0.5.5-SNAPSHOT"/>
				<caller organisation="test" name="als-suggestions_2.12" conf="compile" rev="0.5.5-SNAPSHOT" rev-constraint-default="0.5.5-SNAPSHOT" rev-constraint-dynamic="0.5.5-SNAPSHOT" callerrev="0.5.5-SNAPSHOT"/>
				<artifacts>
				</artifacts>
			</revision>
		</module>
		<module organisation="com.chuusai" name="shapeless_2.12">
			<revision name="2.3.3" status="release" pubdate="20171231115153" resolver="sbt-chain" artresolver="sbt-chain" homepage="https://github.com/milessabin/shapeless" downloaded="false" searched="false" default="false" conf="default, compile, runtime, default(compile), master" position="52">
				<license name="Apache 2" url="http://www.apache.org/licenses/LICENSE-2.0.txt"/>
				<metadata-artifact status="no" details="" size="3230" time="0" location="/Users/hnajles/.ivy2/cache/com.chuusai/shapeless_2.12/ivy-2.3.3.xml" searched="false" origin-is-local="false" origin-location="https://repo1.maven.org/maven2/com/chuusai/shapeless_2.12/2.3.3/shapeless_2.12-2.3.3.pom"/>
				<caller organisation="test" name="als-hl_2.12" conf="compile" rev="2.3.3" rev-constraint-default="2.3.3" rev-constraint-dynamic="2.3.3" callerrev="0.5.5-SNAPSHOT"/>
				<caller organisation="test" name="als-outline_2.12" conf="compile" rev="2.3.3" rev-constraint-default="2.3.3" rev-constraint-dynamic="2.3.3" callerrev="0.5.5-SNAPSHOT"/>
				<caller organisation="test" name="als-suggestions_2.12" conf="compile" rev="2.3.3" rev-constraint-default="2.3.3" rev-constraint-dynamic="2.3.3" callerrev="0.5.5-SNAPSHOT"/>
				<caller organisation="test" name="als-server_2.12" conf="compile, runtime" rev="2.3.3" rev-constraint-default="2.3.3" rev-constraint-dynamic="2.3.3" callerrev="0.5.5-SNAPSHOT"/>
				<artifacts>
					<artifact name="shapeless_2.12" type="bundle" ext="jar" status="no" details="" size="3243337" time="0" location="/Users/hnajles/.ivy2/cache/com.chuusai/shapeless_2.12/bundles/shapeless_2.12-2.3.3.jar">
						<origin-location is-local="false" location="https://repo1.maven.org/maven2/com/chuusai/shapeless_2.12/2.3.3/shapeless_2.12-2.3.3.jar"/>
					</artifact>
				</artifacts>
			</revision>
		</module>
		<module organisation="org.typelevel" name="macro-compat_2.12">
			<revision name="1.1.1" status="release" pubdate="20161102054258" resolver="sbt-chain" artresolver="sbt-chain" homepage="https://github.com/milessabin/macro-compat" downloaded="false" searched="false" default="false" conf="compile, runtime(*), master(compile), runtime, compile(*), master" position="53">
				<license name="Apache 2" url="http://www.apache.org/licenses/LICENSE-2.0.txt"/>
				<metadata-artifact status="no" details="" size="2964" time="0" location="/Users/hnajles/.ivy2/cache/org.typelevel/macro-compat_2.12/ivy-1.1.1.xml" searched="false" origin-is-local="false" origin-location="https://repo1.maven.org/maven2/org/typelevel/macro-compat_2.12/1.1.1/macro-compat_2.12-1.1.1.pom"/>
				<caller organisation="com.chuusai" name="shapeless_2.12" conf="default, compile, runtime, master" rev="1.1.1" rev-constraint-default="1.1.1" rev-constraint-dynamic="1.1.1" callerrev="2.3.3"/>
				<artifacts>
					<artifact name="macro-compat_2.12" type="jar" ext="jar" status="no" details="" size="3180" time="0" location="/Users/hnajles/.ivy2/cache/org.typelevel/macro-compat_2.12/jars/macro-compat_2.12-1.1.1.jar">
						<origin-location is-local="false" location="https://repo1.maven.org/maven2/org/typelevel/macro-compat_2.12/1.1.1/macro-compat_2.12-1.1.1.jar"/>
					</artifact>
				</artifacts>
			</revision>
		</module>
		<module organisation="com.github.amlorg" name="amf-client_2.12">
			<revision name="3.2.0-SNAPSHOT" status="integration" pubdate="20181214113656" resolver="sbt-chain" artresolver="sbt-chain" homepage="" downloaded="false" searched="true" default="false" conf="default, compile, runtime, default(compile), master" position="25">
				<metadata-artifact status="no" details="" size="4385" time="0" location="/Users/hnajles/.ivy2/cache/com.github.amlorg/amf-client_2.12/ivy-3.2.0-SNAPSHOT.xml" searched="true" origin-is-local="false" origin-location="https://repository-master.mulesoft.org/nexus/content/repositories/snapshots/com/github/amlorg/amf-client_2.12/3.2.0-SNAPSHOT/amf-client_2.12-3.2.0-SNAPSHOT.pom"/>
				<caller organisation="test" name="als-hl_2.12" conf="compile" rev="3.2.0-SNAPSHOT" rev-constraint-default="3.2.0-SNAPSHOT" rev-constraint-dynamic="3.2.0-SNAPSHOT" callerrev="0.5.5-SNAPSHOT"/>
				<caller organisation="test" name="als-outline_2.12" conf="compile" rev="3.2.0-SNAPSHOT" rev-constraint-default="3.2.0-SNAPSHOT" rev-constraint-dynamic="3.2.0-SNAPSHOT" callerrev="0.5.5-SNAPSHOT"/>
				<caller organisation="test" name="als-suggestions_2.12" conf="compile" rev="3.2.0-SNAPSHOT" rev-constraint-default="3.2.0-SNAPSHOT" rev-constraint-dynamic="3.2.0-SNAPSHOT" callerrev="0.5.5-SNAPSHOT"/>
				<caller organisation="test" name="als-server_2.12" conf="compile, runtime" rev="3.2.0-SNAPSHOT" rev-constraint-default="3.2.0-SNAPSHOT" rev-constraint-dynamic="3.2.0-SNAPSHOT" callerrev="0.5.5-SNAPSHOT"/>
				<artifacts>
					<artifact name="amf-client_2.12" type="jar" ext="jar" status="no" details="" size="115948" time="0" location="/Users/hnajles/.ivy2/cache/com.github.amlorg/amf-client_2.12/jars/amf-client_2.12-3.2.0-SNAPSHOT.jar">
						<origin-location is-local="false" location="https://repository-master.mulesoft.org/nexus/content/repositories/snapshots/com/github/amlorg/amf-client_2.12/3.2.0-SNAPSHOT/amf-client_2.12-3.2.0-SNAPSHOT.jar"/>
					</artifact>
				</artifacts>
			</revision>
		</module>
		<module organisation="com.github.amlorg" name="amf-validation_2.12">
			<revision name="3.2.0-SNAPSHOT" status="integration" pubdate="20181214113649" resolver="sbt-chain" artresolver="sbt-chain" homepage="" downloaded="false" searched="true" default="false" conf="compile, runtime(*), master(compile), runtime, compile(*), master" position="27">
				<metadata-artifact status="no" details="" size="4214" time="0" location="/Users/hnajles/.ivy2/cache/com.github.amlorg/amf-validation_2.12/ivy-3.2.0-SNAPSHOT.xml" searched="true" origin-is-local="false" origin-location="https://repository-master.mulesoft.org/nexus/content/repositories/snapshots/com/github/amlorg/amf-validation_2.12/3.2.0-SNAPSHOT/amf-validation_2.12-3.2.0-SNAPSHOT.pom"/>
				<caller organisation="com.github.amlorg" name="amf-client_2.12" conf="default, compile, runtime, master" rev="3.2.0-SNAPSHOT" rev-constraint-default="3.2.0-SNAPSHOT" rev-constraint-dynamic="3.2.0-SNAPSHOT" callerrev="3.2.0-SNAPSHOT"/>
				<artifacts>
					<artifact name="amf-validation_2.12" type="jar" ext="jar" status="no" details="" size="170182" time="0" location="/Users/hnajles/.ivy2/cache/com.github.amlorg/amf-validation_2.12/jars/amf-validation_2.12-3.2.0-SNAPSHOT.jar">
						<origin-location is-local="false" location="https://repository-master.mulesoft.org/nexus/content/repositories/snapshots/com/github/amlorg/amf-validation_2.12/3.2.0-SNAPSHOT/amf-validation_2.12-3.2.0-SNAPSHOT.jar"/>
					</artifact>
				</artifacts>
			</revision>
		</module>
		<module organisation="com.fasterxml.jackson.core" name="jackson-databind">
			<revision name="2.9.7" status="release" pubdate="20180918234946" resolver="sbt-chain" artresolver="sbt-chain" homepage="http://github.com/FasterXML/jackson" downloaded="false" searched="false" default="false" conf="compile, runtime(*), master(compile), runtime, compile(*), master" position="46">
				<license name="The Apache Software License, Version 2.0" url="http://www.apache.org/licenses/LICENSE-2.0.txt"/>
				<metadata-artifact status="no" details="" size="23250" time="0" location="/Users/hnajles/.ivy2/cache/com.fasterxml.jackson.core/jackson-databind/ivy-2.9.7.xml" searched="false" origin-is-local="false" origin-location="https://repo1.maven.org/maven2/com/fasterxml/jackson/core/jackson-databind/2.9.7/jackson-databind-2.9.7.pom"/>
				<caller organisation="com.github.amlorg" name="amf-client_2.12" conf="default, compile, runtime, master" rev="2.9.7" rev-constraint-default="2.9.7" rev-constraint-dynamic="2.9.7" callerrev="3.2.0-SNAPSHOT"/>
				<caller organisation="com.github.amlorg" name="amf-validation_2.12" conf="compile, runtime" rev="2.9.7" rev-constraint-default="2.9.7" rev-constraint-dynamic="2.9.7" callerrev="3.2.0-SNAPSHOT"/>
				<caller organisation="com.github.jsonld-java" name="jsonld-java" conf="compile, runtime" rev="2.9.5" rev-constraint-default="2.9.5" rev-constraint-dynamic="2.9.5" callerrev="0.12.0"/>
				<artifacts>
					<artifact name="jackson-databind" type="bundle" ext="jar" status="no" details="" size="1350857" time="0" location="/Users/hnajles/.ivy2/cache/com.fasterxml.jackson.core/jackson-databind/bundles/jackson-databind-2.9.7.jar">
						<origin-location is-local="false" location="https://repo1.maven.org/maven2/com/fasterxml/jackson/core/jackson-databind/2.9.7/jackson-databind-2.9.7.jar"/>
					</artifact>
				</artifacts>
			</revision>
			<revision name="2.9.5" evicted="latest-revision" evicted-reason="" downloaded="false" searched="false" conf="compile, runtime(*), master(compile), runtime, compile(*), master" position="-1">
				<evicted-by rev="2.9.7"/>
				<caller organisation="com.github.amlorg" name="amf-client_2.12" conf="default, compile, runtime, master" rev="2.9.7" rev-constraint-default="2.9.7" rev-constraint-dynamic="2.9.7" callerrev="3.2.0-SNAPSHOT"/>
				<caller organisation="com.github.amlorg" name="amf-validation_2.12" conf="compile, runtime" rev="2.9.7" rev-constraint-default="2.9.7" rev-constraint-dynamic="2.9.7" callerrev="3.2.0-SNAPSHOT"/>
				<caller organisation="com.github.jsonld-java" name="jsonld-java" conf="compile, runtime" rev="2.9.5" rev-constraint-default="2.9.5" rev-constraint-dynamic="2.9.5" callerrev="0.12.0"/>
				<artifacts>
				</artifacts>
			</revision>
		</module>
		<module organisation="com.fasterxml.jackson.core" name="jackson-core">
			<revision name="2.9.7" status="release" pubdate="20180918234229" resolver="sbt-chain" artresolver="sbt-chain" evicted="latest-revision" evicted-reason="" homepage="https://github.com/FasterXML/jackson-core" downloaded="false" searched="false" default="false" conf="compile, runtime(*), master(compile), runtime, compile(*), master" position="-1">
				<license name="The Apache Software License, Version 2.0" url="http://www.apache.org/licenses/LICENSE-2.0.txt"/>
				<metadata-artifact status="no" details="" size="22538" time="0" location="/Users/hnajles/.ivy2/cache/com.fasterxml.jackson.core/jackson-core/ivy-2.9.7.xml" searched="false" origin-is-local="false" origin-location="https://repo1.maven.org/maven2/com/fasterxml/jackson/core/jackson-core/2.9.7/jackson-core-2.9.7.pom"/>
				<evicted-by rev="2.9.5"/>
				<caller organisation="com.fasterxml.jackson.core" name="jackson-databind" conf="compile, runtime" rev="2.9.7" rev-constraint-default="2.9.7" rev-constraint-dynamic="2.9.7" callerrev="2.9.7"/>
				<artifacts>
				</artifacts>
			</revision>
			<revision name="2.9.5" status="release" pubdate="20180326120520" resolver="sbt-chain" artresolver="sbt-chain" homepage="https://github.com/FasterXML/jackson-core" downloaded="false" searched="false" default="false" conf="compile, runtime(*), master(compile), runtime, compile(*), master" position="45">
				<license name="The Apache Software License, Version 2.0" url="http://www.apache.org/licenses/LICENSE-2.0.txt"/>
				<metadata-artifact status="no" details="" size="21933" time="0" location="/Users/hnajles/.ivy2/cache/com.fasterxml.jackson.core/jackson-core/ivy-2.9.5.xml" searched="false" origin-is-local="false" origin-location="https://repo1.maven.org/maven2/com/fasterxml/jackson/core/jackson-core/2.9.5/jackson-core-2.9.5.pom"/>
				<caller organisation="com.fasterxml.jackson.core" name="jackson-databind" conf="compile, runtime" rev="2.9.7" rev-constraint-default="2.9.7" rev-constraint-dynamic="2.9.7" callerrev="2.9.7"/>
				<caller organisation="com.github.jsonld-java" name="jsonld-java" conf="compile, runtime" rev="2.9.5" rev-constraint-default="2.9.5" rev-constraint-dynamic="2.9.5" callerrev="0.12.0"/>
				<artifacts>
					<artifact name="jackson-core" type="bundle" ext="jar" status="no" details="" size="321590" time="0" location="/Users/hnajles/.ivy2/cache/com.fasterxml.jackson.core/jackson-core/bundles/jackson-core-2.9.5.jar">
						<origin-location is-local="false" location="https://repo1.maven.org/maven2/com/fasterxml/jackson/core/jackson-core/2.9.5/jackson-core-2.9.5.jar"/>
					</artifact>
				</artifacts>
			</revision>
		</module>
		<module organisation="com.fasterxml.jackson.core" name="jackson-annotations">
			<revision name="2.9.0" status="release" pubdate="20170730005340" resolver="sbt-chain" artresolver="sbt-chain" homepage="http://github.com/FasterXML/jackson" downloaded="false" searched="false" default="false" conf="compile, runtime(*), master(compile), runtime, compile(*), master" position="47">
				<license name="The Apache Software License, Version 2.0" url="http://www.apache.org/licenses/LICENSE-2.0.txt"/>
				<metadata-artifact status="no" details="" size="6969" time="0" location="/Users/hnajles/.ivy2/cache/com.fasterxml.jackson.core/jackson-annotations/ivy-2.9.0.xml" searched="false" origin-is-local="false" origin-location="https://repo1.maven.org/maven2/com/fasterxml/jackson/core/jackson-annotations/2.9.0/jackson-annotations-2.9.0.pom"/>
				<caller organisation="com.fasterxml.jackson.core" name="jackson-databind" conf="compile, runtime" rev="2.9.0" rev-constraint-default="2.9.0" rev-constraint-dynamic="2.9.0" callerrev="2.9.7"/>
				<artifacts>
					<artifact name="jackson-annotations" type="bundle" ext="jar" status="no" details="" size="66519" time="0" location="/Users/hnajles/.ivy2/cache/com.fasterxml.jackson.core/jackson-annotations/bundles/jackson-annotations-2.9.0.jar">
						<origin-location is-local="false" location="https://repo1.maven.org/maven2/com/fasterxml/jackson/core/jackson-annotations/2.9.0/jackson-annotations-2.9.0.jar"/>
					</artifact>
				</artifacts>
			</revision>
		</module>
		<module organisation="org.apache.commons" name="commons-compress">
			<revision name="1.18" status="release" pubdate="20180813042452" resolver="sbt-chain" artresolver="sbt-chain" homepage="https://commons.apache.org/proper/commons-compress/" downloaded="false" searched="false" default="false" conf="compile, runtime(*), master(compile), runtime, compile(*), master" position="40">
				<license name="Apache License, Version 2.0" url="https://www.apache.org/licenses/LICENSE-2.0.txt"/>
				<metadata-artifact status="no" details="" size="16134" time="0" location="/Users/hnajles/.ivy2/cache/org.apache.commons/commons-compress/ivy-1.18.xml" searched="false" origin-is-local="false" origin-location="https://repo1.maven.org/maven2/org/apache/commons/commons-compress/1.18/commons-compress-1.18.pom"/>
				<caller organisation="org.apache.jena" name="jena-base" conf="compile, runtime" rev="1.17" rev-constraint-default="1.17" rev-constraint-dynamic="1.17" callerrev="3.8.0"/>
				<caller organisation="com.github.amlorg" name="amf-client_2.12" conf="default, compile, runtime, master" rev="1.18" rev-constraint-default="1.18" rev-constraint-dynamic="1.18" callerrev="3.2.0-SNAPSHOT"/>
				<caller organisation="com.github.amlorg" name="amf-validation_2.12" conf="compile, runtime" rev="1.18" rev-constraint-default="1.18" rev-constraint-dynamic="1.18" callerrev="3.2.0-SNAPSHOT"/>
				<artifacts>
					<artifact name="commons-compress" type="jar" ext="jar" status="no" details="" size="591748" time="0" location="/Users/hnajles/.ivy2/cache/org.apache.commons/commons-compress/jars/commons-compress-1.18.jar">
						<origin-location is-local="false" location="https://repo1.maven.org/maven2/org/apache/commons/commons-compress/1.18/commons-compress-1.18.jar"/>
					</artifact>
				</artifacts>
			</revision>
			<revision name="1.17" evicted="latest-revision" evicted-reason="" downloaded="false" searched="false" conf="compile, runtime(*), master(compile), runtime, compile(*), master" position="-1">
				<evicted-by rev="1.18"/>
				<caller organisation="org.apache.jena" name="jena-base" conf="compile, runtime" rev="1.17" rev-constraint-default="1.17" rev-constraint-dynamic="1.17" callerrev="3.8.0"/>
				<caller organisation="com.github.amlorg" name="amf-client_2.12" conf="default, compile, runtime, master" rev="1.18" rev-constraint-default="1.18" rev-constraint-dynamic="1.18" callerrev="3.2.0-SNAPSHOT"/>
				<caller organisation="com.github.amlorg" name="amf-validation_2.12" conf="compile, runtime" rev="1.18" rev-constraint-default="1.18" rev-constraint-dynamic="1.18" callerrev="3.2.0-SNAPSHOT"/>
				<artifacts>
				</artifacts>
			</revision>
		</module>
		<module organisation="org.slf4j" name="slf4j-simple">
			<revision name="1.7.12" status="release" pubdate="20150326175021" resolver="sbt-chain" artresolver="sbt-chain" homepage="http://www.slf4j.org" downloaded="false" searched="false" default="false" conf="compile, runtime(*), master(compile), runtime, compile(*), master" position="51">
				<license name="MIT License" url="http://www.opensource.org/licenses/mit-license.php"/>
				<metadata-artifact status="no" details="" size="4783" time="0" location="/Users/hnajles/.ivy2/cache/org.slf4j/slf4j-simple/ivy-1.7.12.xml" searched="false" origin-is-local="false" origin-location="https://repo1.maven.org/maven2/org/slf4j/slf4j-simple/1.7.12/slf4j-simple-1.7.12.pom"/>
				<caller organisation="com.github.amlorg" name="amf-validation_2.12" conf="compile, runtime" rev="1.7.12" rev-constraint-default="1.7.12" rev-constraint-dynamic="1.7.12" callerrev="3.2.0-SNAPSHOT"/>
				<artifacts>
					<artifact name="slf4j-simple" type="jar" ext="jar" status="no" details="" size="10712" time="0" location="/Users/hnajles/.ivy2/cache/org.slf4j/slf4j-simple/jars/slf4j-simple-1.7.12.jar">
						<origin-location is-local="false" location="https://repo1.maven.org/maven2/org/slf4j/slf4j-simple/1.7.12/slf4j-simple-1.7.12.jar"/>
					</artifact>
				</artifacts>
			</revision>
		</module>
		<module organisation="org.topbraid" name="shacl">
			<revision name="1.2.0-INTERNAL" status="release" pubdate="20180718095054" resolver="sbt-chain" artresolver="sbt-chain" homepage="http://topbraid.org/shacl/api" downloaded="false" searched="false" default="false" conf="compile, runtime(*), master(compile), runtime, compile(*), master" position="28">
				<license name="Apache License v2.0" url="http://www.apache.org/licenses/LICENSE-2.0.txt"/>
				<metadata-artifact status="no" details="" size="3759" time="0" location="/Users/hnajles/.ivy2/cache/org.topbraid/shacl/ivy-1.2.0-INTERNAL.xml" searched="false" origin-is-local="false" origin-location="https://repository-master.mulesoft.org/nexus/content/repositories/releases/org/topbraid/shacl/1.2.0-INTERNAL/shacl-1.2.0-INTERNAL.pom"/>
				<caller organisation="com.github.amlorg" name="amf-client_2.12" conf="default, compile, runtime, master" rev="1.2.0-INTERNAL" rev-constraint-default="1.2.0-INTERNAL" rev-constraint-dynamic="1.2.0-INTERNAL" callerrev="3.2.0-SNAPSHOT"/>
				<caller organisation="com.github.amlorg" name="amf-validation_2.12" conf="compile, runtime" rev="1.2.0-INTERNAL" rev-constraint-default="1.2.0-INTERNAL" rev-constraint-dynamic="1.2.0-INTERNAL" callerrev="3.2.0-SNAPSHOT"/>
				<artifacts>
					<artifact name="shacl" type="jar" ext="jar" status="no" details="" size="410283" time="0" location="/Users/hnajles/.ivy2/cache/org.topbraid/shacl/jars/shacl-1.2.0-INTERNAL.jar">
						<origin-location is-local="false" location="https://repository-master.mulesoft.org/nexus/content/repositories/releases/org/topbraid/shacl/1.2.0-INTERNAL/shacl-1.2.0-INTERNAL.jar"/>
					</artifact>
				</artifacts>
			</revision>
		</module>
		<module organisation="org.apache.jena" name="jena-arq">
			<revision name="3.8.0" status="release" pubdate="20180625080410" resolver="sbt-chain" artresolver="sbt-chain" homepage="" downloaded="false" searched="false" default="false" conf="compile, runtime(*), master(compile), runtime, compile(*), master" position="29">
				<license name="The Apache Software License, Version 2.0" url="http://www.apache.org/licenses/LICENSE-2.0.txt"/>
				<metadata-artifact status="no" details="" size="17326" time="0" location="/Users/hnajles/.ivy2/cache/org.apache.jena/jena-arq/ivy-3.8.0.xml" searched="false" origin-is-local="false" origin-location="https://repo1.maven.org/maven2/org/apache/jena/jena-arq/3.8.0/jena-arq-3.8.0.pom"/>
				<caller organisation="org.topbraid" name="shacl" conf="compile, runtime" rev="3.8.0" rev-constraint-default="3.8.0" rev-constraint-dynamic="3.8.0" callerrev="1.2.0-INTERNAL"/>
				<artifacts>
					<artifact name="jena-arq" type="jar" ext="jar" status="no" details="" size="3007486" time="0" location="/Users/hnajles/.ivy2/cache/org.apache.jena/jena-arq/jars/jena-arq-3.8.0.jar">
						<origin-location is-local="false" location="https://repo1.maven.org/maven2/org/apache/jena/jena-arq/3.8.0/jena-arq-3.8.0.jar"/>
					</artifact>
				</artifacts>
			</revision>
		</module>
		<module organisation="org.apache.thrift" name="libthrift">
			<revision name="0.10.0" status="release" pubdate="20170201130737" resolver="sbt-chain" artresolver="sbt-chain" homepage="http://thrift.apache.org" downloaded="false" searched="false" default="false" conf="compile, runtime(*), master(compile), runtime, compile(*), master" position="49">
				<license name="The Apache Software License, Version 2.0" url="http://www.apache.org/licenses/LICENSE-2.0.txt"/>
				<metadata-artifact status="no" details="" size="3182" time="0" location="/Users/hnajles/.ivy2/cache/org.apache.thrift/libthrift/ivy-0.10.0.xml" searched="false" origin-is-local="false" origin-location="https://repo1.maven.org/maven2/org/apache/thrift/libthrift/0.10.0/libthrift-0.10.0.pom"/>
				<caller organisation="org.apache.jena" name="jena-arq" conf="compile, runtime" rev="0.10.0" rev-constraint-default="0.10.0" rev-constraint-dynamic="0.10.0" callerrev="3.8.0"/>
				<artifacts>
					<artifact name="libthrift" type="jar" ext="jar" status="no" details="" size="236865" time="0" location="/Users/hnajles/.ivy2/cache/org.apache.thrift/libthrift/jars/libthrift-0.10.0.jar">
						<origin-location is-local="false" location="https://repo1.maven.org/maven2/org/apache/thrift/libthrift/0.10.0/libthrift-0.10.0.jar"/>
					</artifact>
				</artifacts>
			</revision>
		</module>
		<module organisation="org.apache.httpcomponents" name="httpclient-cache">
			<revision name="4.5.5" status="release" pubdate="20180118085529" resolver="sbt-chain" artresolver="sbt-chain" homepage="http://hc.apache.org/httpcomponents-client" downloaded="false" searched="false" default="false" conf="compile, runtime(*), master(compile), runtime, compile(*), master" position="48">
				<license name="Apache License, Version 2.0" url="http://www.apache.org/licenses/LICENSE-2.0.txt"/>
				<metadata-artifact status="no" details="" size="11596" time="0" location="/Users/hnajles/.ivy2/cache/org.apache.httpcomponents/httpclient-cache/ivy-4.5.5.xml" searched="false" origin-is-local="false" origin-location="https://repo1.maven.org/maven2/org/apache/httpcomponents/httpclient-cache/4.5.5/httpclient-cache-4.5.5.pom"/>
				<caller organisation="org.apache.jena" name="jena-arq" conf="compile, runtime" rev="4.5.5" rev-constraint-default="4.5.5" rev-constraint-dynamic="4.5.5" callerrev="3.8.0"/>
				<artifacts>
					<artifact name="httpclient-cache" type="jar" ext="jar" status="no" details="" size="161550" time="0" location="/Users/hnajles/.ivy2/cache/org.apache.httpcomponents/httpclient-cache/jars/httpclient-cache-4.5.5.jar">
						<origin-location is-local="false" location="https://repo1.maven.org/maven2/org/apache/httpcomponents/httpclient-cache/4.5.5/httpclient-cache-4.5.5.jar"/>
					</artifact>
				</artifacts>
			</revision>
		</module>
		<module organisation="com.github.jsonld-java" name="jsonld-java">
			<revision name="0.12.0" status="release" pubdate="20180408014346" resolver="sbt-chain" artresolver="sbt-chain" homepage="" downloaded="false" searched="false" default="false" conf="compile, runtime(*), master(compile), runtime, compile(*), master" position="44">
				<license name="Revised BSD License" url="https://raw.github.com/jsonld-java/jsonld-java/master/LICENCE"/>
				<metadata-artifact status="no" details="" size="18898" time="0" location="/Users/hnajles/.ivy2/cache/com.github.jsonld-java/jsonld-java/ivy-0.12.0.xml" searched="false" origin-is-local="false" origin-location="https://repo1.maven.org/maven2/com/github/jsonld-java/jsonld-java/0.12.0/jsonld-java-0.12.0.pom"/>
				<caller organisation="org.apache.jena" name="jena-arq" conf="compile, runtime" rev="0.12.0" rev-constraint-default="0.12.0" rev-constraint-dynamic="0.12.0" callerrev="3.8.0"/>
				<artifacts>
					<artifact name="jsonld-java" type="bundle" ext="jar" status="no" details="" size="1653444" time="0" location="/Users/hnajles/.ivy2/cache/com.github.jsonld-java/jsonld-java/bundles/jsonld-java-0.12.0.jar">
						<origin-location is-local="false" location="https://repo1.maven.org/maven2/com/github/jsonld-java/jsonld-java/0.12.0/jsonld-java-0.12.0.jar"/>
					</artifact>
				</artifacts>
			</revision>
		</module>
		<module organisation="org.slf4j" name="jcl-over-slf4j">
			<revision name="1.7.25" status="release" pubdate="20170316133729" resolver="sbt-chain" artresolver="sbt-chain" homepage="http://www.slf4j.org" downloaded="false" searched="false" default="false" conf="compile, runtime(*), master(compile), runtime, compile(*), master" position="50">
				<license name="MIT License" url="http://www.opensource.org/licenses/mit-license.php"/>
				<metadata-artifact status="no" details="" size="5273" time="0" location="/Users/hnajles/.ivy2/cache/org.slf4j/jcl-over-slf4j/ivy-1.7.25.xml" searched="false" origin-is-local="false" origin-location="https://repo1.maven.org/maven2/org/slf4j/jcl-over-slf4j/1.7.25/jcl-over-slf4j-1.7.25.pom"/>
				<caller organisation="org.apache.jena" name="jena-arq" conf="compile, runtime" rev="1.7.25" rev-constraint-default="1.7.25" rev-constraint-dynamic="1.7.25" callerrev="3.8.0"/>
				<caller organisation="com.github.jsonld-java" name="jsonld-java" conf="compile, runtime" rev="1.7.25" rev-constraint-default="1.7.25" rev-constraint-dynamic="1.7.25" callerrev="0.12.0"/>
				<artifacts>
					<artifact name="jcl-over-slf4j" type="jar" ext="jar" status="no" details="" size="16515" time="0" location="/Users/hnajles/.ivy2/cache/org.slf4j/jcl-over-slf4j/jars/jcl-over-slf4j-1.7.25.jar">
						<origin-location is-local="false" location="https://repo1.maven.org/maven2/org/slf4j/jcl-over-slf4j/1.7.25/jcl-over-slf4j-1.7.25.jar"/>
					</artifact>
				</artifacts>
			</revision>
		</module>
		<module organisation="org.apache.httpcomponents" name="httpclient">
			<revision name="4.5.5" status="release" pubdate="20180118085409" resolver="sbt-chain" artresolver="sbt-chain" homepage="http://hc.apache.org/httpcomponents-client" downloaded="false" searched="false" default="false" conf="compile, runtime(*), master(compile), runtime, compile(*), master" position="42">
				<license name="Apache License, Version 2.0" url="http://www.apache.org/licenses/LICENSE-2.0.txt"/>
				<metadata-artifact status="no" details="" size="10932" time="0" location="/Users/hnajles/.ivy2/cache/org.apache.httpcomponents/httpclient/ivy-4.5.5.xml" searched="false" origin-is-local="false" origin-location="https://repo1.maven.org/maven2/org/apache/httpcomponents/httpclient/4.5.5/httpclient-4.5.5.pom"/>
				<caller organisation="org.apache.thrift" name="libthrift" conf="compile, runtime" rev="4.4.1" rev-constraint-default="4.4.1" rev-constraint-dynamic="4.4.1" callerrev="0.10.0"/>
				<caller organisation="org.apache.httpcomponents" name="httpclient-cache" conf="compile, runtime" rev="4.5.5" rev-constraint-default="4.5.5" rev-constraint-dynamic="4.5.5" callerrev="4.5.5"/>
				<caller organisation="org.apache.jena" name="jena-arq" conf="compile, runtime" rev="4.5.5" rev-constraint-default="4.5.5" rev-constraint-dynamic="4.5.5" callerrev="3.8.0"/>
				<artifacts>
					<artifact name="httpclient" type="jar" ext="jar" status="no" details="" size="766123" time="0" location="/Users/hnajles/.ivy2/cache/org.apache.httpcomponents/httpclient/jars/httpclient-4.5.5.jar">
						<origin-location is-local="false" location="https://repo1.maven.org/maven2/org/apache/httpcomponents/httpclient/4.5.5/httpclient-4.5.5.jar"/>
					</artifact>
				</artifacts>
			</revision>
			<revision name="4.4.1" evicted="latest-revision" evicted-reason="" downloaded="false" searched="false" conf="compile, runtime(*), master(compile), runtime, compile(*), master" position="-1">
				<evicted-by rev="4.5.5"/>
				<caller organisation="org.apache.thrift" name="libthrift" conf="compile, runtime" rev="4.4.1" rev-constraint-default="4.4.1" rev-constraint-dynamic="4.4.1" callerrev="0.10.0"/>
				<artifacts>
				</artifacts>
			</revision>
		</module>
		<module organisation="org.apache.httpcomponents" name="httpcore">
			<revision name="4.4.9" status="release" pubdate="20180112004227" resolver="sbt-chain" artresolver="sbt-chain" homepage="http://hc.apache.org/httpcomponents-core-ga" downloaded="false" searched="false" default="false" conf="compile, runtime(*), master(compile), runtime, compile(*), master" position="43">
				<license name="Apache License, Version 2.0" url="http://www.apache.org/licenses/LICENSE-2.0.txt"/>
				<metadata-artifact status="no" details="" size="9276" time="0" location="/Users/hnajles/.ivy2/cache/org.apache.httpcomponents/httpcore/ivy-4.4.9.xml" searched="false" origin-is-local="false" origin-location="https://repo1.maven.org/maven2/org/apache/httpcomponents/httpcore/4.4.9/httpcore-4.4.9.pom"/>
				<caller organisation="org.apache.httpcomponents" name="httpclient" conf="compile, runtime" rev="4.4.9" rev-constraint-default="4.4.9" rev-constraint-dynamic="4.4.9" callerrev="4.5.5"/>
				<artifacts>
					<artifact name="httpcore" type="jar" ext="jar" status="no" details="" size="325500" time="0" location="/Users/hnajles/.ivy2/cache/org.apache.httpcomponents/httpcore/jars/httpcore-4.4.9.jar">
						<origin-location is-local="false" location="https://repo1.maven.org/maven2/org/apache/httpcomponents/httpcore/4.4.9/httpcore-4.4.9.jar"/>
					</artifact>
				</artifacts>
			</revision>
		</module>
		<module organisation="org.apache.jena" name="jena-core">
			<revision name="3.8.0" status="release" pubdate="20180625080255" resolver="sbt-chain" artresolver="sbt-chain" homepage="" downloaded="false" searched="false" default="false" conf="compile, runtime(*), master(compile), runtime, compile(*), master" position="30">
				<license name="The Apache Software License, Version 2.0" url="http://www.apache.org/licenses/LICENSE-2.0.txt"/>
				<metadata-artifact status="no" details="" size="15816" time="0" location="/Users/hnajles/.ivy2/cache/org.apache.jena/jena-core/ivy-3.8.0.xml" searched="false" origin-is-local="false" origin-location="https://repo1.maven.org/maven2/org/apache/jena/jena-core/3.8.0/jena-core-3.8.0.pom"/>
				<caller organisation="org.apache.jena" name="jena-arq" conf="compile, runtime" rev="3.8.0" rev-constraint-default="3.8.0" rev-constraint-dynamic="3.8.0" callerrev="3.8.0"/>
				<artifacts>
					<artifact name="jena-core" type="jar" ext="jar" status="no" details="" size="1782053" time="0" location="/Users/hnajles/.ivy2/cache/org.apache.jena/jena-core/jars/jena-core-3.8.0.jar">
						<origin-location is-local="false" location="https://repo1.maven.org/maven2/org/apache/jena/jena-core/3.8.0/jena-core-3.8.0.jar"/>
					</artifact>
				</artifacts>
			</revision>
		</module>
		<module organisation="org.apache.jena" name="jena-base">
			<revision name="3.8.0" status="release" pubdate="20180625080143" resolver="sbt-chain" artresolver="sbt-chain" homepage="" downloaded="false" searched="false" default="false" conf="compile, runtime(*), master(compile), runtime, compile(*), master" position="35">
				<license name="The Apache Software License, Version 2.0" url="http://www.apache.org/licenses/LICENSE-2.0.txt"/>
				<metadata-artifact status="no" details="" size="15385" time="0" location="/Users/hnajles/.ivy2/cache/org.apache.jena/jena-base/ivy-3.8.0.xml" searched="false" origin-is-local="false" origin-location="https://repo1.maven.org/maven2/org/apache/jena/jena-base/3.8.0/jena-base-3.8.0.pom"/>
				<caller organisation="org.apache.jena" name="jena-core" conf="compile, runtime" rev="3.8.0" rev-constraint-default="3.8.0" rev-constraint-dynamic="3.8.0" callerrev="3.8.0"/>
				<artifacts>
					<artifact name="jena-base" type="jar" ext="jar" status="no" details="" size="215890" time="0" location="/Users/hnajles/.ivy2/cache/org.apache.jena/jena-base/jars/jena-base-3.8.0.jar">
						<origin-location is-local="false" location="https://repo1.maven.org/maven2/org/apache/jena/jena-base/3.8.0/jena-base-3.8.0.jar"/>
					</artifact>
				</artifacts>
			</revision>
		</module>
		<module organisation="com.github.andrewoma.dexx" name="collection">
			<revision name="0.7" status="release" pubdate="20161217170844" resolver="sbt-chain" artresolver="sbt-chain" homepage="https://github.com/andrewoma/dexx" downloaded="false" searched="false" default="false" conf="compile, runtime(*), master(compile), runtime, compile(*), master" position="41">
				<license name="MIT License" url="http://www.opensource.org/licenses/mit-license.php"/>
				<metadata-artifact status="no" details="" size="3152" time="0" location="/Users/hnajles/.ivy2/cache/com.github.andrewoma.dexx/collection/ivy-0.7.xml" searched="false" origin-is-local="false" origin-location="https://repo1.maven.org/maven2/com/github/andrewoma/dexx/collection/0.7/collection-0.7.pom"/>
				<caller organisation="org.apache.jena" name="jena-base" conf="compile, runtime" rev="0.7" rev-constraint-default="0.7" rev-constraint-dynamic="0.7" callerrev="3.8.0"/>
				<artifacts>
					<artifact name="collection" type="jar" ext="jar" status="no" details="" size="164973" time="0" location="/Users/hnajles/.ivy2/cache/com.github.andrewoma.dexx/collection/jars/collection-0.7.jar">
						<origin-location is-local="false" location="https://repo1.maven.org/maven2/com/github/andrewoma/dexx/collection/0.7/collection-0.7.jar"/>
					</artifact>
				</artifacts>
			</revision>
		</module>
		<module organisation="commons-io" name="commons-io">
			<revision name="2.6" status="release" pubdate="20171015070052" resolver="sbt-chain" artresolver="sbt-chain" homepage="http://commons.apache.org/proper/commons-io/" downloaded="false" searched="false" default="false" conf="compile, runtime(*), master(compile), runtime, compile(*), master" position="38">
				<license name="Apache License, Version 2.0" url="https://www.apache.org/licenses/LICENSE-2.0.txt"/>
				<metadata-artifact status="no" details="" size="12838" time="0" location="/Users/hnajles/.ivy2/cache/commons-io/commons-io/ivy-2.6.xml" searched="false" origin-is-local="false" origin-location="https://repo1.maven.org/maven2/commons-io/commons-io/2.6/commons-io-2.6.pom"/>
				<caller organisation="org.apache.jena" name="jena-base" conf="compile, runtime" rev="2.6" rev-constraint-default="2.6" rev-constraint-dynamic="2.6" callerrev="3.8.0"/>
				<caller organisation="com.github.jsonld-java" name="jsonld-java" conf="compile, runtime" rev="2.6" rev-constraint-default="2.6" rev-constraint-dynamic="2.6" callerrev="0.12.0"/>
				<artifacts>
					<artifact name="commons-io" type="jar" ext="jar" status="no" details="" size="214788" time="0" location="/Users/hnajles/.ivy2/cache/commons-io/commons-io/jars/commons-io-2.6.jar">
						<origin-location is-local="false" location="https://repo1.maven.org/maven2/commons-io/commons-io/2.6/commons-io-2.6.jar"/>
					</artifact>
				</artifacts>
			</revision>
		</module>
		<module organisation="org.apache.commons" name="commons-csv">
			<revision name="1.5" status="release" pubdate="20170826201518" resolver="sbt-chain" artresolver="sbt-chain" homepage="http://commons.apache.org/proper/commons-csv/" downloaded="false" searched="false" default="false" conf="compile, runtime(*), master(compile), runtime, compile(*), master" position="37">
				<license name="Apache License, Version 2.0" url="https://www.apache.org/licenses/LICENSE-2.0.txt"/>
				<metadata-artifact status="no" details="" size="12873" time="0" location="/Users/hnajles/.ivy2/cache/org.apache.commons/commons-csv/ivy-1.5.xml" searched="false" origin-is-local="false" origin-location="https://repo1.maven.org/maven2/org/apache/commons/commons-csv/1.5/commons-csv-1.5.pom"/>
				<caller organisation="org.apache.jena" name="jena-base" conf="compile, runtime" rev="1.5" rev-constraint-default="1.5" rev-constraint-dynamic="1.5" callerrev="3.8.0"/>
				<artifacts>
					<artifact name="commons-csv" type="jar" ext="jar" status="no" details="" size="41586" time="0" location="/Users/hnajles/.ivy2/cache/org.apache.commons/commons-csv/jars/commons-csv-1.5.jar">
						<origin-location is-local="false" location="https://repo1.maven.org/maven2/org/apache/commons/commons-csv/1.5/commons-csv-1.5.jar"/>
					</artifact>
				</artifacts>
			</revision>
		</module>
		<module organisation="org.apache.jena" name="jena-shaded-guava">
			<revision name="3.8.0" status="release" pubdate="20180625080106" resolver="sbt-chain" artresolver="sbt-chain" homepage="" downloaded="false" searched="false" default="false" conf="compile, runtime(*), master(compile), runtime, compile(*), master" position="36">
				<license name="The Apache Software License, Version 2.0" url="http://www.apache.org/licenses/LICENSE-2.0.txt"/>
				<metadata-artifact status="no" details="" size="14449" time="0" location="/Users/hnajles/.ivy2/cache/org.apache.jena/jena-shaded-guava/ivy-3.8.0.xml" searched="false" origin-is-local="false" origin-location="https://repo1.maven.org/maven2/org/apache/jena/jena-shaded-guava/3.8.0/jena-shaded-guava-3.8.0.pom"/>
				<caller organisation="org.apache.jena" name="jena-base" conf="compile, runtime" rev="3.8.0" rev-constraint-default="3.8.0" rev-constraint-dynamic="3.8.0" callerrev="3.8.0"/>
				<caller organisation="org.apache.jena" name="jena-arq" conf="compile, runtime" rev="3.8.0" rev-constraint-default="3.8.0" rev-constraint-dynamic="3.8.0" callerrev="3.8.0"/>
				<artifacts>
					<artifact name="jena-shaded-guava" type="jar" ext="jar" status="no" details="" size="2866160" time="0" location="/Users/hnajles/.ivy2/cache/org.apache.jena/jena-shaded-guava/jars/jena-shaded-guava-3.8.0.jar">
						<origin-location is-local="false" location="https://repo1.maven.org/maven2/org/apache/jena/jena-shaded-guava/3.8.0/jena-shaded-guava-3.8.0.jar"/>
					</artifact>
				</artifacts>
			</revision>
		</module>
		<module organisation="commons-codec" name="commons-codec">
			<revision name="1.11" status="release" pubdate="20171017115430" resolver="sbt-chain" artresolver="sbt-chain" homepage="http://commons.apache.org/proper/commons-codec/" downloaded="false" searched="false" default="false" conf="compile, runtime(*), master(compile), runtime, compile(*), master" position="34">
				<license name="Apache License, Version 2.0" url="https://www.apache.org/licenses/LICENSE-2.0.txt"/>
				<metadata-artifact status="no" details="" size="12632" time="0" location="/Users/hnajles/.ivy2/cache/commons-codec/commons-codec/ivy-1.11.xml" searched="false" origin-is-local="false" origin-location="https://repo1.maven.org/maven2/commons-codec/commons-codec/1.11/commons-codec-1.11.pom"/>
				<caller organisation="org.apache.httpcomponents" name="httpclient" conf="compile, runtime" rev="1.10" rev-constraint-default="1.10" rev-constraint-dynamic="1.10" callerrev="4.5.5"/>
				<caller organisation="org.apache.jena" name="jena-core" conf="compile, runtime" rev="1.11" rev-constraint-default="1.11" rev-constraint-dynamic="1.11" callerrev="3.8.0"/>
				<artifacts>
					<artifact name="commons-codec" type="jar" ext="jar" status="no" details="" size="335042" time="0" location="/Users/hnajles/.ivy2/cache/commons-codec/commons-codec/jars/commons-codec-1.11.jar">
						<origin-location is-local="false" location="https://repo1.maven.org/maven2/commons-codec/commons-codec/1.11/commons-codec-1.11.jar"/>
					</artifact>
				</artifacts>
			</revision>
			<revision name="1.10" evicted="latest-revision" evicted-reason="" downloaded="false" searched="false" conf="compile, runtime(*), master(compile), runtime, compile(*), master" position="-1">
				<evicted-by rev="1.11"/>
				<caller organisation="org.apache.httpcomponents" name="httpclient" conf="compile, runtime" rev="1.10" rev-constraint-default="1.10" rev-constraint-dynamic="1.10" callerrev="4.5.5"/>
				<artifacts>
				</artifacts>
			</revision>
		</module>
		<module organisation="commons-cli" name="commons-cli">
			<revision name="1.4" status="release" pubdate="20170309100200" resolver="sbt-chain" artresolver="sbt-chain" homepage="http://commons.apache.org/proper/commons-cli/" downloaded="false" searched="false" default="false" conf="compile, runtime(*), master(compile), runtime, compile(*), master" position="33">
				<license name="Apache License, Version 2.0" url="https://www.apache.org/licenses/LICENSE-2.0.txt"/>
				<metadata-artifact status="no" details="" size="11817" time="0" location="/Users/hnajles/.ivy2/cache/commons-cli/commons-cli/ivy-1.4.xml" searched="false" origin-is-local="false" origin-location="https://repo1.maven.org/maven2/commons-cli/commons-cli/1.4/commons-cli-1.4.pom"/>
				<caller organisation="org.apache.jena" name="jena-core" conf="compile, runtime" rev="1.4" rev-constraint-default="1.4" rev-constraint-dynamic="1.4" callerrev="3.8.0"/>
				<artifacts>
					<artifact name="commons-cli" type="jar" ext="jar" status="no" details="" size="53820" time="0" location="/Users/hnajles/.ivy2/cache/commons-cli/commons-cli/jars/commons-cli-1.4.jar">
						<origin-location is-local="false" location="https://repo1.maven.org/maven2/commons-cli/commons-cli/1.4/commons-cli-1.4.jar"/>
					</artifact>
				</artifacts>
			</revision>
		</module>
		<module organisation="org.apache.jena" name="jena-iri">
			<revision name="3.8.0" status="release" pubdate="20180625080122" resolver="sbt-chain" artresolver="sbt-chain" homepage="" downloaded="false" searched="false" default="false" conf="compile, runtime(*), master(compile), runtime, compile(*), master" position="32">
				<license name="The Apache Software License, Version 2.0" url="http://www.apache.org/licenses/LICENSE-2.0.txt"/>
				<metadata-artifact status="no" details="" size="14548" time="0" location="/Users/hnajles/.ivy2/cache/org.apache.jena/jena-iri/ivy-3.8.0.xml" searched="false" origin-is-local="false" origin-location="https://repo1.maven.org/maven2/org/apache/jena/jena-iri/3.8.0/jena-iri-3.8.0.pom"/>
				<caller organisation="org.apache.jena" name="jena-core" conf="compile, runtime" rev="3.8.0" rev-constraint-default="3.8.0" rev-constraint-dynamic="3.8.0" callerrev="3.8.0"/>
				<artifacts>
					<artifact name="jena-iri" type="jar" ext="jar" status="no" details="" size="138076" time="0" location="/Users/hnajles/.ivy2/cache/org.apache.jena/jena-iri/jars/jena-iri-3.8.0.jar">
						<origin-location is-local="false" location="https://repo1.maven.org/maven2/org/apache/jena/jena-iri/3.8.0/jena-iri-3.8.0.jar"/>
					</artifact>
				</artifacts>
			</revision>
		</module>
		<module organisation="org.slf4j" name="slf4j-api">
			<revision name="1.7.25" status="release" pubdate="20170316133632" resolver="sbt-chain" artresolver="sbt-chain" homepage="http://www.slf4j.org" downloaded="false" searched="false" default="false" conf="compile, runtime(*), master(compile), runtime, compile(*), master" position="31">
				<license name="MIT License" url="http://www.opensource.org/licenses/mit-license.php"/>
				<metadata-artifact status="no" details="" size="5199" time="0" location="/Users/hnajles/.ivy2/cache/org.slf4j/slf4j-api/ivy-1.7.25.xml" searched="false" origin-is-local="false" origin-location="https://repo1.maven.org/maven2/org/slf4j/slf4j-api/1.7.25/slf4j-api-1.7.25.pom"/>
				<caller organisation="org.apache.thrift" name="libthrift" conf="compile, runtime" rev="1.7.12" rev-constraint-default="1.7.12" rev-constraint-dynamic="1.7.12" callerrev="0.10.0"/>
				<caller organisation="org.slf4j" name="jcl-over-slf4j" conf="compile, runtime" rev="1.7.25" rev-constraint-default="1.7.25" rev-constraint-dynamic="1.7.25" callerrev="1.7.25"/>
				<caller organisation="org.apache.jena" name="jena-base" conf="compile, runtime" rev="1.7.25" rev-constraint-default="1.7.25" rev-constraint-dynamic="1.7.25" callerrev="3.8.0"/>
				<caller organisation="org.apache.jena" name="jena-core" conf="compile, runtime" rev="1.7.25" rev-constraint-default="1.7.25" rev-constraint-dynamic="1.7.25" callerrev="3.8.0"/>
				<caller organisation="org.slf4j" name="slf4j-simple" conf="compile, runtime" rev="1.7.12" rev-constraint-default="1.7.12" rev-constraint-dynamic="1.7.12" callerrev="1.7.12"/>
				<caller organisation="org.apache.jena" name="jena-arq" conf="compile, runtime" rev="1.7.25" rev-constraint-default="1.7.25" rev-constraint-dynamic="1.7.25" callerrev="3.8.0"/>
				<caller organisation="org.apache.jena" name="jena-iri" conf="compile, runtime" rev="1.7.25" rev-constraint-default="1.7.25" rev-constraint-dynamic="1.7.25" callerrev="3.8.0"/>
				<caller organisation="org.apache.jena" name="jena-shaded-guava" conf="compile, runtime" rev="1.7.25" rev-constraint-default="1.7.25" rev-constraint-dynamic="1.7.25" callerrev="3.8.0"/>
				<caller organisation="org.topbraid" name="shacl" conf="compile, runtime" rev="1.7.25" rev-constraint-default="1.7.25" rev-constraint-dynamic="1.7.25" callerrev="1.2.0-INTERNAL"/>
				<artifacts>
					<artifact name="slf4j-api" type="jar" ext="jar" status="no" details="" size="41203" time="0" location="/Users/hnajles/.ivy2/cache/org.slf4j/slf4j-api/jars/slf4j-api-1.7.25.jar">
						<origin-location is-local="false" location="https://repo1.maven.org/maven2/org/slf4j/slf4j-api/1.7.25/slf4j-api-1.7.25.jar"/>
					</artifact>
				</artifacts>
			</revision>
			<revision name="1.7.12" evicted="latest-revision" evicted-reason="" downloaded="false" searched="false" conf="compile, runtime(*), master(compile), runtime, compile(*), master" position="-1">
				<evicted-by rev="1.7.25"/>
				<caller organisation="org.apache.thrift" name="libthrift" conf="compile, runtime" rev="1.7.12" rev-constraint-default="1.7.12" rev-constraint-dynamic="1.7.12" callerrev="0.10.0"/>
				<caller organisation="org.slf4j" name="slf4j-simple" conf="compile, runtime" rev="1.7.12" rev-constraint-default="1.7.12" rev-constraint-dynamic="1.7.12" callerrev="1.7.12"/>
				<artifacts>
				</artifacts>
			</revision>
		</module>
		<module organisation="com.github.amlorg" name="amf-aml_2.12">
			<revision name="3.2.0-SNAPSHOT" status="integration" pubdate="20181214113633" resolver="sbt-chain" artresolver="sbt-chain" homepage="" downloaded="false" searched="true" default="false" conf="default, compile, runtime(*), master(compile), runtime, default(compile), compile(*), master" position="26">
				<metadata-artifact status="no" details="" size="3437" time="0" location="/Users/hnajles/.ivy2/cache/com.github.amlorg/amf-aml_2.12/ivy-3.2.0-SNAPSHOT.xml" searched="true" origin-is-local="false" origin-location="https://repository-master.mulesoft.org/nexus/content/repositories/snapshots/com/github/amlorg/amf-aml_2.12/3.2.0-SNAPSHOT/amf-aml_2.12-3.2.0-SNAPSHOT.pom"/>
				<caller organisation="test" name="als-hl_2.12" conf="compile" rev="3.2.0-SNAPSHOT" rev-constraint-default="3.2.0-SNAPSHOT" rev-constraint-dynamic="3.2.0-SNAPSHOT" callerrev="0.5.5-SNAPSHOT"/>
				<caller organisation="com.github.amlorg" name="amf-client_2.12" conf="default, compile, runtime, master" rev="3.2.0-SNAPSHOT" rev-constraint-default="3.2.0-SNAPSHOT" rev-constraint-dynamic="3.2.0-SNAPSHOT" callerrev="3.2.0-SNAPSHOT"/>
				<caller organisation="test" name="als-outline_2.12" conf="compile" rev="3.2.0-SNAPSHOT" rev-constraint-default="3.2.0-SNAPSHOT" rev-constraint-dynamic="3.2.0-SNAPSHOT" callerrev="0.5.5-SNAPSHOT"/>
				<caller organisation="com.github.amlorg" name="amf-validation_2.12" conf="compile, runtime" rev="3.2.0-SNAPSHOT" rev-constraint-default="3.2.0-SNAPSHOT" rev-constraint-dynamic="3.2.0-SNAPSHOT" callerrev="3.2.0-SNAPSHOT"/>
				<caller organisation="test" name="als-suggestions_2.12" conf="compile" rev="3.2.0-SNAPSHOT" rev-constraint-default="3.2.0-SNAPSHOT" rev-constraint-dynamic="3.2.0-SNAPSHOT" callerrev="0.5.5-SNAPSHOT"/>
				<caller organisation="test" name="als-server_2.12" conf="compile, runtime" rev="3.2.0-SNAPSHOT" rev-constraint-default="3.2.0-SNAPSHOT" rev-constraint-dynamic="3.2.0-SNAPSHOT" callerrev="0.5.5-SNAPSHOT"/>
				<artifacts>
					<artifact name="amf-aml_2.12" type="jar" ext="jar" status="no" details="" size="1104514" time="0" location="/Users/hnajles/.ivy2/cache/com.github.amlorg/amf-aml_2.12/jars/amf-aml_2.12-3.2.0-SNAPSHOT.jar">
						<origin-location is-local="false" location="https://repository-master.mulesoft.org/nexus/content/repositories/snapshots/com/github/amlorg/amf-aml_2.12/3.2.0-SNAPSHOT/amf-aml_2.12-3.2.0-SNAPSHOT.jar"/>
					</artifact>
				</artifacts>
			</revision>
		</module>
		<module organisation="com.github.amlorg" name="amf-webapi_2.12">
			<revision name="3.2.0-SNAPSHOT" status="integration" pubdate="20181214113646" resolver="sbt-chain" artresolver="sbt-chain" homepage="" downloaded="false" searched="true" default="false" conf="default, compile, runtime(*), master(compile), runtime, default(compile), compile(*), master" position="3">
				<metadata-artifact status="no" details="" size="3620" time="0" location="/Users/hnajles/.ivy2/cache/com.github.amlorg/amf-webapi_2.12/ivy-3.2.0-SNAPSHOT.xml" searched="true" origin-is-local="false" origin-location="https://repository-master.mulesoft.org/nexus/content/repositories/snapshots/com/github/amlorg/amf-webapi_2.12/3.2.0-SNAPSHOT/amf-webapi_2.12-3.2.0-SNAPSHOT.pom"/>
				<caller organisation="test" name="als-hl_2.12" conf="compile" rev="3.2.0-SNAPSHOT" rev-constraint-default="3.2.0-SNAPSHOT" rev-constraint-dynamic="3.2.0-SNAPSHOT" callerrev="0.5.5-SNAPSHOT"/>
				<caller organisation="com.github.amlorg" name="amf-client_2.12" conf="default, compile, runtime, master" rev="3.2.0-SNAPSHOT" rev-constraint-default="3.2.0-SNAPSHOT" rev-constraint-dynamic="3.2.0-SNAPSHOT" callerrev="3.2.0-SNAPSHOT"/>
				<caller organisation="test" name="als-outline_2.12" conf="compile" rev="3.2.0-SNAPSHOT" rev-constraint-default="3.2.0-SNAPSHOT" rev-constraint-dynamic="3.2.0-SNAPSHOT" callerrev="0.5.5-SNAPSHOT"/>
				<caller organisation="test" name="als-suggestions_2.12" conf="compile" rev="3.2.0-SNAPSHOT" rev-constraint-default="3.2.0-SNAPSHOT" rev-constraint-dynamic="3.2.0-SNAPSHOT" callerrev="0.5.5-SNAPSHOT"/>
				<caller organisation="test" name="als-server_2.12" conf="compile, runtime" rev="3.2.0-SNAPSHOT" rev-constraint-default="3.2.0-SNAPSHOT" rev-constraint-dynamic="3.2.0-SNAPSHOT" callerrev="0.5.5-SNAPSHOT"/>
				<artifacts>
					<artifact name="amf-webapi_2.12" type="jar" ext="jar" status="no" details="" size="5214362" time="0" location="/Users/hnajles/.ivy2/cache/com.github.amlorg/amf-webapi_2.12/jars/amf-webapi_2.12-3.2.0-SNAPSHOT.jar">
						<origin-location is-local="false" location="https://repository-master.mulesoft.org/nexus/content/repositories/snapshots/com/github/amlorg/amf-webapi_2.12/3.2.0-SNAPSHOT/amf-webapi_2.12-3.2.0-SNAPSHOT.jar"/>
					</artifact>
				</artifacts>
			</revision>
		</module>
		<module organisation="com.github.everit-org.json-schema" name="org.everit.json.schema">
			<revision name="1.9.2" status="release" pubdate="20180929100351" resolver="sbt-chain" artresolver="sbt-chain" homepage="https://github.com/everit-org/json-schema" downloaded="false" searched="false" default="false" conf="compile, runtime(*), master(compile), runtime, compile(*), master" position="15">
				<license name="Apache License, Version 2.0" url="http://www.apache.org/licenses/LICENSE-2.0.txt"/>
				<metadata-artifact status="no" details="" size="4965" time="0" location="/Users/hnajles/.ivy2/cache/com.github.everit-org.json-schema/org.everit.json.schema/ivy-1.9.2.xml" searched="false" origin-is-local="false" origin-location="https://jitpack.io/com/github/everit-org/json-schema/org.everit.json.schema/1.9.2/org.everit.json.schema-1.9.2.pom"/>
				<caller organisation="com.github.amlorg" name="amf-webapi_2.12" conf="default, compile, runtime, master" rev="1.9.2" rev-constraint-default="1.9.2" rev-constraint-dynamic="1.9.2" callerrev="3.2.0-SNAPSHOT"/>
				<artifacts>
					<artifact name="org.everit.json.schema" type="bundle" ext="jar" status="no" details="" size="198634" time="0" location="/Users/hnajles/.ivy2/cache/com.github.everit-org.json-schema/org.everit.json.schema/bundles/org.everit.json.schema-1.9.2.jar">
						<origin-location is-local="false" location="https://jitpack.io/com/github/everit-org/json-schema/org.everit.json.schema/1.9.2/org.everit.json.schema-1.9.2.jar"/>
					</artifact>
				</artifacts>
			</revision>
		</module>
		<module organisation="com.google.re2j" name="re2j">
			<revision name="1.1" status="release" pubdate="20151117115435" resolver="sbt-chain" artresolver="sbt-chain" homepage="http://github.com/google/re2j" downloaded="false" searched="false" default="false" conf="compile, runtime(*), master(compile), runtime, compile(*), master" position="24">
				<license name="The Go license" url="https://golang.org/LICENSE"/>
				<metadata-artifact status="no" details="" size="3094" time="0" location="/Users/hnajles/.ivy2/cache/com.google.re2j/re2j/ivy-1.1.xml" searched="false" origin-is-local="false" origin-location="https://repo1.maven.org/maven2/com/google/re2j/re2j/1.1/re2j-1.1.pom"/>
				<caller organisation="com.github.everit-org.json-schema" name="org.everit.json.schema" conf="compile, runtime" rev="1.1" rev-constraint-default="1.1" rev-constraint-dynamic="1.1" callerrev="1.9.2"/>
				<artifacts>
					<artifact name="re2j" type="jar" ext="jar" status="no" details="" size="128414" time="0" location="/Users/hnajles/.ivy2/cache/com.google.re2j/re2j/jars/re2j-1.1.jar">
						<origin-location is-local="false" location="https://repo1.maven.org/maven2/com/google/re2j/re2j/1.1/re2j-1.1.jar"/>
					</artifact>
				</artifacts>
			</revision>
		</module>
		<module organisation="com.damnhandy" name="handy-uri-templates">
			<revision name="2.1.6" status="release" pubdate="20160703105434" resolver="sbt-chain" artresolver="sbt-chain" homepage="https://github.com/damnhandy/Handy-URI-Templates" downloaded="false" searched="false" default="false" conf="compile, runtime(*), master(compile), runtime, compile(*), master" position="22">
				<license name="The Apache Software License, Version 2.0" url="http://www.apache.org/licenses/LICENSE-2.0.txt"/>
				<metadata-artifact status="no" details="" size="5353" time="0" location="/Users/hnajles/.ivy2/cache/com.damnhandy/handy-uri-templates/ivy-2.1.6.xml" searched="false" origin-is-local="false" origin-location="https://repo1.maven.org/maven2/com/damnhandy/handy-uri-templates/2.1.6/handy-uri-templates-2.1.6.pom"/>
				<caller organisation="com.github.everit-org.json-schema" name="org.everit.json.schema" conf="compile, runtime" rev="2.1.6" rev-constraint-default="2.1.6" rev-constraint-dynamic="2.1.6" callerrev="1.9.2"/>
				<artifacts>
					<artifact name="handy-uri-templates" type="bundle" ext="jar" status="no" details="" size="45967" time="0" location="/Users/hnajles/.ivy2/cache/com.damnhandy/handy-uri-templates/bundles/handy-uri-templates-2.1.6.jar">
						<origin-location is-local="false" location="https://repo1.maven.org/maven2/com/damnhandy/handy-uri-templates/2.1.6/handy-uri-templates-2.1.6.jar"/>
					</artifact>
				</artifacts>
			</revision>
		</module>
		<module organisation="joda-time" name="joda-time">
			<revision name="2.9.4" status="release" pubdate="20160527062535" resolver="sbt-chain" artresolver="sbt-chain" homepage="http://www.joda.org/joda-time/" downloaded="false" searched="false" default="false" conf="compile, runtime(*), master(compile), runtime, compile(*), master" position="23">
				<license name="Apache 2" url="http://www.apache.org/licenses/LICENSE-2.0.txt"/>
				<metadata-artifact status="no" details="" size="6595" time="0" location="/Users/hnajles/.ivy2/cache/joda-time/joda-time/ivy-2.9.4.xml" searched="false" origin-is-local="false" origin-location="https://repo1.maven.org/maven2/joda-time/joda-time/2.9.4/joda-time-2.9.4.pom"/>
				<caller organisation="com.damnhandy" name="handy-uri-templates" conf="compile, runtime" rev="2.9.4" rev-constraint-default="2.9.4" rev-constraint-dynamic="2.9.4" callerrev="2.1.6"/>
				<artifacts>
					<artifact name="joda-time" type="jar" ext="jar" status="no" details="" size="629506" time="0" location="/Users/hnajles/.ivy2/cache/joda-time/joda-time/jars/joda-time-2.9.4.jar">
						<origin-location is-local="false" location="https://repo1.maven.org/maven2/joda-time/joda-time/2.9.4/joda-time-2.9.4.jar"/>
					</artifact>
				</artifacts>
			</revision>
		</module>
		<module organisation="commons-beanutils" name="commons-beanutils">
			<revision name="1.9.3" status="release" pubdate="20160921132132" resolver="sbt-chain" artresolver="sbt-chain" homepage="https://commons.apache.org/proper/commons-beanutils/" downloaded="false" searched="false" default="false" conf="compile, runtime(*), master(compile), runtime, compile(*), master" position="21">
				<license name="Apache License, Version 2.0" url="https://www.apache.org/licenses/LICENSE-2.0.txt"/>
				<metadata-artifact status="no" details="" size="12135" time="0" location="/Users/hnajles/.ivy2/cache/commons-beanutils/commons-beanutils/ivy-1.9.3.xml" searched="false" origin-is-local="false" origin-location="https://repo1.maven.org/maven2/commons-beanutils/commons-beanutils/1.9.3/commons-beanutils-1.9.3.pom"/>
				<caller organisation="com.github.everit-org.json-schema" name="org.everit.json.schema" conf="compile, runtime" rev="1.9.3" rev-constraint-default="1.9.3" rev-constraint-dynamic="1.9.3" callerrev="1.9.2"/>
				<artifacts>
					<artifact name="commons-beanutils" type="jar" ext="jar" status="no" details="" size="246174" time="0" location="/Users/hnajles/.ivy2/cache/commons-beanutils/commons-beanutils/jars/commons-beanutils-1.9.3.jar">
						<origin-location is-local="false" location="https://repo1.maven.org/maven2/commons-beanutils/commons-beanutils/1.9.3/commons-beanutils-1.9.3.jar"/>
					</artifact>
				</artifacts>
			</revision>
		</module>
		<module organisation="commons-validator" name="commons-validator">
			<revision name="1.6" status="release" pubdate="20170216121058" resolver="sbt-chain" artresolver="sbt-chain" homepage="http://commons.apache.org/proper/commons-validator/" downloaded="false" searched="false" default="false" conf="compile, runtime(*), master(compile), runtime, compile(*), master" position="17">
				<license name="Apache License, Version 2.0" url="https://www.apache.org/licenses/LICENSE-2.0.txt"/>
				<metadata-artifact status="no" details="" size="13090" time="0" location="/Users/hnajles/.ivy2/cache/commons-validator/commons-validator/ivy-1.6.xml" searched="false" origin-is-local="false" origin-location="https://repo1.maven.org/maven2/commons-validator/commons-validator/1.6/commons-validator-1.6.pom"/>
				<caller organisation="com.github.everit-org.json-schema" name="org.everit.json.schema" conf="compile, runtime" rev="1.6" rev-constraint-default="1.6" rev-constraint-dynamic="1.6" callerrev="1.9.2"/>
				<artifacts>
					<artifact name="commons-validator" type="jar" ext="jar" status="no" details="" size="186077" time="0" location="/Users/hnajles/.ivy2/cache/commons-validator/commons-validator/jars/commons-validator-1.6.jar">
						<origin-location is-local="false" location="https://repo1.maven.org/maven2/commons-validator/commons-validator/1.6/commons-validator-1.6.jar"/>
					</artifact>
				</artifacts>
			</revision>
		</module>
		<module organisation="commons-collections" name="commons-collections">
			<revision name="3.2.2" status="release" pubdate="20151112201126" resolver="sbt-chain" artresolver="sbt-chain" homepage="http://commons.apache.org/collections/" downloaded="false" searched="false" default="false" conf="compile, runtime(*), master(compile), runtime, compile(*), master" position="20">
				<license name="Apache License, Version 2.0" url="http://www.apache.org/licenses/LICENSE-2.0.txt"/>
				<metadata-artifact status="no" details="" size="11113" time="0" location="/Users/hnajles/.ivy2/cache/commons-collections/commons-collections/ivy-3.2.2.xml" searched="false" origin-is-local="false" origin-location="https://repo1.maven.org/maven2/commons-collections/commons-collections/3.2.2/commons-collections-3.2.2.pom"/>
				<caller organisation="commons-beanutils" name="commons-beanutils" conf="compile, runtime" rev="3.2.2" rev-constraint-default="3.2.2" rev-constraint-dynamic="3.2.2" callerrev="1.9.3"/>
				<caller organisation="commons-validator" name="commons-validator" conf="compile, runtime" rev="3.2.2" rev-constraint-default="3.2.2" rev-constraint-dynamic="3.2.2" callerrev="1.6"/>
				<artifacts>
					<artifact name="commons-collections" type="jar" ext="jar" status="no" details="" size="588337" time="0" location="/Users/hnajles/.ivy2/cache/commons-collections/commons-collections/jars/commons-collections-3.2.2.jar">
						<origin-location is-local="false" location="https://repo1.maven.org/maven2/commons-collections/commons-collections/3.2.2/commons-collections-3.2.2.jar"/>
					</artifact>
				</artifacts>
			</revision>
		</module>
		<module organisation="commons-logging" name="commons-logging">
			<revision name="1.2" status="release" pubdate="20140705151228" resolver="sbt-chain" artresolver="sbt-chain" homepage="http://commons.apache.org/proper/commons-logging/" downloaded="false" searched="false" default="false" conf="compile, runtime(*), master(compile), runtime, compile(*), master" position="19">
				<license name="The Apache Software License, Version 2.0" url="http://www.apache.org/licenses/LICENSE-2.0.txt"/>
				<metadata-artifact status="no" details="" size="11623" time="0" location="/Users/hnajles/.ivy2/cache/commons-logging/commons-logging/ivy-1.2.xml" searched="false" origin-is-local="false" origin-location="https://repo1.maven.org/maven2/commons-logging/commons-logging/1.2/commons-logging-1.2.pom"/>
				<caller organisation="org.apache.httpcomponents" name="httpclient" conf="compile, runtime" rev="1.2" rev-constraint-default="1.2" rev-constraint-dynamic="1.2" callerrev="4.5.5"/>
				<caller organisation="commons-beanutils" name="commons-beanutils" conf="compile, runtime" rev="1.2" rev-constraint-default="1.2" rev-constraint-dynamic="1.2" callerrev="1.9.3"/>
				<caller organisation="commons-validator" name="commons-validator" conf="compile, runtime" rev="1.2" rev-constraint-default="1.2" rev-constraint-dynamic="1.2" callerrev="1.6"/>
				<artifacts>
					<artifact name="commons-logging" type="jar" ext="jar" status="no" details="" size="61829" time="0" location="/Users/hnajles/.ivy2/cache/commons-logging/commons-logging/jars/commons-logging-1.2.jar">
						<origin-location is-local="false" location="https://repo1.maven.org/maven2/commons-logging/commons-logging/1.2/commons-logging-1.2.jar"/>
					</artifact>
				</artifacts>
			</revision>
		</module>
		<module organisation="commons-digester" name="commons-digester">
			<revision name="1.8.1" status="release" pubdate="20090103144824" resolver="sbt-chain" artresolver="sbt-chain" homepage="http://commons.apache.org/digester/" downloaded="false" searched="false" default="false" conf="compile, runtime(*), master(compile), runtime, compile(*), master" position="18">
				<license name="The Apache Software License, Version 2.0" url="http://www.apache.org/licenses/LICENSE-2.0.txt"/>
				<metadata-artifact status="no" details="" size="5414" time="0" location="/Users/hnajles/.ivy2/cache/commons-digester/commons-digester/ivy-1.8.1.xml" searched="false" origin-is-local="false" origin-location="https://repo1.maven.org/maven2/commons-digester/commons-digester/1.8.1/commons-digester-1.8.1.pom"/>
				<caller organisation="commons-validator" name="commons-validator" conf="compile, runtime" rev="1.8.1" rev-constraint-default="1.8.1" rev-constraint-dynamic="1.8.1" callerrev="1.6"/>
				<artifacts>
					<artifact name="commons-digester" type="jar" ext="jar" status="no" details="" size="146108" time="0" location="/Users/hnajles/.ivy2/cache/commons-digester/commons-digester/jars/commons-digester-1.8.1.jar">
						<origin-location is-local="false" location="https://repo1.maven.org/maven2/commons-digester/commons-digester/1.8.1/commons-digester-1.8.1.jar"/>
					</artifact>
				</artifacts>
			</revision>
		</module>
		<module organisation="org.json" name="json">
			<revision name="20180130" status="release" pubdate="20180203184011" resolver="sbt-chain" artresolver="sbt-chain" homepage="https://github.com/douglascrockford/JSON-java" downloaded="false" searched="false" default="false" conf="compile, runtime(*), master(compile), runtime, compile(*), master" position="16">
				<license name="The JSON License" url="http://json.org/license.html"/>
				<metadata-artifact status="no" details="" size="4161" time="0" location="/Users/hnajles/.ivy2/cache/org.json/json/ivy-20180130.xml" searched="false" origin-is-local="false" origin-location="https://repo1.maven.org/maven2/org/json/json/20180130/json-20180130.pom"/>
				<caller organisation="com.github.everit-org.json-schema" name="org.everit.json.schema" conf="compile, runtime" rev="20180130" rev-constraint-default="20180130" rev-constraint-dynamic="20180130" callerrev="1.9.2"/>
				<artifacts>
					<artifact name="json" type="bundle" ext="jar" status="no" details="" size="62116" time="0" location="/Users/hnajles/.ivy2/cache/org.json/json/bundles/json-20180130.jar">
						<origin-location is-local="false" location="https://repo1.maven.org/maven2/org/json/json/20180130/json-20180130.jar"/>
					</artifact>
				</artifacts>
			</revision>
		</module>
		<module organisation="com.github.amlorg" name="amf-core_2.12">
			<revision name="3.2.0-SNAPSHOT" status="integration" pubdate="20181214113538" resolver="sbt-chain" artresolver="sbt-chain" homepage="" downloaded="false" searched="true" default="false" conf="default, compile, runtime(*), master(compile), runtime, default(compile), compile(*), master" position="4">
				<metadata-artifact status="no" details="" size="3425" time="0" location="/Users/hnajles/.ivy2/cache/com.github.amlorg/amf-core_2.12/ivy-3.2.0-SNAPSHOT.xml" searched="true" origin-is-local="false" origin-location="https://repository-master.mulesoft.org/nexus/content/repositories/snapshots/com/github/amlorg/amf-core_2.12/3.2.0-SNAPSHOT/amf-core_2.12-3.2.0-SNAPSHOT.pom"/>
				<caller organisation="com.github.amlorg" name="amf-webapi_2.12" conf="default, compile, runtime, master" rev="3.2.0-SNAPSHOT" rev-constraint-default="3.2.0-SNAPSHOT" rev-constraint-dynamic="3.2.0-SNAPSHOT" callerrev="3.2.0-SNAPSHOT"/>
				<caller organisation="test" name="als-hl_2.12" conf="compile" rev="3.2.0-SNAPSHOT" rev-constraint-default="3.2.0-SNAPSHOT" rev-constraint-dynamic="3.2.0-SNAPSHOT" callerrev="0.5.5-SNAPSHOT"/>
				<caller organisation="com.github.amlorg" name="amf-client_2.12" conf="default, compile, runtime, master" rev="3.2.0-SNAPSHOT" rev-constraint-default="3.2.0-SNAPSHOT" rev-constraint-dynamic="3.2.0-SNAPSHOT" callerrev="3.2.0-SNAPSHOT"/>
				<caller organisation="test" name="als-outline_2.12" conf="compile" rev="3.2.0-SNAPSHOT" rev-constraint-default="3.2.0-SNAPSHOT" rev-constraint-dynamic="3.2.0-SNAPSHOT" callerrev="0.5.5-SNAPSHOT"/>
				<caller organisation="com.github.amlorg" name="amf-aml_2.12" conf="compile, runtime" rev="3.2.0-SNAPSHOT" rev-constraint-default="3.2.0-SNAPSHOT" rev-constraint-dynamic="3.2.0-SNAPSHOT" callerrev="3.2.0-SNAPSHOT"/>
				<caller organisation="com.github.amlorg" name="amf-validation_2.12" conf="compile, runtime" rev="3.2.0-SNAPSHOT" rev-constraint-default="3.2.0-SNAPSHOT" rev-constraint-dynamic="3.2.0-SNAPSHOT" callerrev="3.2.0-SNAPSHOT"/>
				<caller organisation="test" name="als-suggestions_2.12" conf="compile" rev="3.2.0-SNAPSHOT" rev-constraint-default="3.2.0-SNAPSHOT" rev-constraint-dynamic="3.2.0-SNAPSHOT" callerrev="0.5.5-SNAPSHOT"/>
				<caller organisation="test" name="als-server_2.12" conf="compile, runtime" rev="3.2.0-SNAPSHOT" rev-constraint-default="3.2.0-SNAPSHOT" rev-constraint-dynamic="3.2.0-SNAPSHOT" callerrev="0.5.5-SNAPSHOT"/>
				<artifacts>
					<artifact name="amf-core_2.12" type="jar" ext="jar" status="no" details="" size="1894001" time="0" location="/Users/hnajles/.ivy2/cache/com.github.amlorg/amf-core_2.12/jars/amf-core_2.12-3.2.0-SNAPSHOT.jar">
						<origin-location is-local="false" location="https://repository-master.mulesoft.org/nexus/content/repositories/snapshots/com/github/amlorg/amf-core_2.12/3.2.0-SNAPSHOT/amf-core_2.12-3.2.0-SNAPSHOT.jar"/>
					</artifact>
				</artifacts>
			</revision>
		</module>
		<module organisation="org.json4s" name="json4s-native_2.12">
			<revision name="3.5.4" status="release" pubdate="20180518225820" resolver="sbt-chain" artresolver="sbt-chain" homepage="https://github.com/json4s/json4s" downloaded="false" searched="false" default="false" conf="compile, runtime(*), master(compile), runtime, compile(*), master" position="9">
				<license name="Apache-2.0" url="http://www.apache.org/licenses/LICENSE-2.0"/>
				<metadata-artifact status="no" details="" size="2802" time="0" location="/Users/hnajles/.ivy2/cache/org.json4s/json4s-native_2.12/ivy-3.5.4.xml" searched="false" origin-is-local="false" origin-location="https://repo1.maven.org/maven2/org/json4s/json4s-native_2.12/3.5.4/json4s-native_2.12-3.5.4.pom"/>
				<caller organisation="com.github.amlorg" name="amf-webapi_2.12" conf="default, compile, runtime, master" rev="3.5.4" rev-constraint-default="3.5.4" rev-constraint-dynamic="3.5.4" callerrev="3.2.0-SNAPSHOT"/>
				<caller organisation="com.github.amlorg" name="amf-core_2.12" conf="compile, runtime" rev="3.5.4" rev-constraint-default="3.5.4" rev-constraint-dynamic="3.5.4" callerrev="3.2.0-SNAPSHOT"/>
				<caller organisation="com.github.amlorg" name="amf-client_2.12" conf="default, compile, runtime, master" rev="3.5.4" rev-constraint-default="3.5.4" rev-constraint-dynamic="3.5.4" callerrev="3.2.0-SNAPSHOT"/>
				<caller organisation="com.github.amlorg" name="amf-aml_2.12" conf="compile, runtime" rev="3.5.4" rev-constraint-default="3.5.4" rev-constraint-dynamic="3.5.4" callerrev="3.2.0-SNAPSHOT"/>
				<caller organisation="com.github.amlorg" name="amf-validation_2.12" conf="compile, runtime" rev="3.5.4" rev-constraint-default="3.5.4" rev-constraint-dynamic="3.5.4" callerrev="3.2.0-SNAPSHOT"/>
				<artifacts>
					<artifact name="json4s-native_2.12" type="jar" ext="jar" status="no" details="" size="93717" time="0" location="/Users/hnajles/.ivy2/cache/org.json4s/json4s-native_2.12/jars/json4s-native_2.12-3.5.4.jar">
						<origin-location is-local="false" location="https://repo1.maven.org/maven2/org/json4s/json4s-native_2.12/3.5.4/json4s-native_2.12-3.5.4.jar"/>
					</artifact>
				</artifacts>
			</revision>
		</module>
		<module organisation="org.json4s" name="json4s-core_2.12">
			<revision name="3.5.4" status="release" pubdate="20180518225834" resolver="sbt-chain" artresolver="sbt-chain" homepage="https://github.com/json4s/json4s" downloaded="false" searched="false" default="false" conf="compile, runtime(*), master(compile), runtime, compile(*), master" position="10">
				<license name="Apache-2.0" url="http://www.apache.org/licenses/LICENSE-2.0"/>
				<metadata-artifact status="no" details="" size="3249" time="0" location="/Users/hnajles/.ivy2/cache/org.json4s/json4s-core_2.12/ivy-3.5.4.xml" searched="false" origin-is-local="false" origin-location="https://repo1.maven.org/maven2/org/json4s/json4s-core_2.12/3.5.4/json4s-core_2.12-3.5.4.pom"/>
				<caller organisation="org.json4s" name="json4s-native_2.12" conf="compile, runtime" rev="3.5.4" rev-constraint-default="3.5.4" rev-constraint-dynamic="3.5.4" callerrev="3.5.4"/>
				<artifacts>
					<artifact name="json4s-core_2.12" type="jar" ext="jar" status="no" details="" size="491561" time="0" location="/Users/hnajles/.ivy2/cache/org.json4s/json4s-core_2.12/jars/json4s-core_2.12-3.5.4.jar">
						<origin-location is-local="false" location="https://repo1.maven.org/maven2/org/json4s/json4s-core_2.12/3.5.4/json4s-core_2.12-3.5.4.jar"/>
					</artifact>
				</artifacts>
			</revision>
		</module>
		<module organisation="org.scala-lang.modules" name="scala-xml_2.12">
			<revision name="1.0.6" status="release" pubdate="20161101112105" resolver="sbt-chain" artresolver="sbt-chain" homepage="http://www.scala-lang.org/" downloaded="false" searched="false" default="false" conf="compile, runtime(*), master(compile), runtime, compile(*), master" position="14">
				<license name="BSD 3-clause" url="http://opensource.org/licenses/BSD-3-Clause"/>
				<metadata-artifact status="no" details="" size="3137" time="0" location="/Users/hnajles/.ivy2/cache/org.scala-lang.modules/scala-xml_2.12/ivy-1.0.6.xml" searched="false" origin-is-local="false" origin-location="https://repo1.maven.org/maven2/org/scala-lang/modules/scala-xml_2.12/1.0.6/scala-xml_2.12-1.0.6.pom"/>
				<caller organisation="org.json4s" name="json4s-core_2.12" conf="compile, runtime" rev="1.0.6" rev-constraint-default="1.0.6" rev-constraint-dynamic="1.0.6" callerrev="3.5.4"/>
				<artifacts>
					<artifact name="scala-xml_2.12" type="bundle" ext="jar" status="no" details="" size="547860" time="0" location="/Users/hnajles/.ivy2/cache/org.scala-lang.modules/scala-xml_2.12/bundles/scala-xml_2.12-1.0.6.jar">
						<origin-location is-local="false" location="https://repo1.maven.org/maven2/org/scala-lang/modules/scala-xml_2.12/1.0.6/scala-xml_2.12-1.0.6.jar"/>
					</artifact>
				</artifacts>
			</revision>
		</module>
		<module organisation="com.thoughtworks.paranamer" name="paranamer">
			<revision name="2.8" status="release" pubdate="20150826082928" resolver="sbt-chain" artresolver="sbt-chain" homepage="" downloaded="false" searched="false" default="false" conf="compile, runtime(*), master(compile), runtime, compile(*), master" position="13">
				<license name="BSD" url="LICENSE.txt"/>
				<metadata-artifact status="no" details="" size="4254" time="0" location="/Users/hnajles/.ivy2/cache/com.thoughtworks.paranamer/paranamer/ivy-2.8.xml" searched="false" origin-is-local="false" origin-location="https://repo1.maven.org/maven2/com/thoughtworks/paranamer/paranamer/2.8/paranamer-2.8.pom"/>
				<caller organisation="org.json4s" name="json4s-core_2.12" conf="compile, runtime" rev="2.8" rev-constraint-default="2.8" rev-constraint-dynamic="2.8" callerrev="3.5.4"/>
				<artifacts>
					<artifact name="paranamer" type="bundle" ext="jar" status="no" details="" size="34654" time="0" location="/Users/hnajles/.ivy2/cache/com.thoughtworks.paranamer/paranamer/bundles/paranamer-2.8.jar">
						<origin-location is-local="false" location="https://repo1.maven.org/maven2/com/thoughtworks/paranamer/paranamer/2.8/paranamer-2.8.jar"/>
					</artifact>
				</artifacts>
			</revision>
		</module>
		<module organisation="org.json4s" name="json4s-scalap_2.12">
			<revision name="3.5.4" status="release" pubdate="20180518225800" resolver="sbt-chain" artresolver="sbt-chain" homepage="https://github.com/json4s/json4s" downloaded="false" searched="false" default="false" conf="compile, runtime(*), master(compile), runtime, compile(*), master" position="12">
				<license name="Apache-2.0" url="http://www.apache.org/licenses/LICENSE-2.0"/>
				<metadata-artifact status="no" details="" size="2657" time="0" location="/Users/hnajles/.ivy2/cache/org.json4s/json4s-scalap_2.12/ivy-3.5.4.xml" searched="false" origin-is-local="false" origin-location="https://repo1.maven.org/maven2/org/json4s/json4s-scalap_2.12/3.5.4/json4s-scalap_2.12-3.5.4.pom"/>
				<caller organisation="org.json4s" name="json4s-core_2.12" conf="compile, runtime" rev="3.5.4" rev-constraint-default="3.5.4" rev-constraint-dynamic="3.5.4" callerrev="3.5.4"/>
				<artifacts>
					<artifact name="json4s-scalap_2.12" type="jar" ext="jar" status="no" details="" size="348082" time="0" location="/Users/hnajles/.ivy2/cache/org.json4s/json4s-scalap_2.12/jars/json4s-scalap_2.12-3.5.4.jar">
						<origin-location is-local="false" location="https://repo1.maven.org/maven2/org/json4s/json4s-scalap_2.12/3.5.4/json4s-scalap_2.12-3.5.4.jar"/>
					</artifact>
				</artifacts>
			</revision>
		</module>
		<module organisation="org.json4s" name="json4s-ast_2.12">
			<revision name="3.5.4" status="release" pubdate="20180518225746" resolver="sbt-chain" artresolver="sbt-chain" homepage="https://github.com/json4s/json4s" downloaded="false" searched="false" default="false" conf="compile, runtime(*), master(compile), runtime, compile(*), master" position="11">
				<license name="Apache-2.0" url="http://www.apache.org/licenses/LICENSE-2.0"/>
				<metadata-artifact status="no" details="" size="2648" time="0" location="/Users/hnajles/.ivy2/cache/org.json4s/json4s-ast_2.12/ivy-3.5.4.xml" searched="false" origin-is-local="false" origin-location="https://repo1.maven.org/maven2/org/json4s/json4s-ast_2.12/3.5.4/json4s-ast_2.12-3.5.4.pom"/>
				<caller organisation="org.json4s" name="json4s-core_2.12" conf="compile, runtime" rev="3.5.4" rev-constraint-default="3.5.4" rev-constraint-dynamic="3.5.4" callerrev="3.5.4"/>
				<artifacts>
					<artifact name="json4s-ast_2.12" type="jar" ext="jar" status="no" details="" size="83560" time="0" location="/Users/hnajles/.ivy2/cache/org.json4s/json4s-ast_2.12/jars/json4s-ast_2.12-3.5.4.jar">
						<origin-location is-local="false" location="https://repo1.maven.org/maven2/org/json4s/json4s-ast_2.12/3.5.4/json4s-ast_2.12-3.5.4.jar"/>
					</artifact>
				</artifacts>
			</revision>
		</module>
		<module organisation="org.scala-lang.modules" name="scala-java8-compat_2.12">
			<revision name="0.8.0" status="release" pubdate="20161029191227" resolver="sbt-chain" artresolver="sbt-chain" homepage="http://www.scala-lang.org/" downloaded="false" searched="false" default="false" conf="compile, runtime(*), master(compile), runtime, compile(*), master" position="8">
				<license name="BSD 3-clause" url="http://opensource.org/licenses/BSD-3-Clause"/>
				<metadata-artifact status="no" details="" size="3036" time="0" location="/Users/hnajles/.ivy2/cache/org.scala-lang.modules/scala-java8-compat_2.12/ivy-0.8.0.xml" searched="false" origin-is-local="false" origin-location="https://repo1.maven.org/maven2/org/scala-lang/modules/scala-java8-compat_2.12/0.8.0/scala-java8-compat_2.12-0.8.0.pom"/>
				<caller organisation="com.github.amlorg" name="amf-webapi_2.12" conf="default, compile, runtime, master" rev="0.8.0" rev-constraint-default="0.8.0" rev-constraint-dynamic="0.8.0" callerrev="3.2.0-SNAPSHOT"/>
				<caller organisation="com.github.amlorg" name="amf-core_2.12" conf="compile, runtime" rev="0.8.0" rev-constraint-default="0.8.0" rev-constraint-dynamic="0.8.0" callerrev="3.2.0-SNAPSHOT"/>
				<caller organisation="com.github.amlorg" name="amf-client_2.12" conf="default, compile, runtime, master" rev="0.8.0" rev-constraint-default="0.8.0" rev-constraint-dynamic="0.8.0" callerrev="3.2.0-SNAPSHOT"/>
				<caller organisation="com.github.amlorg" name="amf-aml_2.12" conf="compile, runtime" rev="0.8.0" rev-constraint-default="0.8.0" rev-constraint-dynamic="0.8.0" callerrev="3.2.0-SNAPSHOT"/>
				<caller organisation="com.github.amlorg" name="amf-validation_2.12" conf="compile, runtime" rev="0.8.0" rev-constraint-default="0.8.0" rev-constraint-dynamic="0.8.0" callerrev="3.2.0-SNAPSHOT"/>
				<artifacts>
					<artifact name="scala-java8-compat_2.12" type="bundle" ext="jar" status="no" details="" size="1165728" time="0" location="/Users/hnajles/.ivy2/cache/org.scala-lang.modules/scala-java8-compat_2.12/bundles/scala-java8-compat_2.12-0.8.0.jar">
						<origin-location is-local="false" location="https://repo1.maven.org/maven2/org/scala-lang/modules/scala-java8-compat_2.12/0.8.0/scala-java8-compat_2.12-0.8.0.jar"/>
					</artifact>
				</artifacts>
			</revision>
		</module>
		<module organisation="org.apache.commons" name="commons-lang3">
			<revision name="3.4" status="release" pubdate="20150403093112" resolver="sbt-chain" artresolver="sbt-chain" homepage="http://commons.apache.org/proper/commons-lang/" downloaded="false" searched="false" default="false" conf="compile, runtime(*), master(compile), runtime, compile(*), master" position="39">
				<license name="Apache License, Version 2.0" url="http://www.apache.org/licenses/LICENSE-2.0.txt"/>
				<metadata-artifact status="no" details="" size="11673" time="0" location="/Users/hnajles/.ivy2/cache/org.apache.commons/commons-lang3/ivy-3.4.xml" searched="false" origin-is-local="false" origin-location="https://repo1.maven.org/maven2/org/apache/commons/commons-lang3/3.4/commons-lang3-3.4.pom"/>
				<caller organisation="org.apache.jena" name="jena-base" conf="compile, runtime" rev="3.4" rev-constraint-default="3.4" rev-constraint-dynamic="3.4" callerrev="3.8.0"/>
				<caller organisation="org.apache.jena" name="jena-arq" conf="compile, runtime" rev="3.4" rev-constraint-default="3.4" rev-constraint-dynamic="3.4" callerrev="3.8.0"/>
				<artifacts>
					<artifact name="commons-lang3" type="jar" ext="jar" status="no" details="" size="434678" time="0" location="/Users/hnajles/.ivy2/cache/org.apache.commons/commons-lang3/jars/commons-lang3-3.4.jar">
						<origin-location is-local="false" location="https://repo1.maven.org/maven2/org/apache/commons/commons-lang3/3.4/commons-lang3-3.4.jar"/>
					</artifact>
				</artifacts>
			</revision>
		</module>
		<module organisation="com.github.scopt" name="scopt_2.12">
			<revision name="3.7.0" status="release" pubdate="20170825062648" resolver="sbt-chain" artresolver="sbt-chain" homepage="https://github.com/scopt/scopt" downloaded="false" searched="false" default="false" conf="compile, runtime(*), master(compile), runtime, compile(*), master" position="7">
				<license name="MIT License" url="http://www.opensource.org/licenses/mit-license.php"/>
				<metadata-artifact status="no" details="" size="2801" time="0" location="/Users/hnajles/.ivy2/cache/com.github.scopt/scopt_2.12/ivy-3.7.0.xml" searched="false" origin-is-local="false" origin-location="https://repo1.maven.org/maven2/com/github/scopt/scopt_2.12/3.7.0/scopt_2.12-3.7.0.pom"/>
				<caller organisation="com.github.amlorg" name="amf-webapi_2.12" conf="default, compile, runtime, master" rev="3.7.0" rev-constraint-default="3.7.0" rev-constraint-dynamic="3.7.0" callerrev="3.2.0-SNAPSHOT"/>
				<caller organisation="com.github.amlorg" name="amf-core_2.12" conf="compile, runtime" rev="3.7.0" rev-constraint-default="3.7.0" rev-constraint-dynamic="3.7.0" callerrev="3.2.0-SNAPSHOT"/>
				<caller organisation="com.github.amlorg" name="amf-client_2.12" conf="default, compile, runtime, master" rev="3.7.0" rev-constraint-default="3.7.0" rev-constraint-dynamic="3.7.0" callerrev="3.2.0-SNAPSHOT"/>
				<caller organisation="com.github.amlorg" name="amf-aml_2.12" conf="compile, runtime" rev="3.7.0" rev-constraint-default="3.7.0" rev-constraint-dynamic="3.7.0" callerrev="3.2.0-SNAPSHOT"/>
				<caller organisation="com.github.amlorg" name="amf-validation_2.12" conf="compile, runtime" rev="3.7.0" rev-constraint-default="3.7.0" rev-constraint-dynamic="3.7.0" callerrev="3.2.0-SNAPSHOT"/>
				<artifacts>
					<artifact name="scopt_2.12" type="jar" ext="jar" status="no" details="" size="78676" time="0" location="/Users/hnajles/.ivy2/cache/com.github.scopt/scopt_2.12/jars/scopt_2.12-3.7.0.jar">
						<origin-location is-local="false" location="https://repo1.maven.org/maven2/com/github/scopt/scopt_2.12/3.7.0/scopt_2.12-3.7.0.jar"/>
					</artifact>
				</artifacts>
			</revision>
		</module>
		<module organisation="org.mule.syaml" name="syaml_2.12">
			<revision name="0.6.2" status="release" pubdate="20181204162922" resolver="sbt-chain" artresolver="sbt-chain" homepage="" downloaded="false" searched="false" default="false" conf="default, compile, runtime(*), master(compile), runtime, default(compile), compile(*), master" position="5">
				<metadata-artifact status="no" details="" size="2952" time="0" location="/Users/hnajles/.ivy2/cache/org.mule.syaml/syaml_2.12/ivy-0.6.2.xml" searched="false" origin-is-local="false" origin-location="https://repository-master.mulesoft.org/nexus/content/repositories/releases/org/mule/syaml/syaml_2.12/0.6.2/syaml_2.12-0.6.2.pom"/>
				<caller organisation="com.github.amlorg" name="amf-core_2.12" conf="compile, runtime" rev="0.6.2" rev-constraint-default="0.6.2" rev-constraint-dynamic="0.6.2" callerrev="3.2.0-SNAPSHOT"/>
				<caller organisation="test" name="als-hl_2.12" conf="compile" rev="0.6.2" rev-constraint-default="0.6.2" rev-constraint-dynamic="0.6.2" callerrev="0.5.5-SNAPSHOT"/>
				<caller organisation="test" name="als-outline_2.12" conf="compile" rev="0.6.2" rev-constraint-default="0.6.2" rev-constraint-dynamic="0.6.2" callerrev="0.5.5-SNAPSHOT"/>
				<caller organisation="test" name="als-suggestions_2.12" conf="compile" rev="0.6.2" rev-constraint-default="0.6.2" rev-constraint-dynamic="0.6.2" callerrev="0.5.5-SNAPSHOT"/>
				<caller organisation="test" name="als-server_2.12" conf="compile, runtime" rev="0.6.2" rev-constraint-default="0.6.2" rev-constraint-dynamic="0.6.2" callerrev="0.5.5-SNAPSHOT"/>
				<artifacts>
					<artifact name="syaml_2.12" type="jar" ext="jar" status="no" details="" size="405410" time="0" location="/Users/hnajles/.ivy2/cache/org.mule.syaml/syaml_2.12/jars/syaml_2.12-0.6.2.jar">
						<origin-location is-local="false" location="https://repository-master.mulesoft.org/nexus/content/repositories/releases/org/mule/syaml/syaml_2.12/0.6.2/syaml_2.12-0.6.2.jar"/>
					</artifact>
				</artifacts>
			</revision>
		</module>
		<module organisation="org.mule.common" name="scala-common_2.12">
			<revision name="0.4.0" status="release" pubdate="20181101163515" resolver="sbt-chain" artresolver="sbt-chain" homepage="" downloaded="false" searched="false" default="false" conf="default, compile, runtime(*), master(compile), runtime, default(compile), compile(*), master" position="6">
				<metadata-artifact status="no" details="" size="2946" time="0" location="/Users/hnajles/.ivy2/cache/org.mule.common/scala-common_2.12/ivy-0.4.0.xml" searched="false" origin-is-local="false" origin-location="https://repository-master.mulesoft.org/nexus/content/repositories/releases/org/mule/common/scala-common_2.12/0.4.0/scala-common_2.12-0.4.0.pom"/>
				<caller organisation="org.mule.syaml" name="syaml_2.12" conf="compile, runtime" rev="0.4.0" rev-constraint-default="0.4.0" rev-constraint-dynamic="0.4.0" callerrev="0.6.2"/>
				<caller organisation="test" name="als-hl_2.12" conf="compile" rev="0.4.0" rev-constraint-default="0.4.0" rev-constraint-dynamic="0.4.0" callerrev="0.5.5-SNAPSHOT"/>
				<caller organisation="test" name="als-outline_2.12" conf="compile" rev="0.4.0" rev-constraint-default="0.4.0" rev-constraint-dynamic="0.4.0" callerrev="0.5.5-SNAPSHOT"/>
				<caller organisation="test" name="als-suggestions_2.12" conf="compile" rev="0.4.0" rev-constraint-default="0.4.0" rev-constraint-dynamic="0.4.0" callerrev="0.5.5-SNAPSHOT"/>
				<caller organisation="test" name="als-server_2.12" conf="compile, runtime" rev="0.4.0" rev-constraint-default="0.4.0" rev-constraint-dynamic="0.4.0" callerrev="0.5.5-SNAPSHOT"/>
				<artifacts>
					<artifact name="scala-common_2.12" type="jar" ext="jar" status="no" details="" size="152659" time="0" location="/Users/hnajles/.ivy2/cache/org.mule.common/scala-common_2.12/jars/scala-common_2.12-0.4.0.jar">
						<origin-location is-local="false" location="https://repository-master.mulesoft.org/nexus/content/repositories/releases/org/mule/common/scala-common_2.12/0.4.0/scala-common_2.12-0.4.0.jar"/>
					</artifact>
				</artifacts>
			</revision>
		</module>
		<module organisation="org.scala-lang" name="scala-library">
			<revision name="2.12.6" status="release" pubdate="20180427054006" resolver="sbt-chain" artresolver="sbt-chain" homepage="http://www.scala-lang.org/" extra-info.apiURL="http://www.scala-lang.org/api/2.12.6/" downloaded="false" searched="false" default="false" conf="default, compile, runtime(*), master(compile), runtime, default(compile), compile(*), master" position="0">
				<license name="BSD 3-Clause" url="http://www.scala-lang.org/license.html"/>
				<metadata-artifact status="no" details="" size="2653" time="0" location="/Users/hnajles/.ivy2/cache/org.scala-lang/scala-library/ivy-2.12.6.xml" searched="false" origin-is-local="false" origin-location="https://repo1.maven.org/maven2/org/scala-lang/scala-library/2.12.6/scala-library-2.12.6.pom"/>
				<caller organisation="org.json4s" name="json4s-ast_2.12" conf="compile, runtime" rev="2.12.6" rev-constraint-default="2.12.6" rev-constraint-dynamic="2.12.6" callerrev="3.5.4"/>
				<caller organisation="org.json4s" name="json4s-core_2.12" conf="compile, runtime" rev="2.12.6" rev-constraint-default="2.12.6" rev-constraint-dynamic="2.12.6" callerrev="3.5.4"/>
				<caller organisation="org.mule.common" name="scala-common_2.12" conf="compile, runtime" rev="2.12.6" rev-constraint-default="2.12.6" rev-constraint-dynamic="2.12.6" callerrev="0.4.0"/>
				<caller organisation="org.mule.syaml" name="syaml_2.12" conf="compile, runtime" rev="2.12.6" rev-constraint-default="2.12.6" rev-constraint-dynamic="2.12.6" callerrev="0.6.2"/>
				<caller organisation="test" name="als-hl_2.12" conf="compile" rev="2.12.6" rev-constraint-default="2.12.6" rev-constraint-dynamic="2.12.6" callerrev="0.5.5-SNAPSHOT"/>
				<caller organisation="org.scala-lang.modules" name="scala-java8-compat_2.12" conf="compile, runtime" rev="2.12.6" rev-constraint-default="2.12.6" rev-constraint-dynamic="2.12.6" callerrev="0.8.0"/>
				<caller organisation="com.github.amlorg" name="amf-client_2.12" conf="default, compile, runtime, master" rev="2.12.6" rev-constraint-default="2.12.6" rev-constraint-dynamic="2.12.6" callerrev="3.2.0-SNAPSHOT"/>
				<caller organisation="com.github.amlorg" name="amf-validation_2.12" conf="compile, runtime" rev="2.12.6" rev-constraint-default="2.12.6" rev-constraint-dynamic="2.12.6" callerrev="3.2.0-SNAPSHOT"/>
				<caller organisation="org.json4s" name="json4s-native_2.12" conf="compile, runtime" rev="2.12.6" rev-constraint-default="2.12.6" rev-constraint-dynamic="2.12.6" callerrev="3.5.4"/>
				<caller organisation="org.scala-lang.modules" name="scala-xml_2.12" conf="compile, runtime" rev="2.12.6" rev-constraint-default="2.12.6" rev-constraint-dynamic="2.12.6" callerrev="1.0.6"/>
				<caller organisation="com.github.amlorg" name="amf-webapi_2.12" conf="default, compile, runtime, master" rev="2.12.6" rev-constraint-default="2.12.6" rev-constraint-dynamic="2.12.6" callerrev="3.2.0-SNAPSHOT"/>
				<caller organisation="org.json4s" name="json4s-scalap_2.12" conf="compile, runtime" rev="2.12.6" rev-constraint-default="2.12.6" rev-constraint-dynamic="2.12.6" callerrev="3.5.4"/>
				<caller organisation="com.github.amlorg" name="amf-core_2.12" conf="compile, runtime" rev="2.12.6" rev-constraint-default="2.12.6" rev-constraint-dynamic="2.12.6" callerrev="3.2.0-SNAPSHOT"/>
				<caller organisation="test" name="als-outline_2.12" conf="compile" rev="2.12.6" rev-constraint-default="2.12.6" rev-constraint-dynamic="2.12.6" callerrev="0.5.5-SNAPSHOT"/>
				<caller organisation="com.github.scopt" name="scopt_2.12" conf="compile, runtime" rev="2.12.6" rev-constraint-default="2.12.6" rev-constraint-dynamic="2.12.6" callerrev="3.7.0"/>
				<caller organisation="com.github.amlorg" name="amf-aml_2.12" conf="compile, runtime" rev="2.12.6" rev-constraint-default="2.12.6" rev-constraint-dynamic="2.12.6" callerrev="3.2.0-SNAPSHOT"/>
				<caller organisation="com.chuusai" name="shapeless_2.12" conf="default, compile, runtime, master" rev="2.12.6" rev-constraint-default="2.12.6" rev-constraint-dynamic="2.12.6" callerrev="2.3.3"/>
				<caller organisation="test" name="als-suggestions_2.12" conf="compile" rev="2.12.6" rev-constraint-default="2.12.6" rev-constraint-dynamic="2.12.6" callerrev="0.5.5-SNAPSHOT"/>
				<caller organisation="org.typelevel" name="macro-compat_2.12" conf="compile, runtime" rev="2.12.6" rev-constraint-default="2.12.6" rev-constraint-dynamic="2.12.6" callerrev="1.1.1"/>
				<caller organisation="test" name="als-server_2.12" conf="compile, runtime" rev="2.12.6" rev-constraint-default="2.12.6" rev-constraint-dynamic="2.12.6" callerrev="0.5.5-SNAPSHOT"/>
				<artifacts>
					<artifact name="scala-library" type="jar" ext="jar" status="no" details="" size="5267302" time="0" location="/Users/hnajles/.ivy2/cache/org.scala-lang/scala-library/jars/scala-library-2.12.6.jar">
						<origin-location is-local="false" location="https://repo1.maven.org/maven2/org/scala-lang/scala-library/2.12.6/scala-library-2.12.6.jar"/>
					</artifact>
				</artifacts>
			</revision>
		</module>
	</dependencies>
</ivy-report>
