<?xml version="1.0" encoding="UTF-8"?>
<?xml-stylesheet type="text/xsl" href="ivy-report.xsl"?>
<ivy-report version="1.0">
	<info
		organisation="test"
		module="als-server_2.12"
		revision="0.5.5-SNAPSHOT"
		conf="plugin"
		confs="compile, runtime, test, provided, optional, compile-internal, runtime-internal, test-internal, plugin, sources, docs, pom, scala-tool, scoveragePlugin"
		date="20181214115715"/>
	<dependencies>
	</dependencies>
</ivy-report>
