<?xml version="1.0" encoding="UTF-8"?>
<?xml-stylesheet type="text/xsl" href="ivy-report.xsl"?>
<ivy-report version="1.0">
	<info
		organisation="test"
		module="als-hl$sources_2.12"
		revision="0.5.5-SNAPSHOT"
		conf="compile"
		confs="compile, runtime, test, provided, optional, compile-internal, runtime-internal, test-internal, plugin, sources, docs, pom, scala-tool, scoveragePlugin"
		date="20181214115830"/>
	<dependencies>
		<module organisation="org.scala-lang.modules" name="scala-java8-compat_2.12">
			<revision name="0.8.0" status="release" pubdate="20161029191227" resolver="sbt-chain" artresolver="sbt-chain" homepage="http://www.scala-lang.org/" downloaded="false" searched="false" default="false" conf="compile, runtime(*), master(compile), runtime, compile(*), master" position="45">
				<license name="BSD 3-clause" url="http://opensource.org/licenses/BSD-3-Clause"/>
				<metadata-artifact status="no" details="" size="3036" time="0" location="/Users/hnajles/.ivy2/cache/org.scala-lang.modules/scala-java8-compat_2.12/ivy-0.8.0.xml" searched="false" origin-is-local="false" origin-location="https://repo1.maven.org/maven2/org/scala-lang/modules/scala-java8-compat_2.12/0.8.0/scala-java8-compat_2.12-0.8.0.pom"/>
				<caller organisation="test" name="als-hl$sources_2.12" conf="compile" rev="0.8.0" rev-constraint-default="0.8.0" rev-constraint-dynamic="0.8.0" callerrev="0.5.5-SNAPSHOT"/>
				<artifacts>
					<artifact name="scala-java8-compat_2.12" type="src" ext="jar" extra-classifier="sources" status="no" details="" size="63853" time="0" location="/Users/hnajles/.ivy2/cache/org.scala-lang.modules/scala-java8-compat_2.12/srcs/scala-java8-compat_2.12-0.8.0-sources.jar">
						<origin-location is-local="false" location="https://repo1.maven.org/maven2/org/scala-lang/modules/scala-java8-compat_2.12/0.8.0/scala-java8-compat_2.12-0.8.0-sources.jar"/>
					</artifact>
				</artifacts>
			</revision>
		</module>
		<module organisation="commons-validator" name="commons-validator">
			<revision name="1.6" status="release" pubdate="20170216121058" resolver="sbt-chain" artresolver="sbt-chain" homepage="http://commons.apache.org/proper/commons-validator/" downloaded="false" searched="false" default="false" conf="compile, runtime(*), master(compile), runtime, compile(*), master" position="44">
				<license name="Apache License, Version 2.0" url="https://www.apache.org/licenses/LICENSE-2.0.txt"/>
				<metadata-artifact status="no" details="" size="13090" time="0" location="/Users/hnajles/.ivy2/cache/commons-validator/commons-validator/ivy-1.6.xml" searched="false" origin-is-local="false" origin-location="https://repo1.maven.org/maven2/commons-validator/commons-validator/1.6/commons-validator-1.6.pom"/>
				<caller organisation="test" name="als-hl$sources_2.12" conf="compile" rev="1.6" rev-constraint-default="1.6" rev-constraint-dynamic="1.6" callerrev="0.5.5-SNAPSHOT"/>
				<artifacts>
					<artifact name="commons-validator" type="src" ext="jar" extra-classifier="sources" status="no" details="" size="234514" time="0" location="/Users/hnajles/.ivy2/cache/commons-validator/commons-validator/srcs/commons-validator-1.6-sources.jar">
						<origin-location is-local="false" location="https://repo1.maven.org/maven2/commons-validator/commons-validator/1.6/commons-validator-1.6-sources.jar"/>
					</artifact>
				</artifacts>
			</revision>
		</module>
		<module organisation="org.topbraid" name="shacl">
			<revision name="1.2.0-INTERNAL" status="release" pubdate="20180718095054" resolver="sbt-chain" artresolver="sbt-chain" homepage="http://topbraid.org/shacl/api" downloaded="false" searched="false" default="false" conf="compile, runtime(*), master(compile), runtime, compile(*), master" position="41">
				<license name="Apache License v2.0" url="http://www.apache.org/licenses/LICENSE-2.0.txt"/>
				<metadata-artifact status="no" details="" size="3759" time="0" location="/Users/hnajles/.ivy2/cache/org.topbraid/shacl/ivy-1.2.0-INTERNAL.xml" searched="false" origin-is-local="false" origin-location="https://repository-master.mulesoft.org/nexus/content/repositories/releases/org/topbraid/shacl/1.2.0-INTERNAL/shacl-1.2.0-INTERNAL.pom"/>
				<caller organisation="test" name="als-hl$sources_2.12" conf="compile" rev="1.2.0-INTERNAL" rev-constraint-default="1.2.0-INTERNAL" rev-constraint-dynamic="1.2.0-INTERNAL" callerrev="0.5.5-SNAPSHOT"/>
				<artifacts>
					<artifact name="shacl" type="src" ext="jar" extra-classifier="sources" status="no" details="" size="320804" time="0" location="/Users/hnajles/.ivy2/cache/org.topbraid/shacl/srcs/shacl-1.2.0-INTERNAL-sources.jar">
						<origin-location is-local="false" location="https://repository-master.mulesoft.org/nexus/content/repositories/releases/org/topbraid/shacl/1.2.0-INTERNAL/shacl-1.2.0-INTERNAL-sources.jar"/>
					</artifact>
				</artifacts>
			</revision>
		</module>
		<module organisation="commons-digester" name="commons-digester">
			<revision name="1.8.1" status="release" pubdate="20090103144824" resolver="sbt-chain" artresolver="sbt-chain" homepage="http://commons.apache.org/digester/" downloaded="false" searched="false" default="false" conf="compile, runtime(*), master(compile), runtime, compile(*), master" position="36">
				<license name="The Apache Software License, Version 2.0" url="http://www.apache.org/licenses/LICENSE-2.0.txt"/>
				<metadata-artifact status="no" details="" size="5414" time="0" location="/Users/hnajles/.ivy2/cache/commons-digester/commons-digester/ivy-1.8.1.xml" searched="false" origin-is-local="false" origin-location="https://repo1.maven.org/maven2/commons-digester/commons-digester/1.8.1/commons-digester-1.8.1.pom"/>
				<caller organisation="test" name="als-hl$sources_2.12" conf="compile" rev="1.8.1" rev-constraint-default="1.8.1" rev-constraint-dynamic="1.8.1" callerrev="0.5.5-SNAPSHOT"/>
				<artifacts>
					<artifact name="commons-digester" type="src" ext="jar" extra-classifier="sources" status="no" details="" size="207836" time="0" location="/Users/hnajles/.ivy2/cache/commons-digester/commons-digester/srcs/commons-digester-1.8.1-sources.jar">
						<origin-location is-local="false" location="https://repo1.maven.org/maven2/commons-digester/commons-digester/1.8.1/commons-digester-1.8.1-sources.jar"/>
					</artifact>
				</artifacts>
			</revision>
		</module>
		<module organisation="com.fasterxml.jackson.core" name="jackson-databind">
			<revision name="2.9.7" status="release" pubdate="20180918234946" resolver="sbt-chain" artresolver="sbt-chain" homepage="http://github.com/FasterXML/jackson" downloaded="false" searched="false" default="false" conf="compile, runtime(*), master(compile), runtime, compile(*), master" position="34">
				<license name="The Apache Software License, Version 2.0" url="http://www.apache.org/licenses/LICENSE-2.0.txt"/>
				<metadata-artifact status="no" details="" size="23250" time="0" location="/Users/hnajles/.ivy2/cache/com.fasterxml.jackson.core/jackson-databind/ivy-2.9.7.xml" searched="false" origin-is-local="false" origin-location="https://repo1.maven.org/maven2/com/fasterxml/jackson/core/jackson-databind/2.9.7/jackson-databind-2.9.7.pom"/>
				<caller organisation="test" name="als-hl$sources_2.12" conf="compile" rev="2.9.7" rev-constraint-default="2.9.7" rev-constraint-dynamic="2.9.7" callerrev="0.5.5-SNAPSHOT"/>
				<artifacts>
					<artifact name="jackson-databind" type="src" ext="jar" extra-classifier="sources" status="no" details="" size="995465" time="0" location="/Users/hnajles/.ivy2/cache/com.fasterxml.jackson.core/jackson-databind/srcs/jackson-databind-2.9.7-sources.jar">
						<origin-location is-local="false" location="https://repo1.maven.org/maven2/com/fasterxml/jackson/core/jackson-databind/2.9.7/jackson-databind-2.9.7-sources.jar"/>
					</artifact>
				</artifacts>
			</revision>
		</module>
		<module organisation="org.json4s" name="json4s-native_2.12">
			<revision name="3.5.4" status="release" pubdate="20180518225820" resolver="sbt-chain" artresolver="sbt-chain" homepage="https://github.com/json4s/json4s" downloaded="false" searched="false" default="false" conf="compile, runtime(*), master(compile), runtime, compile(*), master" position="33">
				<license name="Apache-2.0" url="http://www.apache.org/licenses/LICENSE-2.0"/>
				<metadata-artifact status="no" details="" size="2802" time="0" location="/Users/hnajles/.ivy2/cache/org.json4s/json4s-native_2.12/ivy-3.5.4.xml" searched="false" origin-is-local="false" origin-location="https://repo1.maven.org/maven2/org/json4s/json4s-native_2.12/3.5.4/json4s-native_2.12-3.5.4.pom"/>
				<caller organisation="test" name="als-hl$sources_2.12" conf="compile" rev="3.5.4" rev-constraint-default="3.5.4" rev-constraint-dynamic="3.5.4" callerrev="0.5.5-SNAPSHOT"/>
				<artifacts>
					<artifact name="json4s-native_2.12" type="src" ext="jar" extra-classifier="sources" status="no" details="" size="9067" time="0" location="/Users/hnajles/.ivy2/cache/org.json4s/json4s-native_2.12/srcs/json4s-native_2.12-3.5.4-sources.jar">
						<origin-location is-local="false" location="https://repo1.maven.org/maven2/org/json4s/json4s-native_2.12/3.5.4/json4s-native_2.12-3.5.4-sources.jar"/>
					</artifact>
				</artifacts>
			</revision>
		</module>
		<module organisation="org.json4s" name="json4s-core_2.12">
			<revision name="3.5.4" status="release" pubdate="20180518225834" resolver="sbt-chain" artresolver="sbt-chain" homepage="https://github.com/json4s/json4s" downloaded="false" searched="false" default="false" conf="compile, runtime(*), master(compile), runtime, compile(*), master" position="32">
				<license name="Apache-2.0" url="http://www.apache.org/licenses/LICENSE-2.0"/>
				<metadata-artifact status="no" details="" size="3249" time="0" location="/Users/hnajles/.ivy2/cache/org.json4s/json4s-core_2.12/ivy-3.5.4.xml" searched="false" origin-is-local="false" origin-location="https://repo1.maven.org/maven2/org/json4s/json4s-core_2.12/3.5.4/json4s-core_2.12-3.5.4.pom"/>
				<caller organisation="test" name="als-hl$sources_2.12" conf="compile" rev="3.5.4" rev-constraint-default="3.5.4" rev-constraint-dynamic="3.5.4" callerrev="0.5.5-SNAPSHOT"/>
				<artifacts>
					<artifact name="json4s-core_2.12" type="src" ext="jar" extra-classifier="sources" status="no" details="" size="43216" time="0" location="/Users/hnajles/.ivy2/cache/org.json4s/json4s-core_2.12/srcs/json4s-core_2.12-3.5.4-sources.jar">
						<origin-location is-local="false" location="https://repo1.maven.org/maven2/org/json4s/json4s-core_2.12/3.5.4/json4s-core_2.12-3.5.4-sources.jar"/>
					</artifact>
				</artifacts>
			</revision>
		</module>
		<module organisation="org.json4s" name="json4s-ast_2.12">
			<revision name="3.5.4" status="release" pubdate="20180518225746" resolver="sbt-chain" artresolver="sbt-chain" homepage="https://github.com/json4s/json4s" downloaded="false" searched="false" default="false" conf="compile, runtime(*), master(compile), runtime, compile(*), master" position="31">
				<license name="Apache-2.0" url="http://www.apache.org/licenses/LICENSE-2.0"/>
				<metadata-artifact status="no" details="" size="2648" time="0" location="/Users/hnajles/.ivy2/cache/org.json4s/json4s-ast_2.12/ivy-3.5.4.xml" searched="false" origin-is-local="false" origin-location="https://repo1.maven.org/maven2/org/json4s/json4s-ast_2.12/3.5.4/json4s-ast_2.12-3.5.4.pom"/>
				<caller organisation="test" name="als-hl$sources_2.12" conf="compile" rev="3.5.4" rev-constraint-default="3.5.4" rev-constraint-dynamic="3.5.4" callerrev="0.5.5-SNAPSHOT"/>
				<artifacts>
					<artifact name="json4s-ast_2.12" type="src" ext="jar" extra-classifier="sources" status="no" details="" size="6976" time="0" location="/Users/hnajles/.ivy2/cache/org.json4s/json4s-ast_2.12/srcs/json4s-ast_2.12-3.5.4-sources.jar">
						<origin-location is-local="false" location="https://repo1.maven.org/maven2/org/json4s/json4s-ast_2.12/3.5.4/json4s-ast_2.12-3.5.4-sources.jar"/>
					</artifact>
				</artifacts>
			</revision>
		</module>
		<module organisation="org.apache.commons" name="commons-compress">
			<revision name="1.18" status="release" pubdate="20180813042452" resolver="sbt-chain" artresolver="sbt-chain" homepage="https://commons.apache.org/proper/commons-compress/" downloaded="false" searched="false" default="false" conf="compile, runtime(*), master(compile), runtime, compile(*), master" position="29">
				<license name="Apache License, Version 2.0" url="https://www.apache.org/licenses/LICENSE-2.0.txt"/>
				<metadata-artifact status="no" details="" size="16134" time="0" location="/Users/hnajles/.ivy2/cache/org.apache.commons/commons-compress/ivy-1.18.xml" searched="false" origin-is-local="false" origin-location="https://repo1.maven.org/maven2/org/apache/commons/commons-compress/1.18/commons-compress-1.18.pom"/>
				<caller organisation="test" name="als-hl$sources_2.12" conf="compile" rev="1.18" rev-constraint-default="1.18" rev-constraint-dynamic="1.18" callerrev="0.5.5-SNAPSHOT"/>
				<artifacts>
					<artifact name="commons-compress" type="src" ext="jar" extra-classifier="sources" status="no" details="" size="541624" time="0" location="/Users/hnajles/.ivy2/cache/org.apache.commons/commons-compress/srcs/commons-compress-1.18-sources.jar">
						<origin-location is-local="false" location="https://repo1.maven.org/maven2/org/apache/commons/commons-compress/1.18/commons-compress-1.18-sources.jar"/>
					</artifact>
				</artifacts>
			</revision>
		</module>
		<module organisation="org.mule.syaml" name="syaml_2.12">
			<revision name="0.6.2" status="release" pubdate="20181204162922" resolver="sbt-chain" artresolver="sbt-chain" homepage="" downloaded="false" searched="false" default="false" conf="default, compile, runtime(*), master(compile), runtime, default(compile), compile(*), master" position="28">
				<metadata-artifact status="no" details="" size="2952" time="0" location="/Users/hnajles/.ivy2/cache/org.mule.syaml/syaml_2.12/ivy-0.6.2.xml" searched="false" origin-is-local="false" origin-location="https://repository-master.mulesoft.org/nexus/content/repositories/releases/org/mule/syaml/syaml_2.12/0.6.2/syaml_2.12-0.6.2.pom"/>
				<caller organisation="test" name="als-hl$sources_2.12" conf="compile" rev="0.6.2" rev-constraint-default="0.6.2" rev-constraint-dynamic="0.6.2" callerrev="0.5.5-SNAPSHOT"/>
				<artifacts>
					<artifact name="syaml_2.12" type="src" ext="jar" extra-classifier="sources" status="no" details="" size="60932" time="0" location="/Users/hnajles/.ivy2/cache/org.mule.syaml/syaml_2.12/srcs/syaml_2.12-0.6.2-sources.jar">
						<origin-location is-local="false" location="https://repository-master.mulesoft.org/nexus/content/repositories/releases/org/mule/syaml/syaml_2.12/0.6.2/syaml_2.12-0.6.2-sources.jar"/>
					</artifact>
				</artifacts>
			</revision>
		</module>
		<module organisation="org.mule.common" name="scala-common_2.12">
			<revision name="0.4.0" status="release" pubdate="20181101163515" resolver="sbt-chain" artresolver="sbt-chain" homepage="" downloaded="false" searched="false" default="false" conf="default, compile, runtime(*), master(compile), runtime, default(compile), compile(*), master" position="35">
				<metadata-artifact status="no" details="" size="2946" time="0" location="/Users/hnajles/.ivy2/cache/org.mule.common/scala-common_2.12/ivy-0.4.0.xml" searched="false" origin-is-local="false" origin-location="https://repository-master.mulesoft.org/nexus/content/repositories/releases/org/mule/common/scala-common_2.12/0.4.0/scala-common_2.12-0.4.0.pom"/>
				<caller organisation="test" name="als-hl$sources_2.12" conf="compile" rev="0.4.0" rev-constraint-default="0.4.0" rev-constraint-dynamic="0.4.0" callerrev="0.5.5-SNAPSHOT"/>
				<artifacts>
					<artifact name="scala-common_2.12" type="src" ext="jar" extra-classifier="sources" status="no" details="" size="18076" time="0" location="/Users/hnajles/.ivy2/cache/org.mule.common/scala-common_2.12/srcs/scala-common_2.12-0.4.0-sources.jar">
						<origin-location is-local="false" location="https://repository-master.mulesoft.org/nexus/content/repositories/releases/org/mule/common/scala-common_2.12/0.4.0/scala-common_2.12-0.4.0-sources.jar"/>
					</artifact>
				</artifacts>
			</revision>
		</module>
		<module organisation="com.google.re2j" name="re2j">
			<revision name="1.1" status="release" pubdate="20151117115435" resolver="sbt-chain" artresolver="sbt-chain" homepage="http://github.com/google/re2j" downloaded="false" searched="false" default="false" conf="compile, runtime(*), master(compile), runtime, compile(*), master" position="27">
				<license name="The Go license" url="https://golang.org/LICENSE"/>
				<metadata-artifact status="no" details="" size="3094" time="0" location="/Users/hnajles/.ivy2/cache/com.google.re2j/re2j/ivy-1.1.xml" searched="false" origin-is-local="false" origin-location="https://repo1.maven.org/maven2/com/google/re2j/re2j/1.1/re2j-1.1.pom"/>
				<caller organisation="test" name="als-hl$sources_2.12" conf="compile" rev="1.1" rev-constraint-default="1.1" rev-constraint-dynamic="1.1" callerrev="0.5.5-SNAPSHOT"/>
				<artifacts>
					<artifact name="re2j" type="src" ext="jar" extra-classifier="sources" status="no" details="" size="90596" time="0" location="/Users/hnajles/.ivy2/cache/com.google.re2j/re2j/srcs/re2j-1.1-sources.jar">
						<origin-location is-local="false" location="https://repo1.maven.org/maven2/com/google/re2j/re2j/1.1/re2j-1.1-sources.jar"/>
					</artifact>
				</artifacts>
			</revision>
		</module>
		<module organisation="com.fasterxml.jackson.core" name="jackson-annotations">
			<revision name="2.9.0" status="release" pubdate="20170730005340" resolver="sbt-chain" artresolver="sbt-chain" homepage="http://github.com/FasterXML/jackson" downloaded="false" searched="false" default="false" conf="compile, runtime(*), master(compile), runtime, compile(*), master" position="22">
				<license name="The Apache Software License, Version 2.0" url="http://www.apache.org/licenses/LICENSE-2.0.txt"/>
				<metadata-artifact status="no" details="" size="6969" time="0" location="/Users/hnajles/.ivy2/cache/com.fasterxml.jackson.core/jackson-annotations/ivy-2.9.0.xml" searched="false" origin-is-local="false" origin-location="https://repo1.maven.org/maven2/com/fasterxml/jackson/core/jackson-annotations/2.9.0/jackson-annotations-2.9.0.pom"/>
				<caller organisation="test" name="als-hl$sources_2.12" conf="compile" rev="2.9.0" rev-constraint-default="2.9.0" rev-constraint-dynamic="2.9.0" callerrev="0.5.5-SNAPSHOT"/>
				<artifacts>
					<artifact name="jackson-annotations" type="src" ext="jar" extra-classifier="sources" status="no" details="" size="68177" time="0" location="/Users/hnajles/.ivy2/cache/com.fasterxml.jackson.core/jackson-annotations/srcs/jackson-annotations-2.9.0-sources.jar">
						<origin-location is-local="false" location="https://repo1.maven.org/maven2/com/fasterxml/jackson/core/jackson-annotations/2.9.0/jackson-annotations-2.9.0-sources.jar"/>
					</artifact>
				</artifacts>
			</revision>
		</module>
		<module organisation="org.json4s" name="json4s-scalap_2.12">
			<revision name="3.5.4" status="release" pubdate="20180518225800" resolver="sbt-chain" artresolver="sbt-chain" homepage="https://github.com/json4s/json4s" downloaded="false" searched="false" default="false" conf="compile, runtime(*), master(compile), runtime, compile(*), master" position="18">
				<license name="Apache-2.0" url="http://www.apache.org/licenses/LICENSE-2.0"/>
				<metadata-artifact status="no" details="" size="2657" time="0" location="/Users/hnajles/.ivy2/cache/org.json4s/json4s-scalap_2.12/ivy-3.5.4.xml" searched="false" origin-is-local="false" origin-location="https://repo1.maven.org/maven2/org/json4s/json4s-scalap_2.12/3.5.4/json4s-scalap_2.12-3.5.4.pom"/>
				<caller organisation="test" name="als-hl$sources_2.12" conf="compile" rev="3.5.4" rev-constraint-default="3.5.4" rev-constraint-dynamic="3.5.4" callerrev="0.5.5-SNAPSHOT"/>
				<artifacts>
					<artifact name="json4s-scalap_2.12" type="src" ext="jar" extra-classifier="sources" status="no" details="" size="18543" time="0" location="/Users/hnajles/.ivy2/cache/org.json4s/json4s-scalap_2.12/srcs/json4s-scalap_2.12-3.5.4-sources.jar">
						<origin-location is-local="false" location="https://repo1.maven.org/maven2/org/json4s/json4s-scalap_2.12/3.5.4/json4s-scalap_2.12-3.5.4-sources.jar"/>
					</artifact>
				</artifacts>
			</revision>
		</module>
		<module organisation="com.chuusai" name="shapeless_2.12">
			<revision name="2.3.3" status="release" pubdate="20171231115153" resolver="sbt-chain" artresolver="sbt-chain" homepage="https://github.com/milessabin/shapeless" downloaded="false" searched="false" default="false" conf="default, compile, runtime, default(compile), master" position="15">
				<license name="Apache 2" url="http://www.apache.org/licenses/LICENSE-2.0.txt"/>
				<metadata-artifact status="no" details="" size="3230" time="0" location="/Users/hnajles/.ivy2/cache/com.chuusai/shapeless_2.12/ivy-2.3.3.xml" searched="false" origin-is-local="false" origin-location="https://repo1.maven.org/maven2/com/chuusai/shapeless_2.12/2.3.3/shapeless_2.12-2.3.3.pom"/>
				<caller organisation="test" name="als-hl$sources_2.12" conf="compile" rev="2.3.3" rev-constraint-default="2.3.3" rev-constraint-dynamic="2.3.3" callerrev="0.5.5-SNAPSHOT"/>
				<artifacts>
					<artifact name="shapeless_2.12" type="src" ext="jar" extra-classifier="sources" status="no" details="" size="172402" time="0" location="/Users/hnajles/.ivy2/cache/com.chuusai/shapeless_2.12/srcs/shapeless_2.12-2.3.3-sources.jar">
						<origin-location is-local="false" location="https://repo1.maven.org/maven2/com/chuusai/shapeless_2.12/2.3.3/shapeless_2.12-2.3.3-sources.jar"/>
					</artifact>
				</artifacts>
			</revision>
		</module>
		<module organisation="org.typelevel" name="macro-compat_2.12">
			<revision name="1.1.1" status="release" pubdate="20161102054258" resolver="sbt-chain" artresolver="sbt-chain" homepage="https://github.com/milessabin/macro-compat" downloaded="false" searched="false" default="false" conf="compile, runtime(*), master(compile), runtime, compile(*), master" position="26">
				<license name="Apache 2" url="http://www.apache.org/licenses/LICENSE-2.0.txt"/>
				<metadata-artifact status="no" details="" size="2964" time="0" location="/Users/hnajles/.ivy2/cache/org.typelevel/macro-compat_2.12/ivy-1.1.1.xml" searched="false" origin-is-local="false" origin-location="https://repo1.maven.org/maven2/org/typelevel/macro-compat_2.12/1.1.1/macro-compat_2.12-1.1.1.pom"/>
				<caller organisation="test" name="als-hl$sources_2.12" conf="compile" rev="1.1.1" rev-constraint-default="1.1.1" rev-constraint-dynamic="1.1.1" callerrev="0.5.5-SNAPSHOT"/>
				<artifacts>
					<artifact name="macro-compat_2.12" type="src" ext="jar" extra-classifier="sources" status="no" details="" size="1052" time="0" location="/Users/hnajles/.ivy2/cache/org.typelevel/macro-compat_2.12/srcs/macro-compat_2.12-1.1.1-sources.jar">
						<origin-location is-local="false" location="https://repo1.maven.org/maven2/org/typelevel/macro-compat_2.12/1.1.1/macro-compat_2.12-1.1.1-sources.jar"/>
					</artifact>
				</artifacts>
			</revision>
		</module>
		<module organisation="org.scala-lang.modules" name="scala-xml_2.12">
			<revision name="1.0.6" status="release" pubdate="20161101112105" resolver="sbt-chain" artresolver="sbt-chain" homepage="http://www.scala-lang.org/" downloaded="false" searched="false" default="false" conf="compile, runtime(*), master(compile), runtime, compile(*), master" position="14">
				<license name="BSD 3-clause" url="http://opensource.org/licenses/BSD-3-Clause"/>
				<metadata-artifact status="no" details="" size="3137" time="0" location="/Users/hnajles/.ivy2/cache/org.scala-lang.modules/scala-xml_2.12/ivy-1.0.6.xml" searched="false" origin-is-local="false" origin-location="https://repo1.maven.org/maven2/org/scala-lang/modules/scala-xml_2.12/1.0.6/scala-xml_2.12-1.0.6.pom"/>
				<caller organisation="test" name="als-hl$sources_2.12" conf="compile" rev="1.0.6" rev-constraint-default="1.0.6" rev-constraint-dynamic="1.0.6" callerrev="0.5.5-SNAPSHOT"/>
				<artifacts>
					<artifact name="scala-xml_2.12" type="src" ext="jar" extra-classifier="sources" status="no" details="" size="109199" time="0" location="/Users/hnajles/.ivy2/cache/org.scala-lang.modules/scala-xml_2.12/srcs/scala-xml_2.12-1.0.6-sources.jar">
						<origin-location is-local="false" location="https://repo1.maven.org/maven2/org/scala-lang/modules/scala-xml_2.12/1.0.6/scala-xml_2.12-1.0.6-sources.jar"/>
					</artifact>
				</artifacts>
			</revision>
		</module>
		<module organisation="com.damnhandy" name="handy-uri-templates">
			<revision name="2.1.6" status="release" pubdate="20160703105434" resolver="sbt-chain" artresolver="sbt-chain" homepage="https://github.com/damnhandy/Handy-URI-Templates" downloaded="false" searched="false" default="false" conf="compile, runtime(*), master(compile), runtime, compile(*), master" position="12">
				<license name="The Apache Software License, Version 2.0" url="http://www.apache.org/licenses/LICENSE-2.0.txt"/>
				<metadata-artifact status="no" details="" size="5353" time="0" location="/Users/hnajles/.ivy2/cache/com.damnhandy/handy-uri-templates/ivy-2.1.6.xml" searched="false" origin-is-local="false" origin-location="https://repo1.maven.org/maven2/com/damnhandy/handy-uri-templates/2.1.6/handy-uri-templates-2.1.6.pom"/>
				<caller organisation="test" name="als-hl$sources_2.12" conf="compile" rev="2.1.6" rev-constraint-default="2.1.6" rev-constraint-dynamic="2.1.6" callerrev="0.5.5-SNAPSHOT"/>
				<artifacts>
					<artifact name="handy-uri-templates" type="src" ext="jar" extra-classifier="sources" status="no" details="" size="42483" time="0" location="/Users/hnajles/.ivy2/cache/com.damnhandy/handy-uri-templates/srcs/handy-uri-templates-2.1.6-sources.jar">
						<origin-location is-local="false" location="https://repo1.maven.org/maven2/com/damnhandy/handy-uri-templates/2.1.6/handy-uri-templates-2.1.6-sources.jar"/>
					</artifact>
				</artifacts>
			</revision>
		</module>
		<module organisation="joda-time" name="joda-time">
			<revision name="2.9.4" status="release" pubdate="20160527062535" resolver="sbt-chain" artresolver="sbt-chain" homepage="http://www.joda.org/joda-time/" downloaded="false" searched="false" default="false" conf="compile, runtime(*), master(compile), runtime, compile(*), master" position="19">
				<license name="Apache 2" url="http://www.apache.org/licenses/LICENSE-2.0.txt"/>
				<metadata-artifact status="no" details="" size="6595" time="0" location="/Users/hnajles/.ivy2/cache/joda-time/joda-time/ivy-2.9.4.xml" searched="false" origin-is-local="false" origin-location="https://repo1.maven.org/maven2/joda-time/joda-time/2.9.4/joda-time-2.9.4.pom"/>
				<caller organisation="test" name="als-hl$sources_2.12" conf="compile" rev="2.9.4" rev-constraint-default="2.9.4" rev-constraint-dynamic="2.9.4" callerrev="0.5.5-SNAPSHOT"/>
				<artifacts>
					<artifact name="joda-time" type="src" ext="jar" extra-classifier="sources" status="no" details="" size="774317" time="0" location="/Users/hnajles/.ivy2/cache/joda-time/joda-time/srcs/joda-time-2.9.4-sources.jar">
						<origin-location is-local="false" location="https://repo1.maven.org/maven2/joda-time/joda-time/2.9.4/joda-time-2.9.4-sources.jar"/>
					</artifact>
				</artifacts>
			</revision>
		</module>
		<module organisation="com.github.scopt" name="scopt_2.12">
			<revision name="3.7.0" status="release" pubdate="20170825062648" resolver="sbt-chain" artresolver="sbt-chain" homepage="https://github.com/scopt/scopt" downloaded="false" searched="false" default="false" conf="compile, runtime(*), master(compile), runtime, compile(*), master" position="10">
				<license name="MIT License" url="http://www.opensource.org/licenses/mit-license.php"/>
				<metadata-artifact status="no" details="" size="2801" time="0" location="/Users/hnajles/.ivy2/cache/com.github.scopt/scopt_2.12/ivy-3.7.0.xml" searched="false" origin-is-local="false" origin-location="https://repo1.maven.org/maven2/com/github/scopt/scopt_2.12/3.7.0/scopt_2.12-3.7.0.pom"/>
				<caller organisation="test" name="als-hl$sources_2.12" conf="compile" rev="3.7.0" rev-constraint-default="3.7.0" rev-constraint-dynamic="3.7.0" callerrev="0.5.5-SNAPSHOT"/>
				<artifacts>
					<artifact name="scopt_2.12" type="src" ext="jar" extra-classifier="sources" status="no" details="" size="8911" time="0" location="/Users/hnajles/.ivy2/cache/com.github.scopt/scopt_2.12/srcs/scopt_2.12-3.7.0-sources.jar">
						<origin-location is-local="false" location="https://repo1.maven.org/maven2/com/github/scopt/scopt_2.12/3.7.0/scopt_2.12-3.7.0-sources.jar"/>
					</artifact>
				</artifacts>
			</revision>
		</module>
		<module organisation="org.apache.jena" name="jena-arq">
			<revision name="3.8.0" status="release" pubdate="20180625080410" resolver="sbt-chain" artresolver="sbt-chain" homepage="" downloaded="false" searched="false" default="false" conf="compile, runtime(*), master(compile), runtime, compile(*), master" position="9">
				<license name="The Apache Software License, Version 2.0" url="http://www.apache.org/licenses/LICENSE-2.0.txt"/>
				<metadata-artifact status="no" details="" size="17326" time="0" location="/Users/hnajles/.ivy2/cache/org.apache.jena/jena-arq/ivy-3.8.0.xml" searched="false" origin-is-local="false" origin-location="https://repo1.maven.org/maven2/org/apache/jena/jena-arq/3.8.0/jena-arq-3.8.0.pom"/>
				<caller organisation="test" name="als-hl$sources_2.12" conf="compile" rev="3.8.0" rev-constraint-default="3.8.0" rev-constraint-dynamic="3.8.0" callerrev="0.5.5-SNAPSHOT"/>
				<artifacts>
					<artifact name="jena-arq" type="src" ext="jar" extra-classifier="sources" status="no" details="" size="2310467" time="0" location="/Users/hnajles/.ivy2/cache/org.apache.jena/jena-arq/srcs/jena-arq-3.8.0-sources.jar">
						<origin-location is-local="false" location="https://repo1.maven.org/maven2/org/apache/jena/jena-arq/3.8.0/jena-arq-3.8.0-sources.jar"/>
					</artifact>
				</artifacts>
			</revision>
		</module>
		<module organisation="org.apache.thrift" name="libthrift">
			<revision name="0.10.0" status="release" pubdate="20170201130737" resolver="sbt-chain" artresolver="sbt-chain" homepage="http://thrift.apache.org" downloaded="false" searched="false" default="false" conf="compile, runtime(*), master(compile), runtime, compile(*), master" position="11">
				<license name="The Apache Software License, Version 2.0" url="http://www.apache.org/licenses/LICENSE-2.0.txt"/>
				<metadata-artifact status="no" details="" size="3182" time="0" location="/Users/hnajles/.ivy2/cache/org.apache.thrift/libthrift/ivy-0.10.0.xml" searched="false" origin-is-local="false" origin-location="https://repo1.maven.org/maven2/org/apache/thrift/libthrift/0.10.0/libthrift-0.10.0.pom"/>
				<caller organisation="test" name="als-hl$sources_2.12" conf="compile" rev="0.10.0" rev-constraint-default="0.10.0" rev-constraint-dynamic="0.10.0" callerrev="0.5.5-SNAPSHOT"/>
				<artifacts>
					<artifact name="libthrift" type="src" ext="jar" extra-classifier="sources" status="no" details="" size="175996" time="0" location="/Users/hnajles/.ivy2/cache/org.apache.thrift/libthrift/srcs/libthrift-0.10.0-sources.jar">
						<origin-location is-local="false" location="https://repo1.maven.org/maven2/org/apache/thrift/libthrift/0.10.0/libthrift-0.10.0-sources.jar"/>
					</artifact>
				</artifacts>
			</revision>
		</module>
		<module organisation="com.github.jsonld-java" name="jsonld-java">
			<revision name="0.12.0" status="release" pubdate="20180408014346" resolver="sbt-chain" artresolver="sbt-chain" homepage="" downloaded="false" searched="false" default="false" conf="compile, runtime(*), master(compile), runtime, compile(*), master" position="43">
				<license name="Revised BSD License" url="https://raw.github.com/jsonld-java/jsonld-java/master/LICENCE"/>
				<metadata-artifact status="no" details="" size="18898" time="0" location="/Users/hnajles/.ivy2/cache/com.github.jsonld-java/jsonld-java/ivy-0.12.0.xml" searched="false" origin-is-local="false" origin-location="https://repo1.maven.org/maven2/com/github/jsonld-java/jsonld-java/0.12.0/jsonld-java-0.12.0.pom"/>
				<caller organisation="test" name="als-hl$sources_2.12" conf="compile" rev="0.12.0" rev-constraint-default="0.12.0" rev-constraint-dynamic="0.12.0" callerrev="0.5.5-SNAPSHOT"/>
				<artifacts>
					<artifact name="jsonld-java" type="src" ext="jar" extra-classifier="sources" status="no" details="" size="72641" time="0" location="/Users/hnajles/.ivy2/cache/com.github.jsonld-java/jsonld-java/srcs/jsonld-java-0.12.0-sources.jar">
						<origin-location is-local="false" location="https://repo1.maven.org/maven2/com/github/jsonld-java/jsonld-java/0.12.0/jsonld-java-0.12.0-sources.jar"/>
					</artifact>
				</artifacts>
			</revision>
		</module>
		<module organisation="org.slf4j" name="jcl-over-slf4j">
			<revision name="1.7.25" status="release" pubdate="20170316133729" resolver="sbt-chain" artresolver="sbt-chain" homepage="http://www.slf4j.org" downloaded="false" searched="false" default="false" conf="compile, runtime(*), master(compile), runtime, compile(*), master" position="30">
				<license name="MIT License" url="http://www.opensource.org/licenses/mit-license.php"/>
				<metadata-artifact status="no" details="" size="5273" time="0" location="/Users/hnajles/.ivy2/cache/org.slf4j/jcl-over-slf4j/ivy-1.7.25.xml" searched="false" origin-is-local="false" origin-location="https://repo1.maven.org/maven2/org/slf4j/jcl-over-slf4j/1.7.25/jcl-over-slf4j-1.7.25.pom"/>
				<caller organisation="test" name="als-hl$sources_2.12" conf="compile" rev="1.7.25" rev-constraint-default="1.7.25" rev-constraint-dynamic="1.7.25" callerrev="0.5.5-SNAPSHOT"/>
				<artifacts>
					<artifact name="jcl-over-slf4j" type="src" ext="jar" extra-classifier="sources" status="no" details="" size="23239" time="0" location="/Users/hnajles/.ivy2/cache/org.slf4j/jcl-over-slf4j/srcs/jcl-over-slf4j-1.7.25-sources.jar">
						<origin-location is-local="false" location="https://repo1.maven.org/maven2/org/slf4j/jcl-over-slf4j/1.7.25/jcl-over-slf4j-1.7.25-sources.jar"/>
					</artifact>
				</artifacts>
			</revision>
		</module>
		<module organisation="org.apache.jena" name="jena-core">
			<revision name="3.8.0" status="release" pubdate="20180625080255" resolver="sbt-chain" artresolver="sbt-chain" homepage="" downloaded="false" searched="false" default="false" conf="compile, runtime(*), master(compile), runtime, compile(*), master" position="16">
				<license name="The Apache Software License, Version 2.0" url="http://www.apache.org/licenses/LICENSE-2.0.txt"/>
				<metadata-artifact status="no" details="" size="15816" time="0" location="/Users/hnajles/.ivy2/cache/org.apache.jena/jena-core/ivy-3.8.0.xml" searched="false" origin-is-local="false" origin-location="https://repo1.maven.org/maven2/org/apache/jena/jena-core/3.8.0/jena-core-3.8.0.pom"/>
				<caller organisation="test" name="als-hl$sources_2.12" conf="compile" rev="3.8.0" rev-constraint-default="3.8.0" rev-constraint-dynamic="3.8.0" callerrev="0.5.5-SNAPSHOT"/>
				<artifacts>
					<artifact name="jena-core" type="src" ext="jar" extra-classifier="sources" status="no" details="" size="1853407" time="0" location="/Users/hnajles/.ivy2/cache/org.apache.jena/jena-core/srcs/jena-core-3.8.0-sources.jar">
						<origin-location is-local="false" location="https://repo1.maven.org/maven2/org/apache/jena/jena-core/3.8.0/jena-core-3.8.0-sources.jar"/>
					</artifact>
				</artifacts>
			</revision>
		</module>
		<module organisation="org.apache.jena" name="jena-base">
			<revision name="3.8.0" status="release" pubdate="20180625080143" resolver="sbt-chain" artresolver="sbt-chain" homepage="" downloaded="false" searched="false" default="false" conf="compile, runtime(*), master(compile), runtime, compile(*), master" position="13">
				<license name="The Apache Software License, Version 2.0" url="http://www.apache.org/licenses/LICENSE-2.0.txt"/>
				<metadata-artifact status="no" details="" size="15385" time="0" location="/Users/hnajles/.ivy2/cache/org.apache.jena/jena-base/ivy-3.8.0.xml" searched="false" origin-is-local="false" origin-location="https://repo1.maven.org/maven2/org/apache/jena/jena-base/3.8.0/jena-base-3.8.0.pom"/>
				<caller organisation="test" name="als-hl$sources_2.12" conf="compile" rev="3.8.0" rev-constraint-default="3.8.0" rev-constraint-dynamic="3.8.0" callerrev="0.5.5-SNAPSHOT"/>
				<artifacts>
					<artifact name="jena-base" type="src" ext="jar" extra-classifier="sources" status="no" details="" size="210999" time="0" location="/Users/hnajles/.ivy2/cache/org.apache.jena/jena-base/srcs/jena-base-3.8.0-sources.jar">
						<origin-location is-local="false" location="https://repo1.maven.org/maven2/org/apache/jena/jena-base/3.8.0/jena-base-3.8.0-sources.jar"/>
					</artifact>
				</artifacts>
			</revision>
		</module>
		<module organisation="com.github.andrewoma.dexx" name="collection">
			<revision name="0.7" status="release" pubdate="20161217170844" resolver="sbt-chain" artresolver="sbt-chain" homepage="https://github.com/andrewoma/dexx" downloaded="false" searched="false" default="false" conf="compile, runtime(*), master(compile), runtime, compile(*), master" position="40">
				<license name="MIT License" url="http://www.opensource.org/licenses/mit-license.php"/>
				<metadata-artifact status="no" details="" size="3152" time="0" location="/Users/hnajles/.ivy2/cache/com.github.andrewoma.dexx/collection/ivy-0.7.xml" searched="false" origin-is-local="false" origin-location="https://repo1.maven.org/maven2/com/github/andrewoma/dexx/collection/0.7/collection-0.7.pom"/>
				<caller organisation="test" name="als-hl$sources_2.12" conf="compile" rev="0.7" rev-constraint-default="0.7" rev-constraint-dynamic="0.7" callerrev="0.5.5-SNAPSHOT"/>
				<artifacts>
					<artifact name="collection" type="src" ext="jar" extra-classifier="sources" status="no" details="" size="207547" time="0" location="/Users/hnajles/.ivy2/cache/com.github.andrewoma.dexx/collection/srcs/collection-0.7-sources.jar">
						<origin-location is-local="false" location="https://repo1.maven.org/maven2/com/github/andrewoma/dexx/collection/0.7/collection-0.7-sources.jar"/>
					</artifact>
				</artifacts>
			</revision>
		</module>
		<module organisation="commons-io" name="commons-io">
			<revision name="2.6" status="release" pubdate="20171015070052" resolver="sbt-chain" artresolver="sbt-chain" homepage="http://commons.apache.org/proper/commons-io/" downloaded="false" searched="false" default="false" conf="compile, runtime(*), master(compile), runtime, compile(*), master" position="37">
				<license name="Apache License, Version 2.0" url="https://www.apache.org/licenses/LICENSE-2.0.txt"/>
				<metadata-artifact status="no" details="" size="12838" time="0" location="/Users/hnajles/.ivy2/cache/commons-io/commons-io/ivy-2.6.xml" searched="false" origin-is-local="false" origin-location="https://repo1.maven.org/maven2/commons-io/commons-io/2.6/commons-io-2.6.pom"/>
				<caller organisation="test" name="als-hl$sources_2.12" conf="compile" rev="2.6" rev-constraint-default="2.6" rev-constraint-dynamic="2.6" callerrev="0.5.5-SNAPSHOT"/>
				<artifacts>
					<artifact name="commons-io" type="src" ext="jar" extra-classifier="sources" status="no" details="" size="280834" time="0" location="/Users/hnajles/.ivy2/cache/commons-io/commons-io/srcs/commons-io-2.6-sources.jar">
						<origin-location is-local="false" location="https://repo1.maven.org/maven2/commons-io/commons-io/2.6/commons-io-2.6-sources.jar"/>
					</artifact>
				</artifacts>
			</revision>
		</module>
		<module organisation="org.apache.commons" name="commons-csv">
			<revision name="1.5" status="release" pubdate="20170826201518" resolver="sbt-chain" artresolver="sbt-chain" homepage="http://commons.apache.org/proper/commons-csv/" downloaded="false" searched="false" default="false" conf="compile, runtime(*), master(compile), runtime, compile(*), master" position="20">
				<license name="Apache License, Version 2.0" url="https://www.apache.org/licenses/LICENSE-2.0.txt"/>
				<metadata-artifact status="no" details="" size="12873" time="0" location="/Users/hnajles/.ivy2/cache/org.apache.commons/commons-csv/ivy-1.5.xml" searched="false" origin-is-local="false" origin-location="https://repo1.maven.org/maven2/org/apache/commons/commons-csv/1.5/commons-csv-1.5.pom"/>
				<caller organisation="test" name="als-hl$sources_2.12" conf="compile" rev="1.5" rev-constraint-default="1.5" rev-constraint-dynamic="1.5" callerrev="0.5.5-SNAPSHOT"/>
				<artifacts>
					<artifact name="commons-csv" type="src" ext="jar" extra-classifier="sources" status="no" details="" size="45201" time="0" location="/Users/hnajles/.ivy2/cache/org.apache.commons/commons-csv/srcs/commons-csv-1.5-sources.jar">
						<origin-location is-local="false" location="https://repo1.maven.org/maven2/org/apache/commons/commons-csv/1.5/commons-csv-1.5-sources.jar"/>
					</artifact>
				</artifacts>
			</revision>
		</module>
		<module organisation="org.apache.jena" name="jena-shaded-guava">
			<revision name="3.8.0" status="release" pubdate="20180625080106" resolver="sbt-chain" artresolver="sbt-chain" homepage="" downloaded="false" searched="false" default="false" conf="compile, runtime(*), master(compile), runtime, compile(*), master" position="42">
				<license name="The Apache Software License, Version 2.0" url="http://www.apache.org/licenses/LICENSE-2.0.txt"/>
				<metadata-artifact status="no" details="" size="14449" time="0" location="/Users/hnajles/.ivy2/cache/org.apache.jena/jena-shaded-guava/ivy-3.8.0.xml" searched="false" origin-is-local="false" origin-location="https://repo1.maven.org/maven2/org/apache/jena/jena-shaded-guava/3.8.0/jena-shaded-guava-3.8.0.pom"/>
				<caller organisation="test" name="als-hl$sources_2.12" conf="compile" rev="3.8.0" rev-constraint-default="3.8.0" rev-constraint-dynamic="3.8.0" callerrev="0.5.5-SNAPSHOT"/>
				<artifacts>
					<artifact name="jena-shaded-guava" type="src" ext="jar" extra-classifier="sources" status="no" details="" size="1667551" time="0" location="/Users/hnajles/.ivy2/cache/org.apache.jena/jena-shaded-guava/srcs/jena-shaded-guava-3.8.0-sources.jar">
						<origin-location is-local="false" location="https://repo1.maven.org/maven2/org/apache/jena/jena-shaded-guava/3.8.0/jena-shaded-guava-3.8.0-sources.jar"/>
					</artifact>
				</artifacts>
			</revision>
		</module>
		<module organisation="commons-codec" name="commons-codec">
			<revision name="1.11" status="release" pubdate="20171017115430" resolver="sbt-chain" artresolver="sbt-chain" homepage="http://commons.apache.org/proper/commons-codec/" downloaded="false" searched="false" default="false" conf="compile, runtime(*), master(compile), runtime, compile(*), master" position="24">
				<license name="Apache License, Version 2.0" url="https://www.apache.org/licenses/LICENSE-2.0.txt"/>
				<metadata-artifact status="no" details="" size="12632" time="0" location="/Users/hnajles/.ivy2/cache/commons-codec/commons-codec/ivy-1.11.xml" searched="false" origin-is-local="false" origin-location="https://repo1.maven.org/maven2/commons-codec/commons-codec/1.11/commons-codec-1.11.pom"/>
				<caller organisation="test" name="als-hl$sources_2.12" conf="compile" rev="1.11" rev-constraint-default="1.11" rev-constraint-dynamic="1.11" callerrev="0.5.5-SNAPSHOT"/>
				<artifacts>
					<artifact name="commons-codec" type="src" ext="jar" extra-classifier="sources" status="no" details="" size="342809" time="0" location="/Users/hnajles/.ivy2/cache/commons-codec/commons-codec/srcs/commons-codec-1.11-sources.jar">
						<origin-location is-local="false" location="https://repo1.maven.org/maven2/commons-codec/commons-codec/1.11/commons-codec-1.11-sources.jar"/>
					</artifact>
				</artifacts>
			</revision>
		</module>
		<module organisation="commons-cli" name="commons-cli">
			<revision name="1.4" status="release" pubdate="20170309100200" resolver="sbt-chain" artresolver="sbt-chain" homepage="http://commons.apache.org/proper/commons-cli/" downloaded="false" searched="false" default="false" conf="compile, runtime(*), master(compile), runtime, compile(*), master" position="23">
				<license name="Apache License, Version 2.0" url="https://www.apache.org/licenses/LICENSE-2.0.txt"/>
				<metadata-artifact status="no" details="" size="11817" time="0" location="/Users/hnajles/.ivy2/cache/commons-cli/commons-cli/ivy-1.4.xml" searched="false" origin-is-local="false" origin-location="https://repo1.maven.org/maven2/commons-cli/commons-cli/1.4/commons-cli-1.4.pom"/>
				<caller organisation="test" name="als-hl$sources_2.12" conf="compile" rev="1.4" rev-constraint-default="1.4" rev-constraint-dynamic="1.4" callerrev="0.5.5-SNAPSHOT"/>
				<artifacts>
					<artifact name="commons-cli" type="src" ext="jar" extra-classifier="sources" status="no" details="" size="63104" time="0" location="/Users/hnajles/.ivy2/cache/commons-cli/commons-cli/srcs/commons-cli-1.4-sources.jar">
						<origin-location is-local="false" location="https://repo1.maven.org/maven2/commons-cli/commons-cli/1.4/commons-cli-1.4-sources.jar"/>
					</artifact>
				</artifacts>
			</revision>
		</module>
		<module organisation="org.apache.jena" name="jena-iri">
			<revision name="3.8.0" status="release" pubdate="20180625080122" resolver="sbt-chain" artresolver="sbt-chain" homepage="" downloaded="false" searched="false" default="false" conf="compile, runtime(*), master(compile), runtime, compile(*), master" position="25">
				<license name="The Apache Software License, Version 2.0" url="http://www.apache.org/licenses/LICENSE-2.0.txt"/>
				<metadata-artifact status="no" details="" size="14548" time="0" location="/Users/hnajles/.ivy2/cache/org.apache.jena/jena-iri/ivy-3.8.0.xml" searched="false" origin-is-local="false" origin-location="https://repo1.maven.org/maven2/org/apache/jena/jena-iri/3.8.0/jena-iri-3.8.0.pom"/>
				<caller organisation="test" name="als-hl$sources_2.12" conf="compile" rev="3.8.0" rev-constraint-default="3.8.0" rev-constraint-dynamic="3.8.0" callerrev="0.5.5-SNAPSHOT"/>
				<artifacts>
					<artifact name="jena-iri" type="src" ext="jar" extra-classifier="sources" status="no" details="" size="176270" time="0" location="/Users/hnajles/.ivy2/cache/org.apache.jena/jena-iri/srcs/jena-iri-3.8.0-sources.jar">
						<origin-location is-local="false" location="https://repo1.maven.org/maven2/org/apache/jena/jena-iri/3.8.0/jena-iri-3.8.0-sources.jar"/>
					</artifact>
				</artifacts>
			</revision>
		</module>
		<module organisation="org.slf4j" name="slf4j-api">
			<revision name="1.7.25" status="release" pubdate="20170316133632" resolver="sbt-chain" artresolver="sbt-chain" homepage="http://www.slf4j.org" downloaded="false" searched="false" default="false" conf="compile, runtime(*), master(compile), runtime, compile(*), master" position="21">
				<license name="MIT License" url="http://www.opensource.org/licenses/mit-license.php"/>
				<metadata-artifact status="no" details="" size="5199" time="0" location="/Users/hnajles/.ivy2/cache/org.slf4j/slf4j-api/ivy-1.7.25.xml" searched="false" origin-is-local="false" origin-location="https://repo1.maven.org/maven2/org/slf4j/slf4j-api/1.7.25/slf4j-api-1.7.25.pom"/>
				<caller organisation="test" name="als-hl$sources_2.12" conf="compile" rev="1.7.25" rev-constraint-default="1.7.25" rev-constraint-dynamic="1.7.25" callerrev="0.5.5-SNAPSHOT"/>
				<artifacts>
					<artifact name="slf4j-api" type="src" ext="jar" extra-classifier="sources" status="no" details="" size="55539" time="0" location="/Users/hnajles/.ivy2/cache/org.slf4j/slf4j-api/srcs/slf4j-api-1.7.25-sources.jar">
						<origin-location is-local="false" location="https://repo1.maven.org/maven2/org/slf4j/slf4j-api/1.7.25/slf4j-api-1.7.25-sources.jar"/>
					</artifact>
				</artifacts>
			</revision>
		</module>
		<module organisation="org.apache.httpcomponents" name="httpclient-cache">
			<revision name="4.5.5" status="release" pubdate="20180118085529" resolver="sbt-chain" artresolver="sbt-chain" homepage="http://hc.apache.org/httpcomponents-client" downloaded="false" searched="false" default="false" conf="compile, runtime(*), master(compile), runtime, compile(*), master" position="7">
				<license name="Apache License, Version 2.0" url="http://www.apache.org/licenses/LICENSE-2.0.txt"/>
				<metadata-artifact status="no" details="" size="11596" time="0" location="/Users/hnajles/.ivy2/cache/org.apache.httpcomponents/httpclient-cache/ivy-4.5.5.xml" searched="false" origin-is-local="false" origin-location="https://repo1.maven.org/maven2/org/apache/httpcomponents/httpclient-cache/4.5.5/httpclient-cache-4.5.5.pom"/>
				<caller organisation="test" name="als-hl$sources_2.12" conf="compile" rev="4.5.5" rev-constraint-default="4.5.5" rev-constraint-dynamic="4.5.5" callerrev="0.5.5-SNAPSHOT"/>
				<artifacts>
					<artifact name="httpclient-cache" type="src" ext="jar" extra-classifier="sources" status="no" details="" size="151841" time="0" location="/Users/hnajles/.ivy2/cache/org.apache.httpcomponents/httpclient-cache/srcs/httpclient-cache-4.5.5-sources.jar">
						<origin-location is-local="false" location="https://repo1.maven.org/maven2/org/apache/httpcomponents/httpclient-cache/4.5.5/httpclient-cache-4.5.5-sources.jar"/>
					</artifact>
				</artifacts>
			</revision>
		</module>
		<module organisation="org.apache.httpcomponents" name="httpclient">
			<revision name="4.5.5" status="release" pubdate="20180118085409" resolver="sbt-chain" artresolver="sbt-chain" homepage="http://hc.apache.org/httpcomponents-client" downloaded="false" searched="false" default="false" conf="compile, runtime(*), master(compile), runtime, compile(*), master" position="38">
				<license name="Apache License, Version 2.0" url="http://www.apache.org/licenses/LICENSE-2.0.txt"/>
				<metadata-artifact status="no" details="" size="10932" time="0" location="/Users/hnajles/.ivy2/cache/org.apache.httpcomponents/httpclient/ivy-4.5.5.xml" searched="false" origin-is-local="false" origin-location="https://repo1.maven.org/maven2/org/apache/httpcomponents/httpclient/4.5.5/httpclient-4.5.5.pom"/>
				<caller organisation="test" name="als-hl$sources_2.12" conf="compile" rev="4.5.5" rev-constraint-default="4.5.5" rev-constraint-dynamic="4.5.5" callerrev="0.5.5-SNAPSHOT"/>
				<artifacts>
					<artifact name="httpclient" type="src" ext="jar" extra-classifier="sources" status="no" details="" size="729131" time="0" location="/Users/hnajles/.ivy2/cache/org.apache.httpcomponents/httpclient/srcs/httpclient-4.5.5-sources.jar">
						<origin-location is-local="false" location="https://repo1.maven.org/maven2/org/apache/httpcomponents/httpclient/4.5.5/httpclient-4.5.5-sources.jar"/>
					</artifact>
				</artifacts>
			</revision>
		</module>
		<module organisation="org.apache.httpcomponents" name="httpcore">
			<revision name="4.4.9" status="release" pubdate="20180112004227" resolver="sbt-chain" artresolver="sbt-chain" homepage="http://hc.apache.org/httpcomponents-core-ga" downloaded="false" searched="false" default="false" conf="compile, runtime(*), master(compile), runtime, compile(*), master" position="39">
				<license name="Apache License, Version 2.0" url="http://www.apache.org/licenses/LICENSE-2.0.txt"/>
				<metadata-artifact status="no" details="" size="9276" time="0" location="/Users/hnajles/.ivy2/cache/org.apache.httpcomponents/httpcore/ivy-4.4.9.xml" searched="false" origin-is-local="false" origin-location="https://repo1.maven.org/maven2/org/apache/httpcomponents/httpcore/4.4.9/httpcore-4.4.9.pom"/>
				<caller organisation="test" name="als-hl$sources_2.12" conf="compile" rev="4.4.9" rev-constraint-default="4.4.9" rev-constraint-dynamic="4.4.9" callerrev="0.5.5-SNAPSHOT"/>
				<artifacts>
					<artifact name="httpcore" type="src" ext="jar" extra-classifier="sources" status="no" details="" size="410131" time="0" location="/Users/hnajles/.ivy2/cache/org.apache.httpcomponents/httpcore/srcs/httpcore-4.4.9-sources.jar">
						<origin-location is-local="false" location="https://repo1.maven.org/maven2/org/apache/httpcomponents/httpcore/4.4.9/httpcore-4.4.9-sources.jar"/>
					</artifact>
				</artifacts>
			</revision>
		</module>
		<module organisation="org.apache.commons" name="commons-lang3">
			<revision name="3.4" status="release" pubdate="20150403093112" resolver="sbt-chain" artresolver="sbt-chain" homepage="http://commons.apache.org/proper/commons-lang/" downloaded="false" searched="false" default="false" conf="compile, runtime(*), master(compile), runtime, compile(*), master" position="8">
				<license name="Apache License, Version 2.0" url="http://www.apache.org/licenses/LICENSE-2.0.txt"/>
				<metadata-artifact status="no" details="" size="11673" time="0" location="/Users/hnajles/.ivy2/cache/org.apache.commons/commons-lang3/ivy-3.4.xml" searched="false" origin-is-local="false" origin-location="https://repo1.maven.org/maven2/org/apache/commons/commons-lang3/3.4/commons-lang3-3.4.pom"/>
				<caller organisation="test" name="als-hl$sources_2.12" conf="compile" rev="3.4" rev-constraint-default="3.4" rev-constraint-dynamic="3.4" callerrev="0.5.5-SNAPSHOT"/>
				<artifacts>
					<artifact name="commons-lang3" type="src" ext="jar" extra-classifier="sources" status="no" details="" size="487156" time="0" location="/Users/hnajles/.ivy2/cache/org.apache.commons/commons-lang3/srcs/commons-lang3-3.4-sources.jar">
						<origin-location is-local="false" location="https://repo1.maven.org/maven2/org/apache/commons/commons-lang3/3.4/commons-lang3-3.4-sources.jar"/>
					</artifact>
				</artifacts>
			</revision>
		</module>
		<module organisation="org.scala-lang" name="scala-library">
			<revision name="2.12.6" status="release" pubdate="20180427054006" resolver="sbt-chain" artresolver="sbt-chain" homepage="http://www.scala-lang.org/" extra-info.apiURL="http://www.scala-lang.org/api/2.12.6/" downloaded="false" searched="false" default="false" conf="default, compile, runtime(*), master(compile), runtime, default(compile), compile(*), master" position="6">
				<license name="BSD 3-Clause" url="http://www.scala-lang.org/license.html"/>
				<metadata-artifact status="no" details="" size="2653" time="0" location="/Users/hnajles/.ivy2/cache/org.scala-lang/scala-library/ivy-2.12.6.xml" searched="false" origin-is-local="false" origin-location="https://repo1.maven.org/maven2/org/scala-lang/scala-library/2.12.6/scala-library-2.12.6.pom"/>
				<caller organisation="test" name="als-hl$sources_2.12" conf="compile" rev="2.12.6" rev-constraint-default="2.12.6" rev-constraint-dynamic="2.12.6" callerrev="0.5.5-SNAPSHOT" extra-info.apiURL="http://www.scala-lang.org/api/2.12.6/"/>
				<artifacts>
					<artifact name="scala-library" type="src" ext="jar" extra-classifier="sources" status="no" details="" size="992293" time="0" location="/Users/hnajles/.ivy2/cache/org.scala-lang/scala-library/srcs/scala-library-2.12.6-sources.jar">
						<origin-location is-local="false" location="https://repo1.maven.org/maven2/org/scala-lang/scala-library/2.12.6/scala-library-2.12.6-sources.jar"/>
					</artifact>
				</artifacts>
			</revision>
		</module>
		<module organisation="com.fasterxml.jackson.core" name="jackson-core">
			<revision name="2.9.7" status="release" pubdate="20180918234229" resolver="sbt-chain" artresolver="sbt-chain" homepage="https://github.com/FasterXML/jackson-core" downloaded="false" searched="false" default="false" conf="compile, runtime(*), master(compile), runtime, compile(*), master" position="5">
				<license name="The Apache Software License, Version 2.0" url="http://www.apache.org/licenses/LICENSE-2.0.txt"/>
				<metadata-artifact status="no" details="" size="22538" time="0" location="/Users/hnajles/.ivy2/cache/com.fasterxml.jackson.core/jackson-core/ivy-2.9.7.xml" searched="false" origin-is-local="false" origin-location="https://repo1.maven.org/maven2/com/fasterxml/jackson/core/jackson-core/2.9.7/jackson-core-2.9.7.pom"/>
				<caller organisation="test" name="als-hl$sources_2.12" conf="compile" rev="2.9.7" rev-constraint-default="2.9.7" rev-constraint-dynamic="2.9.7" callerrev="0.5.5-SNAPSHOT"/>
				<artifacts>
					<artifact name="jackson-core" type="src" ext="jar" extra-classifier="sources" status="no" details="" size="335865" time="0" location="/Users/hnajles/.ivy2/cache/com.fasterxml.jackson.core/jackson-core/srcs/jackson-core-2.9.7-sources.jar">
						<origin-location is-local="false" location="https://repo1.maven.org/maven2/com/fasterxml/jackson/core/jackson-core/2.9.7/jackson-core-2.9.7-sources.jar"/>
					</artifact>
				</artifacts>
			</revision>
		</module>
		<module organisation="com.thoughtworks.paranamer" name="paranamer">
			<revision name="2.8" status="release" pubdate="20150826082928" resolver="sbt-chain" artresolver="sbt-chain" homepage="" downloaded="false" searched="false" default="false" conf="compile, runtime(*), master(compile), runtime, compile(*), master" position="4">
				<license name="BSD" url="LICENSE.txt"/>
				<metadata-artifact status="no" details="" size="4254" time="0" location="/Users/hnajles/.ivy2/cache/com.thoughtworks.paranamer/paranamer/ivy-2.8.xml" searched="false" origin-is-local="false" origin-location="https://repo1.maven.org/maven2/com/thoughtworks/paranamer/paranamer/2.8/paranamer-2.8.pom"/>
				<caller organisation="test" name="als-hl$sources_2.12" conf="compile" rev="2.8" rev-constraint-default="2.8" rev-constraint-dynamic="2.8" callerrev="0.5.5-SNAPSHOT"/>
				<artifacts>
					<artifact name="paranamer" type="src" ext="jar" extra-classifier="sources" status="no" details="" size="27125" time="0" location="/Users/hnajles/.ivy2/cache/com.thoughtworks.paranamer/paranamer/srcs/paranamer-2.8-sources.jar">
						<origin-location is-local="false" location="https://repo1.maven.org/maven2/com/thoughtworks/paranamer/paranamer/2.8/paranamer-2.8-sources.jar"/>
					</artifact>
				</artifacts>
			</revision>
		</module>
		<module organisation="org.json" name="json">
			<revision name="20180130" status="release" pubdate="20180203184011" resolver="sbt-chain" artresolver="sbt-chain" homepage="https://github.com/douglascrockford/JSON-java" downloaded="false" searched="false" default="false" conf="compile, runtime(*), master(compile), runtime, compile(*), master" position="3">
				<license name="The JSON License" url="http://json.org/license.html"/>
				<metadata-artifact status="no" details="" size="4161" time="0" location="/Users/hnajles/.ivy2/cache/org.json/json/ivy-20180130.xml" searched="false" origin-is-local="false" origin-location="https://repo1.maven.org/maven2/org/json/json/20180130/json-20180130.pom"/>
				<caller organisation="test" name="als-hl$sources_2.12" conf="compile" rev="20180130" rev-constraint-default="20180130" rev-constraint-dynamic="20180130" callerrev="0.5.5-SNAPSHOT"/>
				<artifacts>
					<artifact name="json" type="src" ext="jar" extra-classifier="sources" status="no" details="" size="69218" time="0" location="/Users/hnajles/.ivy2/cache/org.json/json/srcs/json-20180130-sources.jar">
						<origin-location is-local="false" location="https://repo1.maven.org/maven2/org/json/json/20180130/json-20180130-sources.jar"/>
					</artifact>
				</artifacts>
			</revision>
		</module>
		<module organisation="commons-beanutils" name="commons-beanutils">
			<revision name="1.9.3" status="release" pubdate="20160921132132" resolver="sbt-chain" artresolver="sbt-chain" homepage="https://commons.apache.org/proper/commons-beanutils/" downloaded="false" searched="false" default="false" conf="compile, runtime(*), master(compile), runtime, compile(*), master" position="1">
				<license name="Apache License, Version 2.0" url="https://www.apache.org/licenses/LICENSE-2.0.txt"/>
				<metadata-artifact status="no" details="" size="12135" time="0" location="/Users/hnajles/.ivy2/cache/commons-beanutils/commons-beanutils/ivy-1.9.3.xml" searched="false" origin-is-local="false" origin-location="https://repo1.maven.org/maven2/commons-beanutils/commons-beanutils/1.9.3/commons-beanutils-1.9.3.pom"/>
				<caller organisation="test" name="als-hl$sources_2.12" conf="compile" rev="1.9.3" rev-constraint-default="1.9.3" rev-constraint-dynamic="1.9.3" callerrev="0.5.5-SNAPSHOT"/>
				<artifacts>
					<artifact name="commons-beanutils" type="src" ext="jar" extra-classifier="sources" status="no" details="" size="314687" time="0" location="/Users/hnajles/.ivy2/cache/commons-beanutils/commons-beanutils/srcs/commons-beanutils-1.9.3-sources.jar">
						<origin-location is-local="false" location="https://repo1.maven.org/maven2/commons-beanutils/commons-beanutils/1.9.3/commons-beanutils-1.9.3-sources.jar"/>
					</artifact>
				</artifacts>
			</revision>
		</module>
		<module organisation="commons-collections" name="commons-collections">
			<revision name="3.2.2" status="release" pubdate="20151112201126" resolver="sbt-chain" artresolver="sbt-chain" homepage="http://commons.apache.org/collections/" downloaded="false" searched="false" default="false" conf="compile, runtime(*), master(compile), runtime, compile(*), master" position="2">
				<license name="Apache License, Version 2.0" url="http://www.apache.org/licenses/LICENSE-2.0.txt"/>
				<metadata-artifact status="no" details="" size="11113" time="0" location="/Users/hnajles/.ivy2/cache/commons-collections/commons-collections/ivy-3.2.2.xml" searched="false" origin-is-local="false" origin-location="https://repo1.maven.org/maven2/commons-collections/commons-collections/3.2.2/commons-collections-3.2.2.pom"/>
				<caller organisation="test" name="als-hl$sources_2.12" conf="compile" rev="3.2.2" rev-constraint-default="3.2.2" rev-constraint-dynamic="3.2.2" callerrev="0.5.5-SNAPSHOT"/>
				<artifacts>
					<artifact name="commons-collections" type="src" ext="jar" extra-classifier="sources" status="no" details="" size="646075" time="0" location="/Users/hnajles/.ivy2/cache/commons-collections/commons-collections/srcs/commons-collections-3.2.2-sources.jar">
						<origin-location is-local="false" location="https://repo1.maven.org/maven2/commons-collections/commons-collections/3.2.2/commons-collections-3.2.2-sources.jar"/>
					</artifact>
				</artifacts>
			</revision>
		</module>
		<module organisation="commons-logging" name="commons-logging">
			<revision name="1.2" status="release" pubdate="20140705151228" resolver="sbt-chain" artresolver="sbt-chain" homepage="http://commons.apache.org/proper/commons-logging/" downloaded="false" searched="false" default="false" conf="compile, runtime(*), master(compile), runtime, compile(*), master" position="17">
				<license name="The Apache Software License, Version 2.0" url="http://www.apache.org/licenses/LICENSE-2.0.txt"/>
				<metadata-artifact status="no" details="" size="11623" time="0" location="/Users/hnajles/.ivy2/cache/commons-logging/commons-logging/ivy-1.2.xml" searched="false" origin-is-local="false" origin-location="https://repo1.maven.org/maven2/commons-logging/commons-logging/1.2/commons-logging-1.2.pom"/>
				<caller organisation="test" name="als-hl$sources_2.12" conf="compile" rev="1.2" rev-constraint-default="1.2" rev-constraint-dynamic="1.2" callerrev="0.5.5-SNAPSHOT"/>
				<artifacts>
					<artifact name="commons-logging" type="src" ext="jar" extra-classifier="sources" status="no" details="" size="73295" time="0" location="/Users/hnajles/.ivy2/cache/commons-logging/commons-logging/srcs/commons-logging-1.2-sources.jar">
						<origin-location is-local="false" location="https://repo1.maven.org/maven2/commons-logging/commons-logging/1.2/commons-logging-1.2-sources.jar"/>
					</artifact>
				</artifacts>
			</revision>
		</module>
		<module organisation="org.slf4j" name="slf4j-simple">
			<revision name="1.7.12" status="release" pubdate="20150326175021" resolver="sbt-chain" artresolver="sbt-chain" homepage="http://www.slf4j.org" downloaded="false" searched="false" default="false" conf="compile, runtime(*), master(compile), runtime, compile(*), master" position="0">
				<license name="MIT License" url="http://www.opensource.org/licenses/mit-license.php"/>
				<metadata-artifact status="no" details="" size="4783" time="0" location="/Users/hnajles/.ivy2/cache/org.slf4j/slf4j-simple/ivy-1.7.12.xml" searched="false" origin-is-local="false" origin-location="https://repo1.maven.org/maven2/org/slf4j/slf4j-simple/1.7.12/slf4j-simple-1.7.12.pom"/>
				<caller organisation="test" name="als-hl$sources_2.12" conf="compile" rev="1.7.12" rev-constraint-default="1.7.12" rev-constraint-dynamic="1.7.12" callerrev="0.5.5-SNAPSHOT"/>
				<artifacts>
					<artifact name="slf4j-simple" type="src" ext="jar" extra-classifier="sources" status="no" details="" size="11567" time="0" location="/Users/hnajles/.ivy2/cache/org.slf4j/slf4j-simple/srcs/slf4j-simple-1.7.12-sources.jar">
						<origin-location is-local="false" location="https://repo1.maven.org/maven2/org/slf4j/slf4j-simple/1.7.12/slf4j-simple-1.7.12-sources.jar"/>
					</artifact>
				</artifacts>
			</revision>
		</module>
	</dependencies>
</ivy-report>
