<?xml version="1.0" encoding="UTF-8"?>
<?xml-stylesheet type="text/xsl" href="ivy-report.xsl"?>
<ivy-report version="1.0">
	<info
		organisation="test"
		module="als-server_sjs0.6_2.12"
		revision="0.5.5-SNAPSHOT"
		conf="plugin"
		confs="compile, runtime, test, provided, optional, compile-internal, runtime-internal, test-internal, plugin, sources, docs, pom, scala-tool, phantom-js-jetty, scoveragePlugin"
		date="20181214115658"/>
	<dependencies>
		<module organisation="org.scala-js" name="scalajs-compiler_2.12.6">
			<revision name="0.6.25" status="release" pubdate="20180831084538" resolver="sbt-chain" artresolver="sbt-chain" homepage="http://scala-js.org/" extra-info.apiURL="http://www.scala-js.org/api/scalajs-compiler/0.6.25/" downloaded="false" searched="false" default="false" conf="default, compile, runtime, default(compile), master" position="0">
				<license name="BSD New" url="https://github.com/scala-js/scala-js/blob/master/LICENSE"/>
				<metadata-artifact status="no" details="" size="3270" time="0" location="/Users/hnajles/.ivy2/cache/org.scala-js/scalajs-compiler_2.12.6/ivy-0.6.25.xml" searched="false" origin-is-local="false" origin-location="https://repo1.maven.org/maven2/org/scala-js/scalajs-compiler_2.12.6/0.6.25/scalajs-compiler_2.12.6-0.6.25.pom"/>
				<caller organisation="test" name="als-server_sjs0.6_2.12" conf="plugin" rev="0.6.25" rev-constraint-default="0.6.25" rev-constraint-dynamic="0.6.25" callerrev="0.5.5-SNAPSHOT"/>
				<artifacts>
					<artifact name="scalajs-compiler_2.12.6" type="jar" ext="jar" status="no" details="" size="1064597" time="0" location="/Users/hnajles/.ivy2/cache/org.scala-js/scalajs-compiler_2.12.6/jars/scalajs-compiler_2.12.6-0.6.25.jar">
						<origin-location is-local="false" location="https://repo1.maven.org/maven2/org/scala-js/scalajs-compiler_2.12.6/0.6.25/scalajs-compiler_2.12.6-0.6.25.jar"/>
					</artifact>
				</artifacts>
			</revision>
		</module>
		<module organisation="org.scala-lang" name="scala-compiler">
			<revision name="2.12.6" status="release" pubdate="20180427054227" resolver="sbt-chain" artresolver="sbt-chain" homepage="http://www.scala-lang.org/" downloaded="false" searched="false" default="false" conf="compile, runtime(*), master(compile), runtime, compile(*), master" position="1">
				<license name="BSD 3-Clause" url="http://www.scala-lang.org/license.html"/>
				<metadata-artifact status="no" details="" size="3089" time="0" location="/Users/hnajles/.ivy2/cache/org.scala-lang/scala-compiler/ivy-2.12.6.xml" searched="false" origin-is-local="false" origin-location="https://repo1.maven.org/maven2/org/scala-lang/scala-compiler/2.12.6/scala-compiler-2.12.6.pom"/>
				<caller organisation="org.scala-js" name="scalajs-compiler_2.12.6" conf="default, compile, runtime, master" rev="2.12.6" rev-constraint-default="2.12.6" rev-constraint-dynamic="2.12.6" callerrev="0.6.25"/>
				<artifacts>
					<artifact name="scala-compiler" type="jar" ext="jar" status="no" details="" size="10412704" time="0" location="/Users/hnajles/.ivy2/cache/org.scala-lang/scala-compiler/jars/scala-compiler-2.12.6.jar">
						<origin-location is-local="false" location="https://repo1.maven.org/maven2/org/scala-lang/scala-compiler/2.12.6/scala-compiler-2.12.6.jar"/>
					</artifact>
				</artifacts>
			</revision>
		</module>
		<module organisation="org.scala-lang.modules" name="scala-xml_2.12">
			<revision name="1.0.6" status="release" pubdate="20161101112105" resolver="sbt-chain" artresolver="sbt-chain" homepage="http://www.scala-lang.org/" downloaded="false" searched="false" default="false" conf="compile, runtime(*), master(compile), runtime, compile(*), master" position="4">
				<license name="BSD 3-clause" url="http://opensource.org/licenses/BSD-3-Clause"/>
				<metadata-artifact status="no" details="" size="3137" time="0" location="/Users/hnajles/.ivy2/cache/org.scala-lang.modules/scala-xml_2.12/ivy-1.0.6.xml" searched="false" origin-is-local="false" origin-location="https://repo1.maven.org/maven2/org/scala-lang/modules/scala-xml_2.12/1.0.6/scala-xml_2.12-1.0.6.pom"/>
				<caller organisation="org.scala-lang" name="scala-compiler" conf="compile, runtime" rev="1.0.6" rev-constraint-default="1.0.6" rev-constraint-dynamic="1.0.6" callerrev="2.12.6"/>
				<artifacts>
					<artifact name="scala-xml_2.12" type="bundle" ext="jar" status="no" details="" size="547860" time="0" location="/Users/hnajles/.ivy2/cache/org.scala-lang.modules/scala-xml_2.12/bundles/scala-xml_2.12-1.0.6.jar">
						<origin-location is-local="false" location="https://repo1.maven.org/maven2/org/scala-lang/modules/scala-xml_2.12/1.0.6/scala-xml_2.12-1.0.6.jar"/>
					</artifact>
				</artifacts>
			</revision>
		</module>
		<module organisation="org.scala-lang" name="scala-reflect">
			<revision name="2.12.6" status="release" pubdate="20180427053633" resolver="sbt-chain" artresolver="sbt-chain" homepage="http://www.scala-lang.org/" extra-info.apiURL="http://www.scala-lang.org/api/2.12.6/" downloaded="false" searched="false" default="false" conf="compile, runtime(*), master(compile), runtime, compile(*), master" position="3">
				<license name="BSD 3-Clause" url="http://www.scala-lang.org/license.html"/>
				<metadata-artifact status="no" details="" size="2825" time="0" location="/Users/hnajles/.ivy2/cache/org.scala-lang/scala-reflect/ivy-2.12.6.xml" searched="false" origin-is-local="false" origin-location="https://repo1.maven.org/maven2/org/scala-lang/scala-reflect/2.12.6/scala-reflect-2.12.6.pom"/>
				<caller organisation="org.scala-js" name="scalajs-compiler_2.12.6" conf="default, compile, runtime, master" rev="2.12.6" rev-constraint-default="2.12.6" rev-constraint-dynamic="2.12.6" callerrev="0.6.25"/>
				<caller organisation="org.scala-lang" name="scala-compiler" conf="compile, runtime" rev="2.12.6" rev-constraint-default="2.12.6" rev-constraint-dynamic="2.12.6" callerrev="2.12.6"/>
				<artifacts>
					<artifact name="scala-reflect" type="jar" ext="jar" status="no" details="" size="3607442" time="0" location="/Users/hnajles/.ivy2/cache/org.scala-lang/scala-reflect/jars/scala-reflect-2.12.6.jar">
						<origin-location is-local="false" location="https://repo1.maven.org/maven2/org/scala-lang/scala-reflect/2.12.6/scala-reflect-2.12.6.jar"/>
					</artifact>
				</artifacts>
			</revision>
		</module>
		<module organisation="org.scala-lang" name="scala-library">
			<revision name="2.12.6" status="release" pubdate="20180427054006" resolver="sbt-chain" artresolver="sbt-chain" homepage="http://www.scala-lang.org/" extra-info.apiURL="http://www.scala-lang.org/api/2.12.6/" downloaded="false" searched="false" default="false" conf="compile, runtime(*), master(compile), runtime, compile(*), master" position="2">
				<license name="BSD 3-Clause" url="http://www.scala-lang.org/license.html"/>
				<metadata-artifact status="no" details="" size="2653" time="0" location="/Users/hnajles/.ivy2/cache/org.scala-lang/scala-library/ivy-2.12.6.xml" searched="false" origin-is-local="false" origin-location="https://repo1.maven.org/maven2/org/scala-lang/scala-library/2.12.6/scala-library-2.12.6.pom"/>
				<caller organisation="org.scala-lang" name="scala-reflect" conf="compile, runtime" rev="2.12.6" rev-constraint-default="2.12.6" rev-constraint-dynamic="2.12.6" callerrev="2.12.6"/>
				<caller organisation="org.scala-js" name="scalajs-compiler_2.12.6" conf="default, compile, runtime, master" rev="2.12.6" rev-constraint-default="2.12.6" rev-constraint-dynamic="2.12.6" callerrev="0.6.25"/>
				<caller organisation="org.scala-lang" name="scala-compiler" conf="compile, runtime" rev="2.12.6" rev-constraint-default="2.12.6" rev-constraint-dynamic="2.12.6" callerrev="2.12.6"/>
				<caller organisation="org.scala-lang.modules" name="scala-xml_2.12" conf="compile, runtime" rev="2.12.6" rev-constraint-default="2.12.6" rev-constraint-dynamic="2.12.6" callerrev="1.0.6"/>
				<artifacts>
					<artifact name="scala-library" type="jar" ext="jar" status="no" details="" size="5267302" time="0" location="/Users/hnajles/.ivy2/cache/org.scala-lang/scala-library/jars/scala-library-2.12.6.jar">
						<origin-location is-local="false" location="https://repo1.maven.org/maven2/org/scala-lang/scala-library/2.12.6/scala-library-2.12.6.jar"/>
					</artifact>
				</artifacts>
			</revision>
		</module>
	</dependencies>
</ivy-report>
