<?xml version="1.0" encoding="UTF-8"?>
<?xml-stylesheet type="text/xsl" href="ivy-report.xsl"?>
<ivy-report version="1.0">
	<info
		organisation="test"
		module="als-suggestions$sources_2.12"
		revision="0.5.5-SNAPSHOT"
		conf="scala-tool"
		confs="compile, runtime, test, provided, optional, compile-internal, runtime-internal, test-internal, plugin, sources, docs, pom, scala-tool, scoveragePlugin"
		date="20181214115831"/>
	<dependencies>
		<module organisation="org.scala-lang" name="scala-compiler">
			<revision name="2.12.6" status="release" pubdate="20180427054227" resolver="sbt-chain" artresolver="sbt-chain" homepage="http://www.scala-lang.org/" downloaded="false" searched="false" default="false" conf="default, compile, runtime, optional, optional(default), master" position="1">
				<license name="BSD 3-Clause" url="http://www.scala-lang.org/license.html"/>
				<metadata-artifact status="no" details="" size="3089" time="0" location="/Users/hnajles/.ivy2/cache/org.scala-lang/scala-compiler/ivy-2.12.6.xml" searched="false" origin-is-local="false" origin-location="https://repo1.maven.org/maven2/org/scala-lang/scala-compiler/2.12.6/scala-compiler-2.12.6.pom"/>
				<caller organisation="test" name="als-suggestions$sources_2.12" conf="scala-tool" rev="2.12.6" rev-constraint-default="2.12.6" rev-constraint-dynamic="2.12.6" callerrev="0.5.5-SNAPSHOT"/>
				<artifacts>
					<artifact name="scala-compiler" type="src" ext="jar" extra-classifier="sources" status="no" details="" size="1836089" time="0" location="/Users/hnajles/.ivy2/cache/org.scala-lang/scala-compiler/srcs/scala-compiler-2.12.6-sources.jar">
						<origin-location is-local="false" location="https://repo1.maven.org/maven2/org/scala-lang/scala-compiler/2.12.6/scala-compiler-2.12.6-sources.jar"/>
					</artifact>
				</artifacts>
			</revision>
		</module>
		<module organisation="jline" name="jline">
			<revision name="2.14.6" status="release" pubdate="20180326061840" resolver="sbt-chain" artresolver="sbt-chain" homepage="" downloaded="false" searched="false" default="false" conf="compile, master(compile), compile(*), master" position="3">
				<license name="The BSD License" url="http://www.opensource.org/licenses/bsd-license.php"/>
				<metadata-artifact status="no" details="" size="5183" time="0" location="/Users/hnajles/.ivy2/cache/jline/jline/ivy-2.14.6.xml" searched="false" origin-is-local="false" origin-location="https://repo1.maven.org/maven2/jline/jline/2.14.6/jline-2.14.6.pom"/>
				<caller organisation="test" name="als-suggestions$sources_2.12" conf="scala-tool" rev="2.14.6" rev-constraint-default="2.14.6" rev-constraint-dynamic="2.14.6" callerrev="0.5.5-SNAPSHOT"/>
				<artifacts>
					<artifact name="jline" type="src" ext="jar" extra-classifier="sources" status="no" details="" size="110450" time="0" location="/Users/hnajles/.ivy2/cache/jline/jline/srcs/jline-2.14.6-sources.jar">
						<origin-location is-local="false" location="https://repo1.maven.org/maven2/jline/jline/2.14.6/jline-2.14.6-sources.jar"/>
					</artifact>
				</artifacts>
			</revision>
		</module>
		<module organisation="org.scala-lang.modules" name="scala-xml_2.12">
			<revision name="1.0.6" status="release" pubdate="20161101112105" resolver="sbt-chain" artresolver="sbt-chain" homepage="http://www.scala-lang.org/" downloaded="false" searched="false" default="false" conf="compile, runtime(*), master(compile), runtime, compile(*), master" position="2">
				<license name="BSD 3-clause" url="http://opensource.org/licenses/BSD-3-Clause"/>
				<metadata-artifact status="no" details="" size="3137" time="0" location="/Users/hnajles/.ivy2/cache/org.scala-lang.modules/scala-xml_2.12/ivy-1.0.6.xml" searched="false" origin-is-local="false" origin-location="https://repo1.maven.org/maven2/org/scala-lang/modules/scala-xml_2.12/1.0.6/scala-xml_2.12-1.0.6.pom"/>
				<caller organisation="test" name="als-suggestions$sources_2.12" conf="scala-tool" rev="1.0.6" rev-constraint-default="1.0.6" rev-constraint-dynamic="1.0.6" callerrev="0.5.5-SNAPSHOT"/>
				<artifacts>
					<artifact name="scala-xml_2.12" type="src" ext="jar" extra-classifier="sources" status="no" details="" size="109199" time="0" location="/Users/hnajles/.ivy2/cache/org.scala-lang.modules/scala-xml_2.12/srcs/scala-xml_2.12-1.0.6-sources.jar">
						<origin-location is-local="false" location="https://repo1.maven.org/maven2/org/scala-lang/modules/scala-xml_2.12/1.0.6/scala-xml_2.12-1.0.6-sources.jar"/>
					</artifact>
				</artifacts>
			</revision>
		</module>
		<module organisation="org.scala-lang" name="scala-reflect">
			<revision name="2.12.6" status="release" pubdate="20180427053633" resolver="sbt-chain" artresolver="sbt-chain" homepage="http://www.scala-lang.org/" extra-info.apiURL="http://www.scala-lang.org/api/2.12.6/" downloaded="false" searched="false" default="false" conf="compile, runtime(*), master(compile), runtime, compile(*), master" position="4">
				<license name="BSD 3-Clause" url="http://www.scala-lang.org/license.html"/>
				<metadata-artifact status="no" details="" size="2825" time="0" location="/Users/hnajles/.ivy2/cache/org.scala-lang/scala-reflect/ivy-2.12.6.xml" searched="false" origin-is-local="false" origin-location="https://repo1.maven.org/maven2/org/scala-lang/scala-reflect/2.12.6/scala-reflect-2.12.6.pom"/>
				<caller organisation="test" name="als-suggestions$sources_2.12" conf="scala-tool" rev="2.12.6" rev-constraint-default="2.12.6" rev-constraint-dynamic="2.12.6" callerrev="0.5.5-SNAPSHOT" extra-info.apiURL="http://www.scala-lang.org/api/2.12.6/"/>
				<artifacts>
					<artifact name="scala-reflect" type="src" ext="jar" extra-classifier="sources" status="no" details="" size="587933" time="0" location="/Users/hnajles/.ivy2/cache/org.scala-lang/scala-reflect/srcs/scala-reflect-2.12.6-sources.jar">
						<origin-location is-local="false" location="https://repo1.maven.org/maven2/org/scala-lang/scala-reflect/2.12.6/scala-reflect-2.12.6-sources.jar"/>
					</artifact>
				</artifacts>
			</revision>
		</module>
		<module organisation="org.scala-lang" name="scala-library">
			<revision name="2.12.6" status="release" pubdate="20180427054006" resolver="sbt-chain" artresolver="sbt-chain" homepage="http://www.scala-lang.org/" extra-info.apiURL="http://www.scala-lang.org/api/2.12.6/" downloaded="false" searched="false" default="false" conf="default, compile, runtime(*), master(compile), runtime, optional, optional(default), compile(*), master" position="0">
				<license name="BSD 3-Clause" url="http://www.scala-lang.org/license.html"/>
				<metadata-artifact status="no" details="" size="2653" time="0" location="/Users/hnajles/.ivy2/cache/org.scala-lang/scala-library/ivy-2.12.6.xml" searched="false" origin-is-local="false" origin-location="https://repo1.maven.org/maven2/org/scala-lang/scala-library/2.12.6/scala-library-2.12.6.pom"/>
				<caller organisation="test" name="als-suggestions$sources_2.12" conf="scala-tool" rev="2.12.6" rev-constraint-default="2.12.6" rev-constraint-dynamic="2.12.6" callerrev="0.5.5-SNAPSHOT" extra-info.apiURL="http://www.scala-lang.org/api/2.12.6/"/>
				<artifacts>
					<artifact name="scala-library" type="src" ext="jar" extra-classifier="sources" status="no" details="" size="992293" time="0" location="/Users/hnajles/.ivy2/cache/org.scala-lang/scala-library/srcs/scala-library-2.12.6-sources.jar">
						<origin-location is-local="false" location="https://repo1.maven.org/maven2/org/scala-lang/scala-library/2.12.6/scala-library-2.12.6-sources.jar"/>
					</artifact>
				</artifacts>
			</revision>
		</module>
	</dependencies>
</ivy-report>
