<?xml version="1.0" encoding="UTF-8"?>
<?xml-stylesheet type="text/xsl" href="ivy-report.xsl"?>
<ivy-report version="1.0">
	<info
		organisation="test"
		module="als-outline$sources_sjs0.6_2.12"
		revision="0.5.5-SNAPSHOT"
		conf="phantom-js-jetty"
		confs="compile, runtime, test, provided, optional, compile-internal, runtime-internal, test-internal, plugin, sources, docs, pom, scala-tool, phantom-js-jetty, scoveragePlugin"
		date="20181214115828"/>
	<dependencies>
		<module organisation="org.eclipse.jetty" name="jetty-websocket">
			<revision name="8.1.16.v20140903" status="release" pubdate="20140903150018" resolver="sbt-chain" artresolver="sbt-chain" homepage="http://www.eclipse.org/jetty" downloaded="false" searched="false" default="false" conf="default, compile, runtime, default(compile), master" position="2">
				<license name="Apache Software License - Version 2.0" url="http://www.apache.org/licenses/LICENSE-2.0"/>
				<license name="Eclipse Public License - Version 1.0" url="http://www.eclipse.org/org/documents/epl-v10.php"/>
				<metadata-artifact status="no" details="" size="8138" time="0" location="/Users/hnajles/.ivy2/cache/org.eclipse.jetty/jetty-websocket/ivy-8.1.16.v20140903.xml" searched="false" origin-is-local="false" origin-location="https://repo1.maven.org/maven2/org/eclipse/jetty/jetty-websocket/8.1.16.v20140903/jetty-websocket-8.1.16.v20140903.pom"/>
				<caller organisation="test" name="als-outline$sources_sjs0.6_2.12" conf="phantom-js-jetty" rev="8.1.16.v20140903" rev-constraint-default="8.1.16.v20140903" rev-constraint-dynamic="8.1.16.v20140903" callerrev="0.5.5-SNAPSHOT"/>
				<artifacts>
					<artifact name="jetty-websocket" type="src" ext="jar" extra-classifier="sources" status="no" details="" size="74977" time="0" location="/Users/hnajles/.ivy2/cache/org.eclipse.jetty/jetty-websocket/srcs/jetty-websocket-8.1.16.v20140903-sources.jar">
						<origin-location is-local="false" location="https://repo1.maven.org/maven2/org/eclipse/jetty/jetty-websocket/8.1.16.v20140903/jetty-websocket-8.1.16.v20140903-sources.jar"/>
					</artifact>
				</artifacts>
			</revision>
		</module>
		<module organisation="org.eclipse.jetty" name="jetty-server">
			<revision name="8.1.16.v20140903" status="release" pubdate="20140903145834" resolver="sbt-chain" artresolver="sbt-chain" homepage="http://www.eclipse.org/jetty" downloaded="false" searched="false" default="false" conf="default, compile, runtime, default(compile), master" position="3">
				<license name="Apache Software License - Version 2.0" url="http://www.apache.org/licenses/LICENSE-2.0"/>
				<license name="Eclipse Public License - Version 1.0" url="http://www.eclipse.org/org/documents/epl-v10.php"/>
				<metadata-artifact status="no" details="" size="8037" time="0" location="/Users/hnajles/.ivy2/cache/org.eclipse.jetty/jetty-server/ivy-8.1.16.v20140903.xml" searched="false" origin-is-local="false" origin-location="https://repo1.maven.org/maven2/org/eclipse/jetty/jetty-server/8.1.16.v20140903/jetty-server-8.1.16.v20140903.pom"/>
				<caller organisation="test" name="als-outline$sources_sjs0.6_2.12" conf="phantom-js-jetty" rev="8.1.16.v20140903" rev-constraint-default="8.1.16.v20140903" rev-constraint-dynamic="8.1.16.v20140903" callerrev="0.5.5-SNAPSHOT"/>
				<artifacts>
					<artifact name="jetty-server" type="src" ext="jar" extra-classifier="sources" status="no" details="" size="228365" time="0" location="/Users/hnajles/.ivy2/cache/org.eclipse.jetty/jetty-server/srcs/jetty-server-8.1.16.v20140903-sources.jar">
						<origin-location is-local="false" location="https://repo1.maven.org/maven2/org/eclipse/jetty/jetty-server/8.1.16.v20140903/jetty-server-8.1.16.v20140903-sources.jar"/>
					</artifact>
				</artifacts>
			</revision>
		</module>
		<module organisation="org.eclipse.jetty" name="jetty-http">
			<revision name="8.1.16.v20140903" status="release" pubdate="20140903145416" resolver="sbt-chain" artresolver="sbt-chain" homepage="http://www.eclipse.org/jetty" downloaded="false" searched="false" default="false" conf="compile, runtime(*), master(compile), runtime, compile(*), master" position="6">
				<license name="Apache Software License - Version 2.0" url="http://www.apache.org/licenses/LICENSE-2.0"/>
				<license name="Eclipse Public License - Version 1.0" url="http://www.eclipse.org/org/documents/epl-v10.php"/>
				<metadata-artifact status="no" details="" size="7476" time="0" location="/Users/hnajles/.ivy2/cache/org.eclipse.jetty/jetty-http/ivy-8.1.16.v20140903.xml" searched="false" origin-is-local="false" origin-location="https://repo1.maven.org/maven2/org/eclipse/jetty/jetty-http/8.1.16.v20140903/jetty-http-8.1.16.v20140903.pom"/>
				<caller organisation="test" name="als-outline$sources_sjs0.6_2.12" conf="phantom-js-jetty" rev="8.1.16.v20140903" rev-constraint-default="8.1.16.v20140903" rev-constraint-dynamic="8.1.16.v20140903" callerrev="0.5.5-SNAPSHOT"/>
				<artifacts>
					<artifact name="jetty-http" type="src" ext="jar" extra-classifier="sources" status="no" details="" size="67386" time="0" location="/Users/hnajles/.ivy2/cache/org.eclipse.jetty/jetty-http/srcs/jetty-http-8.1.16.v20140903-sources.jar">
						<origin-location is-local="false" location="https://repo1.maven.org/maven2/org/eclipse/jetty/jetty-http/8.1.16.v20140903/jetty-http-8.1.16.v20140903-sources.jar"/>
					</artifact>
				</artifacts>
			</revision>
		</module>
		<module organisation="org.eclipse.jetty" name="jetty-io">
			<revision name="8.1.16.v20140903" status="release" pubdate="20140903145349" resolver="sbt-chain" artresolver="sbt-chain" homepage="http://www.eclipse.org/jetty" downloaded="false" searched="false" default="false" conf="compile, runtime(*), master(compile), runtime, compile(*), master" position="1">
				<license name="Apache Software License - Version 2.0" url="http://www.apache.org/licenses/LICENSE-2.0"/>
				<license name="Eclipse Public License - Version 1.0" url="http://www.eclipse.org/org/documents/epl-v10.php"/>
				<metadata-artifact status="no" details="" size="7332" time="0" location="/Users/hnajles/.ivy2/cache/org.eclipse.jetty/jetty-io/ivy-8.1.16.v20140903.xml" searched="false" origin-is-local="false" origin-location="https://repo1.maven.org/maven2/org/eclipse/jetty/jetty-io/8.1.16.v20140903/jetty-io-8.1.16.v20140903.pom"/>
				<caller organisation="test" name="als-outline$sources_sjs0.6_2.12" conf="phantom-js-jetty" rev="8.1.16.v20140903" rev-constraint-default="8.1.16.v20140903" rev-constraint-dynamic="8.1.16.v20140903" callerrev="0.5.5-SNAPSHOT"/>
				<artifacts>
					<artifact name="jetty-io" type="src" ext="jar" extra-classifier="sources" status="no" details="" size="69316" time="0" location="/Users/hnajles/.ivy2/cache/org.eclipse.jetty/jetty-io/srcs/jetty-io-8.1.16.v20140903-sources.jar">
						<origin-location is-local="false" location="https://repo1.maven.org/maven2/org/eclipse/jetty/jetty-io/8.1.16.v20140903/jetty-io-8.1.16.v20140903-sources.jar"/>
					</artifact>
				</artifacts>
			</revision>
		</module>
		<module organisation="org.eclipse.jetty" name="jetty-util">
			<revision name="8.1.16.v20140903" status="release" pubdate="20140903145253" resolver="sbt-chain" artresolver="sbt-chain" homepage="http://www.eclipse.org/jetty" downloaded="false" searched="false" default="false" conf="compile, runtime(*), master(compile), runtime, compile(*), master" position="4">
				<license name="Apache Software License - Version 2.0" url="http://www.apache.org/licenses/LICENSE-2.0"/>
				<license name="Eclipse Public License - Version 1.0" url="http://www.eclipse.org/org/documents/epl-v10.php"/>
				<metadata-artifact status="no" details="" size="7708" time="0" location="/Users/hnajles/.ivy2/cache/org.eclipse.jetty/jetty-util/ivy-8.1.16.v20140903.xml" searched="false" origin-is-local="false" origin-location="https://repo1.maven.org/maven2/org/eclipse/jetty/jetty-util/8.1.16.v20140903/jetty-util-8.1.16.v20140903.pom"/>
				<caller organisation="test" name="als-outline$sources_sjs0.6_2.12" conf="phantom-js-jetty" rev="8.1.16.v20140903" rev-constraint-default="8.1.16.v20140903" rev-constraint-dynamic="8.1.16.v20140903" callerrev="0.5.5-SNAPSHOT"/>
				<artifacts>
					<artifact name="jetty-util" type="src" ext="jar" extra-classifier="sources" status="no" details="" size="196507" time="0" location="/Users/hnajles/.ivy2/cache/org.eclipse.jetty/jetty-util/srcs/jetty-util-8.1.16.v20140903-sources.jar">
						<origin-location is-local="false" location="https://repo1.maven.org/maven2/org/eclipse/jetty/jetty-util/8.1.16.v20140903/jetty-util-8.1.16.v20140903-sources.jar"/>
					</artifact>
				</artifacts>
			</revision>
		</module>
		<module organisation="org.eclipse.jetty" name="jetty-continuation">
			<revision name="8.1.16.v20140903" status="release" pubdate="20140903145443" resolver="sbt-chain" artresolver="sbt-chain" homepage="http://www.eclipse.org/jetty" downloaded="false" searched="false" default="false" conf="compile, runtime(*), master(compile), runtime, compile(*), master" position="0">
				<license name="Apache Software License - Version 2.0" url="http://www.apache.org/licenses/LICENSE-2.0"/>
				<license name="Eclipse Public License - Version 1.0" url="http://www.eclipse.org/org/documents/epl-v10.php"/>
				<metadata-artifact status="no" details="" size="7425" time="0" location="/Users/hnajles/.ivy2/cache/org.eclipse.jetty/jetty-continuation/ivy-8.1.16.v20140903.xml" searched="false" origin-is-local="false" origin-location="https://repo1.maven.org/maven2/org/eclipse/jetty/jetty-continuation/8.1.16.v20140903/jetty-continuation-8.1.16.v20140903.pom"/>
				<caller organisation="test" name="als-outline$sources_sjs0.6_2.12" conf="phantom-js-jetty" rev="8.1.16.v20140903" rev-constraint-default="8.1.16.v20140903" rev-constraint-dynamic="8.1.16.v20140903" callerrev="0.5.5-SNAPSHOT"/>
				<artifacts>
					<artifact name="jetty-continuation" type="src" ext="jar" extra-classifier="sources" status="no" details="" size="17552" time="0" location="/Users/hnajles/.ivy2/cache/org.eclipse.jetty/jetty-continuation/srcs/jetty-continuation-8.1.16.v20140903-sources.jar">
						<origin-location is-local="false" location="https://repo1.maven.org/maven2/org/eclipse/jetty/jetty-continuation/8.1.16.v20140903/jetty-continuation-8.1.16.v20140903-sources.jar"/>
					</artifact>
				</artifacts>
			</revision>
		</module>
		<module organisation="org.eclipse.jetty.orbit" name="javax.servlet">
			<revision name="3.0.0.v201112011016" status="release" pubdate="20111207164915" resolver="sbt-chain" artresolver="sbt-chain" homepage="" downloaded="false" searched="false" default="false" conf="compile, runtime(*), master(compile), runtime, compile(*), master" position="5">
				<license name="Apache Software License - Version 2.0" url="http://www.apache.org/licenses/LICENSE-2.0"/>
				<license name="Eclipse Public License - Version 1.0" url="http://www.eclipse.org/org/documents/epl-v10.php"/>
				<metadata-artifact status="no" details="" size="3375" time="0" location="/Users/hnajles/.ivy2/cache/org.eclipse.jetty.orbit/javax.servlet/ivy-3.0.0.v201112011016.xml" searched="false" origin-is-local="false" origin-location="https://repo1.maven.org/maven2/org/eclipse/jetty/orbit/javax.servlet/3.0.0.v201112011016/javax.servlet-3.0.0.v201112011016.pom"/>
				<caller organisation="test" name="als-outline$sources_sjs0.6_2.12" conf="phantom-js-jetty" rev="3.0.0.v201112011016" rev-constraint-default="3.0.0.v201112011016" rev-constraint-dynamic="3.0.0.v201112011016" callerrev="0.5.5-SNAPSHOT"/>
				<artifacts>
					<artifact name="javax.servlet" type="src" ext="jar" extra-classifier="sources" status="no" details="" size="329333" time="0" location="/Users/hnajles/.ivy2/cache/org.eclipse.jetty.orbit/javax.servlet/srcs/javax.servlet-3.0.0.v201112011016-sources.jar">
						<origin-location is-local="false" location="https://repo1.maven.org/maven2/org/eclipse/jetty/orbit/javax.servlet/3.0.0.v201112011016/javax.servlet-3.0.0.v201112011016-sources.jar"/>
					</artifact>
				</artifacts>
			</revision>
		</module>
	</dependencies>
</ivy-report>
