<?xml version="1.0" encoding="UTF-8"?>
<?xml-stylesheet type="text/xsl" href="ivy-report.xsl"?>
<ivy-report version="1.0">
	<info
		organisation="test"
		module="als-outline$sources_sjs0.6_2.12"
		revision="0.5.5-SNAPSHOT"
		conf="runtime-internal"
		confs="compile, runtime, test, provided, optional, compile-internal, runtime-internal, test-internal, plugin, sources, docs, pom, scala-tool, phantom-js-jetty, scoveragePlugin"
		date="20181214115828"/>
	<dependencies>
		<module organisation="test" name="als-hl_sjs0.6_2.12">
			<revision name="0.5.5-SNAPSHOT" status="integration" pubdate="20181214115040" resolver="inter-project" artresolver="inter-project" downloaded="false" searched="false" default="false" conf="compile, default(compile)" position="10">
				<metadata-artifact status="failed" details="" size="0" time="0" searched="false"/>
				<caller organisation="test" name="als-outline$sources_sjs0.6_2.12" conf="compile, runtime-internal, runtime, optional" rev="0.5.5-SNAPSHOT" rev-constraint-default="0.5.5-SNAPSHOT" rev-constraint-dynamic="0.5.5-SNAPSHOT" callerrev="0.5.5-SNAPSHOT"/>
				<artifacts>
				</artifacts>
			</revision>
		</module>
		<module organisation="org.mule.syaml" name="syaml_sjs0.6_2.12">
			<revision name="0.6.2" status="release" pubdate="20181204162814" resolver="sbt-chain" artresolver="sbt-chain" homepage="" downloaded="false" searched="false" default="false" conf="default, compile, runtime(*), master(compile), runtime, default(compile), compile(*), master" position="9">
				<metadata-artifact status="no" details="" size="3114" time="0" location="/Users/hnajles/.ivy2/cache/org.mule.syaml/syaml_sjs0.6_2.12/ivy-0.6.2.xml" searched="false" origin-is-local="false" origin-location="https://repository-master.mulesoft.org/nexus/content/repositories/releases/org/mule/syaml/syaml_sjs0.6_2.12/0.6.2/syaml_sjs0.6_2.12-0.6.2.pom"/>
				<caller organisation="test" name="als-outline$sources_sjs0.6_2.12" conf="compile, runtime-internal, runtime, optional" rev="0.6.2" rev-constraint-default="0.6.2" rev-constraint-dynamic="0.6.2" callerrev="0.5.5-SNAPSHOT"/>
				<artifacts>
					<artifact name="syaml_sjs0.6_2.12" type="src" ext="jar" extra-classifier="sources" status="no" details="" size="62085" time="0" location="/Users/hnajles/.ivy2/cache/org.mule.syaml/syaml_sjs0.6_2.12/srcs/syaml_sjs0.6_2.12-0.6.2-sources.jar">
						<origin-location is-local="false" location="https://repository-master.mulesoft.org/nexus/content/repositories/releases/org/mule/syaml/syaml_sjs0.6_2.12/0.6.2/syaml_sjs0.6_2.12-0.6.2-sources.jar"/>
					</artifact>
				</artifacts>
			</revision>
		</module>
		<module organisation="com.lihaoyi" name="upickle_sjs0.6_2.12">
			<revision name="0.5.1" status="release" pubdate="20171217023759" resolver="sbt-chain" artresolver="sbt-chain" homepage="https://github.com/lihaoyi/upickle" downloaded="false" searched="false" default="false" conf="default, compile, runtime, default(compile), master" position="8">
				<license name="MIT license" url="http://www.opensource.org/licenses/mit-license.php"/>
				<metadata-artifact status="no" details="" size="3678" time="0" location="/Users/hnajles/.ivy2/cache/com.lihaoyi/upickle_sjs0.6_2.12/ivy-0.5.1.xml" searched="false" origin-is-local="false" origin-location="https://repo1.maven.org/maven2/com/lihaoyi/upickle_sjs0.6_2.12/0.5.1/upickle_sjs0.6_2.12-0.5.1.pom"/>
				<caller organisation="test" name="als-outline$sources_sjs0.6_2.12" conf="compile, runtime-internal, runtime, optional" rev="0.5.1" rev-constraint-default="0.5.1" rev-constraint-dynamic="0.5.1" callerrev="0.5.5-SNAPSHOT"/>
				<artifacts>
					<artifact name="upickle_sjs0.6_2.12" type="src" ext="jar" extra-classifier="sources" status="no" details="" size="14808" time="0" location="/Users/hnajles/.ivy2/cache/com.lihaoyi/upickle_sjs0.6_2.12/srcs/upickle_sjs0.6_2.12-0.5.1-sources.jar">
						<origin-location is-local="false" location="https://repo1.maven.org/maven2/com/lihaoyi/upickle_sjs0.6_2.12/0.5.1/upickle_sjs0.6_2.12-0.5.1-sources.jar"/>
					</artifact>
				</artifacts>
			</revision>
		</module>
		<module organisation="org.mule.common" name="scala-common_sjs0.6_2.12">
			<revision name="0.4.0" status="release" pubdate="20181101163402" resolver="sbt-chain" artresolver="sbt-chain" homepage="" downloaded="false" searched="false" default="false" conf="default, compile, runtime(*), master(compile), runtime, default(compile), compile(*), master" position="6">
				<metadata-artifact status="no" details="" size="3108" time="0" location="/Users/hnajles/.ivy2/cache/org.mule.common/scala-common_sjs0.6_2.12/ivy-0.4.0.xml" searched="false" origin-is-local="false" origin-location="https://repository-master.mulesoft.org/nexus/content/repositories/releases/org/mule/common/scala-common_sjs0.6_2.12/0.4.0/scala-common_sjs0.6_2.12-0.4.0.pom"/>
				<caller organisation="test" name="als-outline$sources_sjs0.6_2.12" conf="compile, runtime-internal, runtime, optional" rev="0.4.0" rev-constraint-default="0.4.0" rev-constraint-dynamic="0.4.0" callerrev="0.5.5-SNAPSHOT"/>
				<artifacts>
					<artifact name="scala-common_sjs0.6_2.12" type="src" ext="jar" extra-classifier="sources" status="no" details="" size="21534" time="0" location="/Users/hnajles/.ivy2/cache/org.mule.common/scala-common_sjs0.6_2.12/srcs/scala-common_sjs0.6_2.12-0.4.0-sources.jar">
						<origin-location is-local="false" location="https://repository-master.mulesoft.org/nexus/content/repositories/releases/org/mule/common/scala-common_sjs0.6_2.12/0.4.0/scala-common_sjs0.6_2.12-0.4.0-sources.jar"/>
					</artifact>
				</artifacts>
			</revision>
		</module>
		<module organisation="com.github.scopt" name="scopt_sjs0.6_2.12">
			<revision name="3.7.0" status="release" pubdate="20170825062652" resolver="sbt-chain" artresolver="sbt-chain" homepage="https://github.com/scopt/scopt" downloaded="false" searched="false" default="false" conf="compile, runtime(*), master(compile), runtime, compile(*), master" position="5">
				<license name="MIT License" url="http://www.opensource.org/licenses/mit-license.php"/>
				<metadata-artifact status="no" details="" size="3103" time="0" location="/Users/hnajles/.ivy2/cache/com.github.scopt/scopt_sjs0.6_2.12/ivy-3.7.0.xml" searched="false" origin-is-local="false" origin-location="https://repo1.maven.org/maven2/com/github/scopt/scopt_sjs0.6_2.12/3.7.0/scopt_sjs0.6_2.12-3.7.0.pom"/>
				<caller organisation="test" name="als-outline$sources_sjs0.6_2.12" conf="compile, runtime-internal, runtime, optional" rev="3.7.0" rev-constraint-default="3.7.0" rev-constraint-dynamic="3.7.0" callerrev="0.5.5-SNAPSHOT"/>
				<artifacts>
					<artifact name="scopt_sjs0.6_2.12" type="src" ext="jar" extra-classifier="sources" status="no" details="" size="8724" time="0" location="/Users/hnajles/.ivy2/cache/com.github.scopt/scopt_sjs0.6_2.12/srcs/scopt_sjs0.6_2.12-3.7.0-sources.jar">
						<origin-location is-local="false" location="https://repo1.maven.org/maven2/com/github/scopt/scopt_sjs0.6_2.12/3.7.0/scopt_sjs0.6_2.12-3.7.0-sources.jar"/>
					</artifact>
				</artifacts>
			</revision>
		</module>
		<module organisation="org.scala-js" name="scalajs-dom_sjs0.6_2.12">
			<revision name="0.9.2" status="release" pubdate="20170506142914" resolver="sbt-chain" artresolver="sbt-chain" homepage="http://scala-js.org/" downloaded="false" searched="false" default="false" conf="default, compile, runtime(*), master(compile), runtime, default(compile), compile(*), master" position="4">
				<license name="MIT" url="http://opensource.org/licenses/mit-license.php"/>
				<metadata-artifact status="no" details="" size="2941" time="0" location="/Users/hnajles/.ivy2/cache/org.scala-js/scalajs-dom_sjs0.6_2.12/ivy-0.9.2.xml" searched="false" origin-is-local="false" origin-location="https://repo1.maven.org/maven2/org/scala-js/scalajs-dom_sjs0.6_2.12/0.9.2/scalajs-dom_sjs0.6_2.12-0.9.2.pom"/>
				<caller organisation="test" name="als-outline$sources_sjs0.6_2.12" conf="compile, runtime-internal, runtime, optional" rev="0.9.2" rev-constraint-default="0.9.2" rev-constraint-dynamic="0.9.2" callerrev="0.5.5-SNAPSHOT"/>
				<artifacts>
					<artifact name="scalajs-dom_sjs0.6_2.12" type="src" ext="jar" extra-classifier="sources" status="no" details="" size="216595" time="0" location="/Users/hnajles/.ivy2/cache/org.scala-js/scalajs-dom_sjs0.6_2.12/srcs/scalajs-dom_sjs0.6_2.12-0.9.2-sources.jar">
						<origin-location is-local="false" location="https://repo1.maven.org/maven2/org/scala-js/scalajs-dom_sjs0.6_2.12/0.9.2/scalajs-dom_sjs0.6_2.12-0.9.2-sources.jar"/>
					</artifact>
				</artifacts>
			</revision>
		</module>
		<module organisation="com.lihaoyi" name="sourcecode_sjs0.6_2.12">
			<revision name="0.1.3" status="release" pubdate="20161031153300" resolver="sbt-chain" artresolver="sbt-chain" homepage="https://github.com/lihaoyi/sourcecode" downloaded="false" searched="false" default="false" conf="compile, runtime(*), master(compile), runtime, compile(*), master" position="3">
				<license name="MIT license" url="http://www.opensource.org/licenses/mit-license.php"/>
				<metadata-artifact status="no" details="" size="3268" time="0" location="/Users/hnajles/.ivy2/cache/com.lihaoyi/sourcecode_sjs0.6_2.12/ivy-0.1.3.xml" searched="false" origin-is-local="false" origin-location="https://repo1.maven.org/maven2/com/lihaoyi/sourcecode_sjs0.6_2.12/0.1.3/sourcecode_sjs0.6_2.12-0.1.3.pom"/>
				<caller organisation="test" name="als-outline$sources_sjs0.6_2.12" conf="compile, runtime-internal, runtime, optional" rev="0.1.3" rev-constraint-default="0.1.3" rev-constraint-dynamic="0.1.3" callerrev="0.5.5-SNAPSHOT"/>
				<artifacts>
					<artifact name="sourcecode_sjs0.6_2.12" type="src" ext="jar" extra-classifier="sources" status="no" details="" size="2593" time="0" location="/Users/hnajles/.ivy2/cache/com.lihaoyi/sourcecode_sjs0.6_2.12/srcs/sourcecode_sjs0.6_2.12-0.1.3-sources.jar">
						<origin-location is-local="false" location="https://repo1.maven.org/maven2/com/lihaoyi/sourcecode_sjs0.6_2.12/0.1.3/sourcecode_sjs0.6_2.12-0.1.3-sources.jar"/>
					</artifact>
				</artifacts>
			</revision>
		</module>
		<module organisation="com.chuusai" name="shapeless_2.12">
			<revision name="2.3.3" status="release" pubdate="20171231115153" resolver="sbt-chain" artresolver="sbt-chain" homepage="https://github.com/milessabin/shapeless" downloaded="false" searched="false" default="false" conf="default, compile, runtime, default(compile), master" position="2">
				<license name="Apache 2" url="http://www.apache.org/licenses/LICENSE-2.0.txt"/>
				<metadata-artifact status="no" details="" size="3230" time="0" location="/Users/hnajles/.ivy2/cache/com.chuusai/shapeless_2.12/ivy-2.3.3.xml" searched="false" origin-is-local="false" origin-location="https://repo1.maven.org/maven2/com/chuusai/shapeless_2.12/2.3.3/shapeless_2.12-2.3.3.pom"/>
				<caller organisation="test" name="als-outline$sources_sjs0.6_2.12" conf="compile, runtime-internal, runtime, optional" rev="2.3.3" rev-constraint-default="2.3.3" rev-constraint-dynamic="2.3.3" callerrev="0.5.5-SNAPSHOT"/>
				<artifacts>
					<artifact name="shapeless_2.12" type="src" ext="jar" extra-classifier="sources" status="no" details="" size="172402" time="0" location="/Users/hnajles/.ivy2/cache/com.chuusai/shapeless_2.12/srcs/shapeless_2.12-2.3.3-sources.jar">
						<origin-location is-local="false" location="https://repo1.maven.org/maven2/com/chuusai/shapeless_2.12/2.3.3/shapeless_2.12-2.3.3-sources.jar"/>
					</artifact>
				</artifacts>
			</revision>
		</module>
		<module organisation="org.typelevel" name="macro-compat_2.12">
			<revision name="1.1.1" status="release" pubdate="20161102054258" resolver="sbt-chain" artresolver="sbt-chain" homepage="https://github.com/milessabin/macro-compat" downloaded="false" searched="false" default="false" conf="compile, runtime(*), master(compile), runtime, compile(*), master" position="7">
				<license name="Apache 2" url="http://www.apache.org/licenses/LICENSE-2.0.txt"/>
				<metadata-artifact status="no" details="" size="2964" time="0" location="/Users/hnajles/.ivy2/cache/org.typelevel/macro-compat_2.12/ivy-1.1.1.xml" searched="false" origin-is-local="false" origin-location="https://repo1.maven.org/maven2/org/typelevel/macro-compat_2.12/1.1.1/macro-compat_2.12-1.1.1.pom"/>
				<caller organisation="test" name="als-outline$sources_sjs0.6_2.12" conf="compile, runtime-internal, runtime, optional" rev="1.1.1" rev-constraint-default="1.1.1" rev-constraint-dynamic="1.1.1" callerrev="0.5.5-SNAPSHOT"/>
				<artifacts>
					<artifact name="macro-compat_2.12" type="src" ext="jar" extra-classifier="sources" status="no" details="" size="1052" time="0" location="/Users/hnajles/.ivy2/cache/org.typelevel/macro-compat_2.12/srcs/macro-compat_2.12-1.1.1-sources.jar">
						<origin-location is-local="false" location="https://repo1.maven.org/maven2/org/typelevel/macro-compat_2.12/1.1.1/macro-compat_2.12-1.1.1-sources.jar"/>
					</artifact>
				</artifacts>
			</revision>
		</module>
		<module organisation="org.scala-js" name="scalajs-library_2.12">
			<revision name="0.6.25" status="release" pubdate="20180831090204" resolver="sbt-chain" artresolver="sbt-chain" homepage="http://scala-js.org/" extra-info.apiURL="http://www.scala-js.org/api/scalajs-library/0.6.25/" downloaded="false" searched="false" default="false" conf="default, compile, runtime(*), master(compile), runtime, default(compile), compile(*), master" position="0">
				<license name="BSD New" url="https://github.com/scala-js/scala-js/blob/master/LICENSE"/>
				<metadata-artifact status="no" details="" size="2996" time="0" location="/Users/hnajles/.ivy2/cache/org.scala-js/scalajs-library_2.12/ivy-0.6.25.xml" searched="false" origin-is-local="false" origin-location="https://repo1.maven.org/maven2/org/scala-js/scalajs-library_2.12/0.6.25/scalajs-library_2.12-0.6.25.pom"/>
				<caller organisation="test" name="als-outline$sources_sjs0.6_2.12" conf="compile, runtime-internal, runtime, optional" rev="0.6.25" rev-constraint-default="0.6.25" rev-constraint-dynamic="0.6.25" callerrev="0.5.5-SNAPSHOT" extra-info.apiURL="http://www.scala-js.org/api/scalajs-library/0.6.25/"/>
				<artifacts>
					<artifact name="scalajs-library_2.12" type="src" ext="jar" extra-classifier="sources" status="no" details="" size="152368" time="0" location="/Users/hnajles/.ivy2/cache/org.scala-js/scalajs-library_2.12/srcs/scalajs-library_2.12-0.6.25-sources.jar">
						<origin-location is-local="false" location="https://repo1.maven.org/maven2/org/scala-js/scalajs-library_2.12/0.6.25/scalajs-library_2.12-0.6.25-sources.jar"/>
					</artifact>
				</artifacts>
			</revision>
		</module>
		<module organisation="org.scala-lang" name="scala-library">
			<revision name="2.12.6" status="release" pubdate="20180427054006" resolver="sbt-chain" artresolver="sbt-chain" homepage="http://www.scala-lang.org/" extra-info.apiURL="http://www.scala-lang.org/api/2.12.6/" downloaded="false" searched="false" default="false" conf="default, compile, runtime(*), master(compile), runtime, default(compile), compile(*), master" position="1">
				<license name="BSD 3-Clause" url="http://www.scala-lang.org/license.html"/>
				<metadata-artifact status="no" details="" size="2653" time="0" location="/Users/hnajles/.ivy2/cache/org.scala-lang/scala-library/ivy-2.12.6.xml" searched="false" origin-is-local="false" origin-location="https://repo1.maven.org/maven2/org/scala-lang/scala-library/2.12.6/scala-library-2.12.6.pom"/>
				<caller organisation="test" name="als-outline$sources_sjs0.6_2.12" conf="compile, runtime-internal, runtime, optional" rev="2.12.6" rev-constraint-default="2.12.6" rev-constraint-dynamic="2.12.6" callerrev="0.5.5-SNAPSHOT" extra-info.apiURL="http://www.scala-lang.org/api/2.12.6/"/>
				<artifacts>
					<artifact name="scala-library" type="src" ext="jar" extra-classifier="sources" status="no" details="" size="992293" time="0" location="/Users/hnajles/.ivy2/cache/org.scala-lang/scala-library/srcs/scala-library-2.12.6-sources.jar">
						<origin-location is-local="false" location="https://repo1.maven.org/maven2/org/scala-lang/scala-library/2.12.6/scala-library-2.12.6-sources.jar"/>
					</artifact>
				</artifacts>
			</revision>
		</module>
	</dependencies>
</ivy-report>
